<?xml version="1.0" encoding="utf-8"?>
<TestRun id="5a7fed02-323f-498a-abce-7b2a49653f8e" name="LECG Arquitectura@DESKTOP-1FAV1F2 2026-09-08 23:46:56" runUser="DESKTOP-1FAV1F2\LECG Arquitectura" xmlns="http://microsoft.com/schemas/VisualStudio/TeamTest/2010">
  <Times creation="2026-09-08T23:46:56.2634274-06:00" queuing="2026-09-08T23:46:56.2634277-06:00" start="2026-09-08T23:46:01.9914748-06:00" finish="2026-09-08T23:46:57.1224723-06:00" />
  <TestSettings name="default" id="e3d6c4b8-b4dc-4bc8-9661-bc833a9e1de3">
    <Deployment runDeploymentRoot="LECG_Arquitectura_DESKTOP-1FAV1F2_2026-09-08_23_46_56" />
  </TestSettings>
  <Results>
    <UnitTestResult executionId="100e0410-8226-4961-a1a2-63b22c657379" testId="02db912e-e88d-aeac-9e89-c096d731d8e3" testName="ProbePersistence" computerName="DESKTOP-1FAV1F2" duration="00:00:17.7730099" startTime="2026-09-08T23:46:54.7602484-06:00" endTime="2026-09-08T23:46:54.7602727-06:00" testType="13cdc9d9-ddb5-4fa4-a97d-d965ccfc6d4b" outcome="Passed" testListId="8c84fa94-04c1-424b-9868-57a2d4851a1d" relativeResultsDirectory="100e0410-8226-4961-a1a2-63b22c657379">
      <Output></Output>
    </UnitTestResult>
  </Results>
  <TestDefinitions>
    <UnitTest name="ProbePersistence" storage="c:\lecg\revitaddins\lecg\tools\settervalidationprobe\bin\x64\debug\net10.0-windows\settervalidationprobe.dll" id="02db912e-e88d-aeac-9e89-c096d731d8e3">
      <Execution id="100e0410-8226-4961-a1a2-63b22c657379" />
      <TestMethod codeBase="C:\LECG\RevitAddins\LECG\tools\SetterValidationProbe\bin\x64\Debug\net10.0-windows\SetterValidationProbe.dll" adapterTypeName="executor://ricaun.revittest.testexecutor/v1" className="LECG.SetterValidationProbe.AutomaticPersistenceProbe" name="ProbePersistence" />
    </UnitTest>
  </TestDefinitions>
  <TestEntries>
    <TestEntry testId="02db912e-e88d-aeac-9e89-c096d731d8e3" executionId="100e0410-8226-4961-a1a2-63b22c657379" testListId="8c84fa94-04c1-424b-9868-57a2d4851a1d" />
  </TestEntries>
  <TestLists>
    <TestList name="Results Not in a List" id="8c84fa94-04c1-424b-9868-57a2d4851a1d" />
    <TestList name="All Loaded Results" id="19431567-8539-422a-85d7-44ee4e166bda" />
  </TestLists>
  <ResultSummary outcome="Completed">
    <Counters total="1" executed="1" passed="1" failed="0" error="0" timeout="0" aborted="0" inconclusive="0" passedButRunAborted="0" notRunnable="0" notExecuted="0" disconnected="0" warning="0" completed="0" inProgress="0" pending="0" />
    <Output>
      <StdOut>TestAdapter: ricaun.RevitTest.TestAdapter 	1.11.1 	[Net Core]&#xD;
RunTest: C:\LECG\RevitAddins\LECG\tools\SetterValidationProbe\bin\x64\Debug\net10.0-windows\SetterValidationProbe.dll [TestCase: 1]&#xD;
Test: LECG.SetterValidationProbe.AutomaticPersistenceProbe.ProbePersistence.ProbePersistence&#xD;
Metadata: NUnit.Version 	 2026&#xD;
Metadata: NUnit.Open 	 true&#xD;
Metadata: NUnit.Close 	 true&#xD;
Metadata: NUnit.Timeout 	 45&#xD;
Metadata: NUnit.Verbosity 	 2&#xD;
AdapterSettings: {"NUnit":{"Version":"2026","Language":null,"Open":true,"Close":true,"Timeout":45.0,"Verbosity":2,"Application":null,"Metadata":true}}&#xD;
---------&#xD;
RevitTestConsole: &#xD;
---------&#xD;
Application: ricaun.RevitTest.Console.zip&#xD;
Application Download: ricaun.RevitTest.Console.zip&#xD;
Application Process: ricaun.RevitTest.Console.exe 1.11.1&#xD;
Application: ricaun.RevitTest.Console.exe&#xD;
Application: File Signed by ricaun Ltda [Verokey]&#xD;
Application: ricaun.RevitTest.Console.exe is trusted.&#xD;
	TestFilter: LECG.SetterValidationProbe.AutomaticPersistenceProbe.ProbePersistence.ProbePersistence&#xD;
RunRevitTest: C:\LECG\RevitAddins\LECG\tools\SetterValidationProbe\bin\x64\Debug\net10.0-windows\SetterValidationProbe.dll [Version: 2026] [TestFilter: 1]&#xD;
OutputConsole:  -------------------------------&#xD;
OutputConsole:  ricaun.RevitTest.Command 1.11.1 [Net Core] [ricaun.NUnit 1.5.0 3.13.3]&#xD;
OutputConsole:  -------------------------------&#xD;
OutputConsole:  Revit 2026&#xD;
OutputConsole:  Revit 2026: Start /language ENU &#xD;
OutputConsole:  Revit 2026: ricaun.RevitTest.Application 1.11.1 [ricaun.NUnit 1.5.0 3.13.3]&#xD;
OutputConsole:  Revit 2026: TestFile: SetterValidationProbe.dll TestFilters:["LECG.SetterValidationProbe.AutomaticPersistenceProbe.ProbePersistence.ProbePersistence"]&#xD;
OutputConsole:  Revit 2026: 17773.01 	 ProbePersistence	 Passed	 &#xD;
	TestCase: LECG.SetterValidationProbe.AutomaticPersistenceProbe.ProbePersistence [ProbePersistence] 	02db912e-e88d-aeac-9e89-c096d731d8e3&#xD;
OutputConsole:  Revit 2026: 17925.35 	 SetterValidationProbe 1 True 100% 17925.35ms&#xD;
OutputConsole:  Revit 2026: Tests Finished&#xD;
OutputConsole:  Revit 2026: Exited&#xD;
OutputConsole:  Revit 2026: Finish&#xD;
Dispose: ricaun.RevitTest.Console.exe&#xD;
---------&#xD;
</StdOut>
    </Output>
  </ResultSummary>
</TestRun>