<?xml version="1.0" encoding="utf-8"?>
<TestRun id="d1e291a0-a80b-43de-a575-6b4439a848ec" name="LECG Arquitectura@DESKTOP-1FAV1F2 2026-09-08 23:00:52" runUser="DESKTOP-1FAV1F2\LECG Arquitectura" xmlns="http://microsoft.com/schemas/VisualStudio/TeamTest/2010">
  <Times creation="2026-09-08T23:00:52.2003922-06:00" queuing="2026-09-08T23:00:52.2003923-06:00" start="2026-09-08T22:59:50.5286258-06:00" finish="2026-09-08T23:00:52.2006715-06:00" />
  <TestSettings name="default" id="3efeefbf-b79b-439f-89de-8aa03bbf344f">
    <Deployment runDeploymentRoot="LECG_Arquitectura_DESKTOP-1FAV1F2_2026-09-08_23_00_52" />
  </TestSettings>
  <TestLists>
    <TestList name="Results Not in a List" id="8c84fa94-04c1-424b-9868-57a2d4851a1d" />
    <TestList name="All Loaded Results" id="19431567-8539-422a-85d7-44ee4e166bda" />
  </TestLists>
  <ResultSummary outcome="Completed">
    <Counters total="0" executed="0" passed="0" failed="0" error="0" timeout="0" aborted="0" inconclusive="0" passedButRunAborted="0" notRunnable="0" notExecuted="0" disconnected="0" warning="0" completed="0" inProgress="0" pending="0" />
    <Output>
      <StdOut>TestAdapter: ricaun.RevitTest.TestAdapter 	1.11.1 	[Net Core]&#xD;
RunTest: C:\LECG\RevitAddins\LECG\tools\SetterValidationProbe\bin\x64\Debug\net10.0-windows\SetterValidationProbe.dll [TestCase: 8]&#xD;
Test: LECG.SetterValidationProbe.ChangedValuePilot.RecordsChangedValueAndRestoration.RecordsChangedValueAndRestoration("Electrical.CableType.ConductorMaterial")&#xD;
Test: LECG.SetterValidationProbe.ChangedValuePilot.RecordsChangedValueAndRestoration.RecordsChangedValueAndRestoration("Electrical.ElectricalSystem.CircuitConnectionType")&#xD;
Test: LECG.SetterValidationProbe.ChangedValuePilot.RecordsChangedValueAndRestoration.RecordsChangedValueAndRestoration("Material.CutBackgroundPatternId")&#xD;
Test: LECG.SetterValidationProbe.ChangedValuePilot.RecordsChangedValueAndRestoration.RecordsChangedValueAndRestoration("Plumbing.PipingSystemType.FluidTemperature")&#xD;
Test: LECG.SetterValidationProbe.ChangedValuePilot.RecordsChangedValueAndRestoration.RecordsChangedValueAndRestoration("ReferencePlane.BubbleEnd")&#xD;
Test: LECG.SetterValidationProbe.ChangedValuePilot.RecordsChangedValueAndRestoration.RecordsChangedValueAndRestoration("Structure.LoadCase.Number")&#xD;
Test: LECG.SetterValidationProbe.ChangedValuePilot.RecordsChangedValueAndRestoration.RecordsChangedValueAndRestoration("TextElement.Text")&#xD;
Test: LECG.SetterValidationProbe.ChangedValuePilot.RecordsChangedValueAndRestoration.RecordsChangedValueAndRestoration("ViewSheetSet.IsAutomatic")&#xD;
Metadata: NUnit.Version 	 2026&#xD;
Metadata: NUnit.Open 	 true&#xD;
Metadata: NUnit.Close 	 true&#xD;
Metadata: NUnit.Timeout 	 10&#xD;
Metadata: NUnit.Verbosity 	 2&#xD;
AdapterSettings: {"NUnit":{"Version":"2026","Language":null,"Open":true,"Close":true,"Timeout":10.0,"Verbosity":2,"Application":null,"Metadata":true}}&#xD;
---------&#xD;
RevitTestConsole: &#xD;
---------&#xD;
Application: ricaun.RevitTest.Console.zip&#xD;
Application Download: ricaun.RevitTest.Console.zip&#xD;
Application Process: ricaun.RevitTest.Console.exe 1.11.1&#xD;
Application: ricaun.RevitTest.Console.exe&#xD;
Application: File Signed by ricaun Ltda [Verokey]&#xD;
Application: ricaun.RevitTest.Console.exe is trusted.&#xD;
	TestFilter: LECG.SetterValidationProbe.ChangedValuePilot.RecordsChangedValueAndRestoration.RecordsChangedValueAndRestoration("Electrical.CableType.ConductorMaterial")&#xD;
	TestFilter: LECG.SetterValidationProbe.ChangedValuePilot.RecordsChangedValueAndRestoration.RecordsChangedValueAndRestoration("Electrical.ElectricalSystem.CircuitConnectionType")&#xD;
	TestFilter: LECG.SetterValidationProbe.ChangedValuePilot.RecordsChangedValueAndRestoration.RecordsChangedValueAndRestoration("Material.CutBackgroundPatternId")&#xD;
	TestFilter: LECG.SetterValidationProbe.ChangedValuePilot.RecordsChangedValueAndRestoration.RecordsChangedValueAndRestoration("Plumbing.PipingSystemType.FluidTemperature")&#xD;
	TestFilter: LECG.SetterValidationProbe.ChangedValuePilot.RecordsChangedValueAndRestoration.RecordsChangedValueAndRestoration("ReferencePlane.BubbleEnd")&#xD;
	TestFilter: LECG.SetterValidationProbe.ChangedValuePilot.RecordsChangedValueAndRestoration.RecordsChangedValueAndRestoration("Structure.LoadCase.Number")&#xD;
	TestFilter: LECG.SetterValidationProbe.ChangedValuePilot.RecordsChangedValueAndRestoration.RecordsChangedValueAndRestoration("TextElement.Text")&#xD;
	TestFilter: LECG.SetterValidationProbe.ChangedValuePilot.RecordsChangedValueAndRestoration.RecordsChangedValueAndRestoration("ViewSheetSet.IsAutomatic")&#xD;
RunRevitTest: C:\LECG\RevitAddins\LECG\tools\SetterValidationProbe\bin\x64\Debug\net10.0-windows\SetterValidationProbe.dll [Version: 2026] [TestFilter: 8]&#xD;
OutputConsole:  -------------------------------&#xD;
OutputConsole:  ricaun.RevitTest.Command 1.11.1 [Net Core] [ricaun.NUnit 1.5.0 3.13.3]&#xD;
OutputConsole:  -------------------------------&#xD;
OutputConsole:  Revit 2026&#xD;
OutputConsole:  Revit 2026: Start /language ENU &#xD;
OutputConsole:  Revit 2026: ricaun.RevitTest.Application 1.11.1 [ricaun.NUnit 1.5.0 3.13.3]&#xD;
OutputConsole:  Revit 2026: TestFile: SetterValidationProbe.dll TestFilters:["LECG.SetterValidationProbe.ChangedValuePilot.RecordsChangedValueAndRestoration.RecordsChangedValueAndRestoration(\u0022Electrical.CableType.ConductorMaterial\u0022)","LECG.SetterValidationProbe.ChangedValuePilot.RecordsChangedValueAndRestoration.RecordsChangedValueAndRestoration(\u0022Electrical.ElectricalSystem.CircuitConnectionType\u0022)","LECG.SetterValidationProbe.ChangedValuePilot.RecordsChangedValueAndRestoration.RecordsChangedValueAndRestoration(\u0022Material.CutBackgroundPatternId\u0022)","LECG.SetterValidationProbe.ChangedValuePilot.RecordsChangedValueAndRestoration.RecordsChangedValueAndRestoration(\u0022Plumbing.PipingSystemType.FluidTemperature\u0022)","LECG.SetterValidationProbe.ChangedValuePilot.RecordsChangedValueAndRestoration.RecordsChangedValueAndRestoration(\u0022ReferencePlane.BubbleEnd\u0022)","LECG.SetterValidationProbe.ChangedValuePilot.RecordsChangedValueAndRestoration.RecordsChangedValueAndRestoration(\u0022Structure.LoadCase.Number\u0022)","LECG.SetterValidationProbe.ChangedValuePilot.RecordsChangedValueAndRestoration.RecordsChangedValueAndRestoration(\u0022TextElement.Text\u0022)","LECG.SetterValidationProbe.ChangedValuePilot.RecordsChangedValueAndRestoration.RecordsChangedValueAndRestoration(\u0022ViewSheetSet.IsAutomatic\u0022)"]&#xD;
OutputConsole:  Revit 2026: Exited&#xD;
OutputConsole:  Revit 2026: Finish&#xD;
Dispose: ricaun.RevitTest.Console.exe&#xD;
---------&#xD;
</StdOut>
    </Output>
    <RunInfos>
      <RunInfo computerName="DESKTOP-1FAV1F2" outcome="Warning" timestamp="2026-09-08T23:00:52.1499494-06:00">
        <Text>No test matches the given testcase filter `FullyQualifiedName~ChangedValuePilot` in C:\LECG\RevitAddins\LECG\tools\SetterValidationProbe\bin\x64\Debug\net10.0-windows\SetterValidationProbe.dll</Text>
      </RunInfo>
    </RunInfos>
  </ResultSummary>
</TestRun>