<?xml version="1.0" encoding="utf-8"?>
<TestRun id="9662bfb1-48fb-4081-8aba-149447114930" name="LECG Arquitectura@DESKTOP-1FAV1F2 2026-09-08 23:08:23" runUser="DESKTOP-1FAV1F2\LECG Arquitectura" xmlns="http://microsoft.com/schemas/VisualStudio/TeamTest/2010">
  <Times creation="2026-09-08T23:08:23.6234542-06:00" queuing="2026-09-08T23:08:23.6234544-06:00" start="2026-09-08T23:07:32.3533846-06:00" finish="2026-09-08T23:10:05.4233470-06:00" />
  <TestSettings name="default" id="8f134da3-5d6a-4693-b941-deed863c1c92">
    <Deployment runDeploymentRoot="LECG_Arquitectura_DESKTOP-1FAV1F2_2026-09-08_23_08_23" />
  </TestSettings>
  <Results>
    <UnitTestResult executionId="0fbbabf1-92f0-4bae-aed5-23f319bb3f60" testId="bb1cf2c1-b6be-9ffe-fe92-f090e23a6996" testName="RecordsChangedValueAndRestoration(&quot;Material.CutBackgroundPatternId&quot;)" computerName="DESKTOP-1FAV1F2" duration="00:00:15.6845500" startTime="2026-09-08T23:08:48.5463997-06:00" endTime="2026-09-08T23:08:48.5464000-06:00" testType="13cdc9d9-ddb5-4fa4-a97d-d965ccfc6d4b" outcome="Passed" testListId="8c84fa94-04c1-424b-9868-57a2d4851a1d" relativeResultsDirectory="0fbbabf1-92f0-4bae-aed5-23f319bb3f60">
      <Output></Output>
    </UnitTestResult>
    <UnitTestResult executionId="50fb0d3d-8024-450a-8001-d66443146379" testId="a2fca983-7ec6-8f11-45c4-4578396145af" testName="RecordsChangedValueAndRestoration(&quot;Electrical.CableType.ConductorMaterial&quot;)" computerName="DESKTOP-1FAV1F2" duration="00:00:16.5850300" startTime="2026-09-08T23:08:22.8416985-06:00" endTime="2026-09-08T23:08:22.8417205-06:00" testType="13cdc9d9-ddb5-4fa4-a97d-d965ccfc6d4b" outcome="Passed" testListId="8c84fa94-04c1-424b-9868-57a2d4851a1d" relativeResultsDirectory="50fb0d3d-8024-450a-8001-d66443146379">
      <Output></Output>
    </UnitTestResult>
    <UnitTestResult executionId="99917c84-576a-4681-bea3-e567b9e2e1d6" testId="75babf97-1d51-3908-1d8a-2b8b6d26c3f3" testName="RecordsChangedValueAndRestoration(&quot;Plumbing.PipingSystemType.FluidTemperature&quot;)" computerName="DESKTOP-1FAV1F2" duration="00:00:14.1966200" startTime="2026-09-08T23:09:02.7459365-06:00" endTime="2026-09-08T23:09:02.7459369-06:00" testType="13cdc9d9-ddb5-4fa4-a97d-d965ccfc6d4b" outcome="Passed" testListId="8c84fa94-04c1-424b-9868-57a2d4851a1d" relativeResultsDirectory="99917c84-576a-4681-bea3-e567b9e2e1d6">
      <Output></Output>
    </UnitTestResult>
    <UnitTestResult executionId="7fadea9e-00f9-4da0-adba-6170247b4e4e" testId="12f09dcd-a7bd-23bb-1c9d-992b1e4d7ec7" testName="RecordsChangedValueAndRestoration(&quot;ViewSheetSet.IsAutomatic&quot;)" computerName="DESKTOP-1FAV1F2" duration="00:00:14.9648400" startTime="2026-09-08T23:10:03.7410255-06:00" endTime="2026-09-08T23:10:03.7410259-06:00" testType="13cdc9d9-ddb5-4fa4-a97d-d965ccfc6d4b" outcome="Passed" testListId="8c84fa94-04c1-424b-9868-57a2d4851a1d" relativeResultsDirectory="7fadea9e-00f9-4da0-adba-6170247b4e4e">
      <Output></Output>
    </UnitTestResult>
    <UnitTestResult executionId="d2754485-cae6-4712-bc43-1267baf0d419" testId="b9aa0303-7f1b-949d-a53a-2e2bac60bf5d" testName="RecordsChangedValueAndRestoration(&quot;Electrical.ElectricalSystem.CircuitConnectionType&quot;)" computerName="DESKTOP-1FAV1F2" duration="00:00:10.0273799" startTime="2026-09-08T23:08:32.8604517-06:00" endTime="2026-09-08T23:08:32.8604522-06:00" testType="13cdc9d9-ddb5-4fa4-a97d-d965ccfc6d4b" outcome="Passed" testListId="8c84fa94-04c1-424b-9868-57a2d4851a1d" relativeResultsDirectory="d2754485-cae6-4712-bc43-1267baf0d419">
      <Output></Output>
    </UnitTestResult>
    <UnitTestResult executionId="3be61a6b-e76e-4515-8b40-db7c3c3230c4" testId="06c1ccfe-f099-0430-c27d-44609aa7ad83" testName="RecordsChangedValueAndRestoration(&quot;TextElement.Text&quot;)" computerName="DESKTOP-1FAV1F2" duration="00:00:15.3411700" startTime="2026-09-08T23:09:48.7725046-06:00" endTime="2026-09-08T23:09:48.7725053-06:00" testType="13cdc9d9-ddb5-4fa4-a97d-d965ccfc6d4b" outcome="Passed" testListId="8c84fa94-04c1-424b-9868-57a2d4851a1d" relativeResultsDirectory="3be61a6b-e76e-4515-8b40-db7c3c3230c4">
      <Output></Output>
    </UnitTestResult>
    <UnitTestResult executionId="98e30862-fbf9-40d6-bd3e-4e642040036e" testId="031c5b04-f610-b7d1-2ca3-560247b743c0" testName="RecordsChangedValueAndRestoration(&quot;ReferencePlane.BubbleEnd&quot;)" computerName="DESKTOP-1FAV1F2" duration="00:00:15.5058000" startTime="2026-09-08T23:09:18.2535320-06:00" endTime="2026-09-08T23:09:18.2535324-06:00" testType="13cdc9d9-ddb5-4fa4-a97d-d965ccfc6d4b" outcome="Passed" testListId="8c84fa94-04c1-424b-9868-57a2d4851a1d" relativeResultsDirectory="98e30862-fbf9-40d6-bd3e-4e642040036e">
      <Output></Output>
    </UnitTestResult>
    <UnitTestResult executionId="5242c095-177a-4f9f-a553-7314716d3523" testId="bc30db86-b9d4-f4fa-9e64-475aded7e944" testName="RecordsChangedValueAndRestoration(&quot;Structure.LoadCase.Number&quot;)" computerName="DESKTOP-1FAV1F2" duration="00:00:15.1727400" startTime="2026-09-08T23:09:33.4291677-06:00" endTime="2026-09-08T23:09:33.4291681-06:00" testType="13cdc9d9-ddb5-4fa4-a97d-d965ccfc6d4b" outcome="Passed" testListId="8c84fa94-04c1-424b-9868-57a2d4851a1d" relativeResultsDirectory="5242c095-177a-4f9f-a553-7314716d3523">
      <Output></Output>
    </UnitTestResult>
  </Results>
  <TestDefinitions>
    <UnitTest name="RecordsChangedValueAndRestoration(&quot;Structure.LoadCase.Number&quot;)" storage="c:\lecg\revitaddins\lecg\tools\settervalidationprobe\bin\x64\debug\net10.0-windows\settervalidationprobe.dll" id="bc30db86-b9d4-f4fa-9e64-475aded7e944">
      <Execution id="5242c095-177a-4f9f-a553-7314716d3523" />
      <TestMethod codeBase="C:\LECG\RevitAddins\LECG\tools\SetterValidationProbe\bin\x64\Debug\net10.0-windows\SetterValidationProbe.dll" adapterTypeName="executor://ricaun.revittest.testexecutor/v1" className="LECG.SetterValidationProbe.ChangedValuePilot" name="RecordsChangedValueAndRestoration" />
    </UnitTest>
    <UnitTest name="RecordsChangedValueAndRestoration(&quot;Electrical.ElectricalSystem.CircuitConnectionType&quot;)" storage="c:\lecg\revitaddins\lecg\tools\settervalidationprobe\bin\x64\debug\net10.0-windows\settervalidationprobe.dll" id="b9aa0303-7f1b-949d-a53a-2e2bac60bf5d">
      <Execution id="d2754485-cae6-4712-bc43-1267baf0d419" />
      <TestMethod codeBase="C:\LECG\RevitAddins\LECG\tools\SetterValidationProbe\bin\x64\Debug\net10.0-windows\SetterValidationProbe.dll" adapterTypeName="executor://ricaun.revittest.testexecutor/v1" className="LECG.SetterValidationProbe.ChangedValuePilot" name="RecordsChangedValueAndRestoration" />
    </UnitTest>
    <UnitTest name="RecordsChangedValueAndRestoration(&quot;Electrical.CableType.ConductorMaterial&quot;)" storage="c:\lecg\revitaddins\lecg\tools\settervalidationprobe\bin\x64\debug\net10.0-windows\settervalidationprobe.dll" id="a2fca983-7ec6-8f11-45c4-4578396145af">
      <Execution id="50fb0d3d-8024-450a-8001-d66443146379" />
      <TestMethod codeBase="C:\LECG\RevitAddins\LECG\tools\SetterValidationProbe\bin\x64\Debug\net10.0-windows\SetterValidationProbe.dll" adapterTypeName="executor://ricaun.revittest.testexecutor/v1" className="LECG.SetterValidationProbe.ChangedValuePilot" name="RecordsChangedValueAndRestoration" />
    </UnitTest>
    <UnitTest name="RecordsChangedValueAndRestoration(&quot;Material.CutBackgroundPatternId&quot;)" storage="c:\lecg\revitaddins\lecg\tools\settervalidationprobe\bin\x64\debug\net10.0-windows\settervalidationprobe.dll" id="bb1cf2c1-b6be-9ffe-fe92-f090e23a6996">
      <Execution id="0fbbabf1-92f0-4bae-aed5-23f319bb3f60" />
      <TestMethod codeBase="C:\LECG\RevitAddins\LECG\tools\SetterValidationProbe\bin\x64\Debug\net10.0-windows\SetterValidationProbe.dll" adapterTypeName="executor://ricaun.revittest.testexecutor/v1" className="LECG.SetterValidationProbe.ChangedValuePilot" name="RecordsChangedValueAndRestoration" />
    </UnitTest>
    <UnitTest name="RecordsChangedValueAndRestoration(&quot;ViewSheetSet.IsAutomatic&quot;)" storage="c:\lecg\revitaddins\lecg\tools\settervalidationprobe\bin\x64\debug\net10.0-windows\settervalidationprobe.dll" id="12f09dcd-a7bd-23bb-1c9d-992b1e4d7ec7">
      <Execution id="7fadea9e-00f9-4da0-adba-6170247b4e4e" />
      <TestMethod codeBase="C:\LECG\RevitAddins\LECG\tools\SetterValidationProbe\bin\x64\Debug\net10.0-windows\SetterValidationProbe.dll" adapterTypeName="executor://ricaun.revittest.testexecutor/v1" className="LECG.SetterValidationProbe.ChangedValuePilot" name="RecordsChangedValueAndRestoration" />
    </UnitTest>
    <UnitTest name="RecordsChangedValueAndRestoration(&quot;TextElement.Text&quot;)" storage="c:\lecg\revitaddins\lecg\tools\settervalidationprobe\bin\x64\debug\net10.0-windows\settervalidationprobe.dll" id="06c1ccfe-f099-0430-c27d-44609aa7ad83">
      <Execution id="3be61a6b-e76e-4515-8b40-db7c3c3230c4" />
      <TestMethod codeBase="C:\LECG\RevitAddins\LECG\tools\SetterValidationProbe\bin\x64\Debug\net10.0-windows\SetterValidationProbe.dll" adapterTypeName="executor://ricaun.revittest.testexecutor/v1" className="LECG.SetterValidationProbe.ChangedValuePilot" name="RecordsChangedValueAndRestoration" />
    </UnitTest>
    <UnitTest name="RecordsChangedValueAndRestoration(&quot;Plumbing.PipingSystemType.FluidTemperature&quot;)" storage="c:\lecg\revitaddins\lecg\tools\settervalidationprobe\bin\x64\debug\net10.0-windows\settervalidationprobe.dll" id="75babf97-1d51-3908-1d8a-2b8b6d26c3f3">
      <Execution id="99917c84-576a-4681-bea3-e567b9e2e1d6" />
      <TestMethod codeBase="C:\LECG\RevitAddins\LECG\tools\SetterValidationProbe\bin\x64\Debug\net10.0-windows\SetterValidationProbe.dll" adapterTypeName="executor://ricaun.revittest.testexecutor/v1" className="LECG.SetterValidationProbe.ChangedValuePilot" name="RecordsChangedValueAndRestoration" />
    </UnitTest>
    <UnitTest name="RecordsChangedValueAndRestoration(&quot;ReferencePlane.BubbleEnd&quot;)" storage="c:\lecg\revitaddins\lecg\tools\settervalidationprobe\bin\x64\debug\net10.0-windows\settervalidationprobe.dll" id="031c5b04-f610-b7d1-2ca3-560247b743c0">
      <Execution id="98e30862-fbf9-40d6-bd3e-4e642040036e" />
      <TestMethod codeBase="C:\LECG\RevitAddins\LECG\tools\SetterValidationProbe\bin\x64\Debug\net10.0-windows\SetterValidationProbe.dll" adapterTypeName="executor://ricaun.revittest.testexecutor/v1" className="LECG.SetterValidationProbe.ChangedValuePilot" name="RecordsChangedValueAndRestoration" />
    </UnitTest>
  </TestDefinitions>
  <TestEntries>
    <TestEntry testId="bb1cf2c1-b6be-9ffe-fe92-f090e23a6996" executionId="0fbbabf1-92f0-4bae-aed5-23f319bb3f60" testListId="8c84fa94-04c1-424b-9868-57a2d4851a1d" />
    <TestEntry testId="a2fca983-7ec6-8f11-45c4-4578396145af" executionId="50fb0d3d-8024-450a-8001-d66443146379" testListId="8c84fa94-04c1-424b-9868-57a2d4851a1d" />
    <TestEntry testId="75babf97-1d51-3908-1d8a-2b8b6d26c3f3" executionId="99917c84-576a-4681-bea3-e567b9e2e1d6" testListId="8c84fa94-04c1-424b-9868-57a2d4851a1d" />
    <TestEntry testId="12f09dcd-a7bd-23bb-1c9d-992b1e4d7ec7" executionId="7fadea9e-00f9-4da0-adba-6170247b4e4e" testListId="8c84fa94-04c1-424b-9868-57a2d4851a1d" />
    <TestEntry testId="b9aa0303-7f1b-949d-a53a-2e2bac60bf5d" executionId="d2754485-cae6-4712-bc43-1267baf0d419" testListId="8c84fa94-04c1-424b-9868-57a2d4851a1d" />
    <TestEntry testId="06c1ccfe-f099-0430-c27d-44609aa7ad83" executionId="3be61a6b-e76e-4515-8b40-db7c3c3230c4" testListId="8c84fa94-04c1-424b-9868-57a2d4851a1d" />
    <TestEntry testId="031c5b04-f610-b7d1-2ca3-560247b743c0" executionId="98e30862-fbf9-40d6-bd3e-4e642040036e" testListId="8c84fa94-04c1-424b-9868-57a2d4851a1d" />
    <TestEntry testId="bc30db86-b9d4-f4fa-9e64-475aded7e944" executionId="5242c095-177a-4f9f-a553-7314716d3523" testListId="8c84fa94-04c1-424b-9868-57a2d4851a1d" />
  </TestEntries>
  <TestLists>
    <TestList name="Results Not in a List" id="8c84fa94-04c1-424b-9868-57a2d4851a1d" />
    <TestList name="All Loaded Results" id="19431567-8539-422a-85d7-44ee4e166bda" />
  </TestLists>
  <ResultSummary outcome="Completed">
    <Counters total="8" executed="8" passed="8" failed="0" error="0" timeout="0" aborted="0" inconclusive="0" passedButRunAborted="0" notRunnable="0" notExecuted="0" disconnected="0" warning="0" completed="0" inProgress="0" pending="0" />
    <Output>
      <StdOut>TestAdapter: ricaun.RevitTest.TestAdapter 	1.11.1 	[Net Core]&#xD;
RunTest: C:\LECG\RevitAddins\LECG\tools\SetterValidationProbe\bin\x64\Debug\net10.0-windows\SetterValidationProbe.dll [TestCase: 8]&#xD;
Test: LECG.SetterValidationProbe.ChangedValuePilot.RecordsChangedValueAndRestoration.RecordsChangedValueAndRestoration("Electrical.CableType.ConductorMaterial")&#xD;
Test: LECG.SetterValidationProbe.ChangedValuePilot.RecordsChangedValueAndRestoration.RecordsChangedValueAndRestoration("Electrical.ElectricalSystem.CircuitConnectionType")&#xD;
Test: LECG.SetterValidationProbe.ChangedValuePilot.RecordsChangedValueAndRestoration.RecordsChangedValueAndRestoration("Material.CutBackgroundPatternId")&#xD;
Test: LECG.SetterValidationProbe.ChangedValuePilot.RecordsChangedValueAndRestoration.RecordsChangedValueAndRestoration("Plumbing.PipingSystemType.FluidTemperature")&#xD;
Test: LECG.SetterValidationProbe.ChangedValuePilot.RecordsChangedValueAndRestoration.RecordsChangedValueAndRestoration("ReferencePlane.BubbleEnd")&#xD;
Test: LECG.SetterValidationProbe.ChangedValuePilot.RecordsChangedValueAndRestoration.RecordsChangedValueAndRestoration("Structure.LoadCase.Number")&#xD;
Test: LECG.SetterValidationProbe.ChangedValuePilot.RecordsChangedValueAndRestoration.RecordsChangedValueAndRestoration("TextElement.Text")&#xD;
Test: LECG.SetterValidationProbe.ChangedValuePilot.RecordsChangedValueAndRestoration.RecordsChangedValueAndRestoration("ViewSheetSet.IsAutomatic")&#xD;
Metadata: NUnit.Version 	 2026&#xD;
Metadata: NUnit.Open 	 true&#xD;
Metadata: NUnit.Close 	 true&#xD;
Metadata: NUnit.Timeout 	 10&#xD;
Metadata: NUnit.Verbosity 	 2&#xD;
AdapterSettings: {"NUnit":{"Version":"2026","Language":null,"Open":true,"Close":true,"Timeout":10.0,"Verbosity":2,"Application":null,"Metadata":true}}&#xD;
---------&#xD;
RevitTestConsole: &#xD;
---------&#xD;
Application: ricaun.RevitTest.Console.zip&#xD;
Application Download: ricaun.RevitTest.Console.zip&#xD;
Application Process: ricaun.RevitTest.Console.exe 1.11.1&#xD;
Application: ricaun.RevitTest.Console.exe&#xD;
Application: File Signed by ricaun Ltda [Verokey]&#xD;
Application: ricaun.RevitTest.Console.exe is trusted.&#xD;
	TestFilter: LECG.SetterValidationProbe.ChangedValuePilot.RecordsChangedValueAndRestoration.RecordsChangedValueAndRestoration("Electrical.CableType.ConductorMaterial")&#xD;
	TestFilter: LECG.SetterValidationProbe.ChangedValuePilot.RecordsChangedValueAndRestoration.RecordsChangedValueAndRestoration("Electrical.ElectricalSystem.CircuitConnectionType")&#xD;
	TestFilter: LECG.SetterValidationProbe.ChangedValuePilot.RecordsChangedValueAndRestoration.RecordsChangedValueAndRestoration("Material.CutBackgroundPatternId")&#xD;
	TestFilter: LECG.SetterValidationProbe.ChangedValuePilot.RecordsChangedValueAndRestoration.RecordsChangedValueAndRestoration("Plumbing.PipingSystemType.FluidTemperature")&#xD;
	TestFilter: LECG.SetterValidationProbe.ChangedValuePilot.RecordsChangedValueAndRestoration.RecordsChangedValueAndRestoration("ReferencePlane.BubbleEnd")&#xD;
	TestFilter: LECG.SetterValidationProbe.ChangedValuePilot.RecordsChangedValueAndRestoration.RecordsChangedValueAndRestoration("Structure.LoadCase.Number")&#xD;
	TestFilter: LECG.SetterValidationProbe.ChangedValuePilot.RecordsChangedValueAndRestoration.RecordsChangedValueAndRestoration("TextElement.Text")&#xD;
	TestFilter: LECG.SetterValidationProbe.ChangedValuePilot.RecordsChangedValueAndRestoration.RecordsChangedValueAndRestoration("ViewSheetSet.IsAutomatic")&#xD;
RunRevitTest: C:\LECG\RevitAddins\LECG\tools\SetterValidationProbe\bin\x64\Debug\net10.0-windows\SetterValidationProbe.dll [Version: 2026] [TestFilter: 8]&#xD;
OutputConsole:  -------------------------------&#xD;
OutputConsole:  ricaun.RevitTest.Command 1.11.1 [Net Core] [ricaun.NUnit 1.5.0 3.13.3]&#xD;
OutputConsole:  -------------------------------&#xD;
OutputConsole:  Revit 2026&#xD;
OutputConsole:  Revit 2026: Start /language ENU &#xD;
OutputConsole:  Revit 2026: ricaun.RevitTest.Application 1.11.1 [ricaun.NUnit 1.5.0 3.13.3]&#xD;
OutputConsole:  Revit 2026: TestFile: SetterValidationProbe.dll TestFilters:["LECG.SetterValidationProbe.ChangedValuePilot.RecordsChangedValueAndRestoration.RecordsChangedValueAndRestoration(\u0022Electrical.CableType.ConductorMaterial\u0022)","LECG.SetterValidationProbe.ChangedValuePilot.RecordsChangedValueAndRestoration.RecordsChangedValueAndRestoration(\u0022Electrical.ElectricalSystem.CircuitConnectionType\u0022)","LECG.SetterValidationProbe.ChangedValuePilot.RecordsChangedValueAndRestoration.RecordsChangedValueAndRestoration(\u0022Material.CutBackgroundPatternId\u0022)","LECG.SetterValidationProbe.ChangedValuePilot.RecordsChangedValueAndRestoration.RecordsChangedValueAndRestoration(\u0022Plumbing.PipingSystemType.FluidTemperature\u0022)","LECG.SetterValidationProbe.ChangedValuePilot.RecordsChangedValueAndRestoration.RecordsChangedValueAndRestoration(\u0022ReferencePlane.BubbleEnd\u0022)","LECG.SetterValidationProbe.ChangedValuePilot.RecordsChangedValueAndRestoration.RecordsChangedValueAndRestoration(\u0022Structure.LoadCase.Number\u0022)","LECG.SetterValidationProbe.ChangedValuePilot.RecordsChangedValueAndRestoration.RecordsChangedValueAndRestoration(\u0022TextElement.Text\u0022)","LECG.SetterValidationProbe.ChangedValuePilot.RecordsChangedValueAndRestoration.RecordsChangedValueAndRestoration(\u0022ViewSheetSet.IsAutomatic\u0022)"]&#xD;
OutputConsole:  Revit 2026: 16585.03 	 RecordsChangedValueAndRestoration("Electrical.CableType.ConductorMaterial")[RecordsChangedValueAndRestoration]	 Passed	 &#xD;
	TestCase: LECG.SetterValidationProbe.ChangedValuePilot.RecordsChangedValueAndRestoration [RecordsChangedValueAndRestoration("Electrical.CableType.ConductorMaterial")] 	a2fca983-7ec6-8f11-45c4-4578396145af&#xD;
OutputConsole:  Revit 2026: 10027.38 	 RecordsChangedValueAndRestoration("Electrical.ElectricalSystem.CircuitConnectionType")[RecordsChangedValueAndRestoration]	 Passed	 &#xD;
	TestCase: LECG.SetterValidationProbe.ChangedValuePilot.RecordsChangedValueAndRestoration [RecordsChangedValueAndRestoration("Electrical.ElectricalSystem.CircuitConnectionType")] 	b9aa0303-7f1b-949d-a53a-2e2bac60bf5d&#xD;
OutputConsole:  Revit 2026: Execution time is 0.5 minutes, maximum 10 minutes.&#xD;
OutputConsole:  Revit 2026: 15684.55 	 RecordsChangedValueAndRestoration("Material.CutBackgroundPatternId")[RecordsChangedValueAndRestoration]	 Passed	 &#xD;
	TestCase: LECG.SetterValidationProbe.ChangedValuePilot.RecordsChangedValueAndRestoration [RecordsChangedValueAndRestoration("Material.CutBackgroundPatternId")] 	bb1cf2c1-b6be-9ffe-fe92-f090e23a6996&#xD;
OutputConsole:  Revit 2026: 14196.62 	 RecordsChangedValueAndRestoration("Plumbing.PipingSystemType.FluidTemperature")[RecordsChangedValueAndRestoration]	 Passed	 &#xD;
	TestCase: LECG.SetterValidationProbe.ChangedValuePilot.RecordsChangedValueAndRestoration [RecordsChangedValueAndRestoration("Plumbing.PipingSystemType.FluidTemperature")] 	75babf97-1d51-3908-1d8a-2b8b6d26c3f3&#xD;
OutputConsole:  Revit 2026: Execution time is 1 minutes, maximum 10 minutes.&#xD;
OutputConsole:  Revit 2026: 15505.8 	 RecordsChangedValueAndRestoration("ReferencePlane.BubbleEnd")[RecordsChangedValueAndRestoration]	 Passed	 &#xD;
	TestCase: LECG.SetterValidationProbe.ChangedValuePilot.RecordsChangedValueAndRestoration [RecordsChangedValueAndRestoration("ReferencePlane.BubbleEnd")] 	031c5b04-f610-b7d1-2ca3-560247b743c0&#xD;
OutputConsole:  Revit 2026: 15172.74 	 RecordsChangedValueAndRestoration("Structure.LoadCase.Number")[RecordsChangedValueAndRestoration]	 Passed	 &#xD;
	TestCase: LECG.SetterValidationProbe.ChangedValuePilot.RecordsChangedValueAndRestoration [RecordsChangedValueAndRestoration("Structure.LoadCase.Number")] 	bc30db86-b9d4-f4fa-9e64-475aded7e944&#xD;
OutputConsole:  Revit 2026: Execution time is 1.5 minutes, maximum 10 minutes.&#xD;
OutputConsole:  Revit 2026: 15341.17 	 RecordsChangedValueAndRestoration("TextElement.Text")[RecordsChangedValueAndRestoration]	 Passed	 &#xD;
	TestCase: LECG.SetterValidationProbe.ChangedValuePilot.RecordsChangedValueAndRestoration [RecordsChangedValueAndRestoration("TextElement.Text")] 	06c1ccfe-f099-0430-c27d-44609aa7ad83&#xD;
OutputConsole:  Revit 2026: 14964.84 	 RecordsChangedValueAndRestoration("ViewSheetSet.IsAutomatic")[RecordsChangedValueAndRestoration]	 Passed	 &#xD;
	TestCase: LECG.SetterValidationProbe.ChangedValuePilot.RecordsChangedValueAndRestoration [RecordsChangedValueAndRestoration("ViewSheetSet.IsAutomatic")] 	12f09dcd-a7bd-23bb-1c9d-992b1e4d7ec7&#xD;
OutputConsole:  Revit 2026: 117619.31 	 SetterValidationProbe 8 True 100% 117619.31ms&#xD;
OutputConsole:  Revit 2026: Tests Finished&#xD;
OutputConsole:  Revit 2026: Exited&#xD;
OutputConsole:  Revit 2026: Finish&#xD;
Dispose: ricaun.RevitTest.Console.exe&#xD;
---------&#xD;
</StdOut>
    </Output>
  </ResultSummary>
</TestRun>