<?xml version="1.0" encoding="utf-8"?>
<TestRun id="b5204f27-a65c-418e-904a-66e6edfe8322" name="LECG Arquitectura@DESKTOP-1FAV1F2 2026-09-08 23:55:49" runUser="DESKTOP-1FAV1F2\LECG Arquitectura" xmlns="http://microsoft.com/schemas/VisualStudio/TeamTest/2010">
  <Times creation="2026-09-08T23:55:49.4673858-06:00" queuing="2026-09-08T23:55:49.4673860-06:00" start="2026-09-08T23:54:44.6906072-06:00" finish="2026-09-08T23:55:49.9985146-06:00" />
  <TestSettings name="default" id="86c9c11e-c41e-44e0-b525-fe845aa0852b">
    <Deployment runDeploymentRoot="LECG_Arquitectura_DESKTOP-1FAV1F2_2026-09-08_23_55_49" />
  </TestSettings>
  <Results>
    <UnitTestResult executionId="ce72b0ed-2c7f-47c8-92c2-1196c4071b11" testId="92c7207b-fd5b-f76e-4019-d807491dc670" testName="InspectNoWriteRestoration" computerName="DESKTOP-1FAV1F2" duration="00:00:27.9470800" startTime="2026-09-08T23:55:48.3977763-06:00" endTime="2026-09-08T23:55:48.3978012-06:00" testType="13cdc9d9-ddb5-4fa4-a97d-d965ccfc6d4b" outcome="Failed" testListId="8c84fa94-04c1-424b-9868-57a2d4851a1d" relativeResultsDirectory="ce72b0ed-2c7f-47c8-92c2-1196c4071b11">
      <Output>
        <ErrorInfo>
          <StackTrace>Pilot isolation/infrastructure failed; inspect receipt. No further writes permitted.&#xD;
NUnit.Framework.AssertionException: Pilot isolation/infrastructure failed; inspect receipt. No further writes permitted.&#xD;
   at NUnit.Framework.Assert.ReportFailure(String message)&#xD;
   at NUnit.Framework.Assert.Fail(String message, Object[] args)&#xD;
   at NUnit.Framework.Assert.Fail(String message)&#xD;
   at LECG.SetterValidationProbe.SetterHarness.Record(String property) in C:\LECG\RevitAddins\LECG\tools\SetterValidationProbe\ChangedValuePilot.cs:line 194&#xD;
   at LECG.SetterValidationProbe.RestorationDiagnostic.Run(Boolean noWrite) in C:\LECG\RevitAddins\LECG\tools\SetterValidationProbe\DedicatedCollectionBatch.cs:line 75&#xD;
   at LECG.SetterValidationProbe.RestorationDiagnostic.InspectNoWriteRestoration() in C:\LECG\RevitAddins\LECG\tools\SetterValidationProbe\DedicatedCollectionBatch.cs:line 67&#xD;
   at System.RuntimeMethodHandle.InvokeMethod(ObjectHandleOnStack target, Void** arguments, ObjectHandleOnStack sig, BOOL isConstructor, ObjectHandleOnStack result)&#xD;
   at System.Reflection.MethodBaseInvoker.InterpretedInvoke_Method(Object obj, IntPtr* args)&#xD;
   at System.Reflection.RuntimeMethodInfo.Invoke(Object obj, BindingFlags invokeAttr, Binder binder, Object[] parameters, CultureInfo culture)</StackTrace>
        </ErrorInfo>
      </Output>
    </UnitTestResult>
  </Results>
  <TestDefinitions>
    <UnitTest name="InspectNoWriteRestoration" storage="c:\lecg\revitaddins\lecg\tools\settervalidationprobe\bin\x64\debug\net10.0-windows\settervalidationprobe.dll" id="92c7207b-fd5b-f76e-4019-d807491dc670">
      <Execution id="ce72b0ed-2c7f-47c8-92c2-1196c4071b11" />
      <TestMethod codeBase="C:\LECG\RevitAddins\LECG\tools\SetterValidationProbe\bin\x64\Debug\net10.0-windows\SetterValidationProbe.dll" adapterTypeName="executor://ricaun.revittest.testexecutor/v1" className="LECG.SetterValidationProbe.RestorationDiagnostic" name="InspectNoWriteRestoration" />
    </UnitTest>
  </TestDefinitions>
  <TestEntries>
    <TestEntry testId="92c7207b-fd5b-f76e-4019-d807491dc670" executionId="ce72b0ed-2c7f-47c8-92c2-1196c4071b11" testListId="8c84fa94-04c1-424b-9868-57a2d4851a1d" />
  </TestEntries>
  <TestLists>
    <TestList name="Results Not in a List" id="8c84fa94-04c1-424b-9868-57a2d4851a1d" />
    <TestList name="All Loaded Results" id="19431567-8539-422a-85d7-44ee4e166bda" />
  </TestLists>
  <ResultSummary outcome="Failed">
    <Counters total="1" executed="1" passed="0" failed="1" error="0" timeout="0" aborted="0" inconclusive="0" passedButRunAborted="0" notRunnable="0" notExecuted="0" disconnected="0" warning="0" completed="0" inProgress="0" pending="0" />
    <Output>
      <StdOut>TestAdapter: ricaun.RevitTest.TestAdapter 	1.11.1 	[Net Core]&#xD;
RunTest: C:\LECG\RevitAddins\LECG\tools\SetterValidationProbe\bin\x64\Debug\net10.0-windows\SetterValidationProbe.dll [TestCase: 1]&#xD;
Test: LECG.SetterValidationProbe.RestorationDiagnostic.InspectNoWriteRestoration.InspectNoWriteRestoration&#xD;
Metadata: NUnit.Version 	 2026&#xD;
Metadata: NUnit.Open 	 true&#xD;
Metadata: NUnit.Close 	 true&#xD;
Metadata: NUnit.Timeout 	 45&#xD;
Metadata: NUnit.Verbosity 	 2&#xD;
AdapterSettings: {"NUnit":{"Version":"2026","Language":null,"Open":true,"Close":true,"Timeout":45.0,"Verbosity":2,"Application":null,"Metadata":true}}&#xD;
---------&#xD;
RevitTestConsole: &#xD;
---------&#xD;
Application: ricaun.RevitTest.Console.zip&#xD;
Application Download: ricaun.RevitTest.Console.zip&#xD;
Application Process: ricaun.RevitTest.Console.exe 1.11.1&#xD;
Application: ricaun.RevitTest.Console.exe&#xD;
Application: File Signed by ricaun Ltda [Verokey]&#xD;
Application: ricaun.RevitTest.Console.exe is trusted.&#xD;
	TestFilter: LECG.SetterValidationProbe.RestorationDiagnostic.InspectNoWriteRestoration.InspectNoWriteRestoration&#xD;
RunRevitTest: C:\LECG\RevitAddins\LECG\tools\SetterValidationProbe\bin\x64\Debug\net10.0-windows\SetterValidationProbe.dll [Version: 2026] [TestFilter: 1]&#xD;
OutputConsole:  -------------------------------&#xD;
OutputConsole:  ricaun.RevitTest.Command 1.11.1 [Net Core] [ricaun.NUnit 1.5.0 3.13.3]&#xD;
OutputConsole:  -------------------------------&#xD;
OutputConsole:  Revit 2026&#xD;
OutputConsole:  Revit 2026: Start /language ENU &#xD;
OutputConsole:  Revit 2026: ricaun.RevitTest.Application 1.11.1 [ricaun.NUnit 1.5.0 3.13.3]&#xD;
OutputConsole:  Revit 2026: TestFile: SetterValidationProbe.dll TestFilters:["LECG.SetterValidationProbe.RestorationDiagnostic.InspectNoWriteRestoration.InspectNoWriteRestoration"]&#xD;
OutputConsole:  Revit 2026: Execution time is 0.5 minutes, maximum 45 minutes.&#xD;
OutputConsole:  Revit 2026: 27947.08 	 InspectNoWriteRestoration	 Failed	 Pilot isolation/infrastructure failed; inspect receipt. No further writes permitted.  NUnit.Framework.AssertionException: Pilot isolation/infrastructure failed; inspect receipt. No further writes permitted.     at NUnit.Framework.Assert.ReportFailure(String message)     at NUnit.Framework.Assert.Fail(String message, Object[] args)     at NUnit.Framework.Assert.Fail(String message)     at LECG.SetterValidationProbe.SetterHarness.Record(String property) in C:\LECG\RevitAddins\LECG\tools\SetterValidationProbe\ChangedValuePilot.cs:line 194     at LECG.SetterValidationProbe.RestorationDiagnostic.Run(Boolean noWrite) in C:\LECG\RevitAddins\LECG\tools\SetterValidationProbe\DedicatedCollectionBatch.cs:line 75     at LECG.SetterValidationProbe.RestorationDiagnostic.InspectNoWriteRestoration() in C:\LECG\RevitAddins\LECG\tools\SetterValidationProbe\DedicatedCollectionBatch.cs:line 67     at System.RuntimeMethodHandle.InvokeMethod(ObjectHandleOnStack target, Void** arguments, ObjectHandleOnStack sig, BOOL isConstructor, ObjectHandleOnStack result)     at System.Reflection.MethodBaseInvoker.InterpretedInvoke_Method(Object obj, IntPtr* args)     at System.Reflection.RuntimeMethodInfo.Invoke(Object obj, BindingFlags invokeAttr, Binder binder, Object[] parameters, CultureInfo culture)&#xD;
	TestCase: LECG.SetterValidationProbe.RestorationDiagnostic.InspectNoWriteRestoration [InspectNoWriteRestoration] 	92c7207b-fd5b-f76e-4019-d807491dc670&#xD;
OutputConsole:  Revit 2026: 28073.33 	 SetterValidationProbe 1 False 0% 28073.33ms&#xD;
OutputConsole:  Revit 2026: Tests Finished&#xD;
OutputConsole:  Revit 2026: Exited&#xD;
OutputConsole:  Revit 2026: Finish&#xD;
Dispose: ricaun.RevitTest.Console.exe&#xD;
---------&#xD;
</StdOut>
    </Output>
  </ResultSummary>
</TestRun>