<?xml version="1.0" encoding="utf-8"?>
<TestRun id="1ce5dcb0-f847-44a9-8926-de4e5e18d132" name="LECG Arquitectura@DESKTOP-1FAV1F2 2026-09-15 21:06:28" runUser="DESKTOP-1FAV1F2\LECG Arquitectura" xmlns="http://microsoft.com/schemas/VisualStudio/TeamTest/2010">
  <Times creation="2026-09-15T21:06:28.8334608-06:00" queuing="2026-09-15T21:06:28.8334611-06:00" start="2026-09-15T20:57:16.5702932-06:00" finish="2026-09-15T21:06:30.0055066-06:00" />
  <TestSettings name="default" id="236c214b-01ab-41a3-98d3-45d7245a0204">
    <Deployment runDeploymentRoot="LECG_Arquitectura_DESKTOP-1FAV1F2_2026-09-15_21_06_28" />
  </TestSettings>
  <Results>
    <UnitTestResult executionId="ca8b047d-0aaf-4f04-9d48-6442ceaf11d8" testId="6ee1840c-8645-dede-2711-4d8ab8e711c2" testName="ValidateNativeReads" computerName="DESKTOP-1FAV1F2" duration="00:00:34.8877200" startTime="2026-09-15T21:06:27.7079675-06:00" endTime="2026-09-15T21:06:27.7079911-06:00" testType="13cdc9d9-ddb5-4fa4-a97d-d965ccfc6d4b" outcome="Passed" testListId="8c84fa94-04c1-424b-9868-57a2d4851a1d" relativeResultsDirectory="ca8b047d-0aaf-4f04-9d48-6442ceaf11d8">
      <Output></Output>
    </UnitTestResult>
  </Results>
  <TestDefinitions>
    <UnitTest name="ValidateNativeReads" storage="c:\lecg\revitaddins\lecg\tools\settervalidationprobe\bin\x64\debug\net10.0-windows\settervalidationprobe.dll" id="6ee1840c-8645-dede-2711-4d8ab8e711c2">
      <Execution id="ca8b047d-0aaf-4f04-9d48-6442ceaf11d8" />
      <TestMethod codeBase="C:\LECG\RevitAddins\LECG\tools\SetterValidationProbe\bin\x64\Debug\net10.0-windows\SetterValidationProbe.dll" adapterTypeName="executor://ricaun.revittest.testexecutor/v1" className="LECG.SetterValidationProbe.ProjectNativeReadBatch" name="ValidateNativeReads" />
    </UnitTest>
  </TestDefinitions>
  <TestEntries>
    <TestEntry testId="6ee1840c-8645-dede-2711-4d8ab8e711c2" executionId="ca8b047d-0aaf-4f04-9d48-6442ceaf11d8" testListId="8c84fa94-04c1-424b-9868-57a2d4851a1d" />
  </TestEntries>
  <TestLists>
    <TestList name="Results Not in a List" id="8c84fa94-04c1-424b-9868-57a2d4851a1d" />
    <TestList name="All Loaded Results" id="19431567-8539-422a-85d7-44ee4e166bda" />
  </TestLists>
  <ResultSummary outcome="Completed">
    <Counters total="1" executed="1" passed="1" failed="0" error="0" timeout="0" aborted="0" inconclusive="0" passedButRunAborted="0" notRunnable="0" notExecuted="0" disconnected="0" warning="0" completed="0" inProgress="0" pending="0" />
    <Output>
      <StdOut>TestAdapter: ricaun.RevitTest.TestAdapter 	1.11.1 	[Net Core]&#xD;
RunTest: C:\LECG\RevitAddins\LECG\tools\SetterValidationProbe\bin\x64\Debug\net10.0-windows\SetterValidationProbe.dll [TestCase: 1]&#xD;
Test: LECG.SetterValidationProbe.ProjectNativeReadBatch.ValidateNativeReads.ValidateNativeReads&#xD;
Metadata: NUnit.Version 	 2026&#xD;
Metadata: NUnit.Open 	 true&#xD;
Metadata: NUnit.Close 	 true&#xD;
Metadata: NUnit.Timeout 	 45&#xD;
Metadata: NUnit.Verbosity 	 2&#xD;
AdapterSettings: {"NUnit":{"Version":"2026","Language":null,"Open":true,"Close":true,"Timeout":45.0,"Verbosity":2,"Application":null,"Metadata":true}}&#xD;
---------&#xD;
RevitTestConsole: &#xD;
---------&#xD;
Application: ricaun.RevitTest.Console.zip&#xD;
Application Download: ricaun.RevitTest.Console.zip&#xD;
Application Process: ricaun.RevitTest.Console.exe 1.11.1&#xD;
Application: ricaun.RevitTest.Console.exe&#xD;
Application: File Signed by ricaun Ltda [Verokey]&#xD;
Application: ricaun.RevitTest.Console.exe is trusted.&#xD;
	TestFilter: LECG.SetterValidationProbe.ProjectNativeReadBatch.ValidateNativeReads.ValidateNativeReads&#xD;
RunRevitTest: C:\LECG\RevitAddins\LECG\tools\SetterValidationProbe\bin\x64\Debug\net10.0-windows\SetterValidationProbe.dll [Version: 2026] [TestFilter: 1]&#xD;
OutputConsole:  -------------------------------&#xD;
OutputConsole:  ricaun.RevitTest.Command 1.11.1 [Net Core] [ricaun.NUnit 1.5.0 3.13.3]&#xD;
OutputConsole:  -------------------------------&#xD;
OutputConsole:  Revit 2026&#xD;
OutputConsole:  Revit 2026: Start /language ENU &#xD;
OutputConsole:  Revit 2026: Execution time is 0.5 minutes, maximum 45 minutes.&#xD;
OutputConsole:  Revit 2026: Execution time is 1 minutes, maximum 45 minutes.&#xD;
OutputConsole:  Revit 2026: Execution time is 1.5 minutes, maximum 45 minutes.&#xD;
OutputConsole:  Revit 2026: Execution time is 2 minutes, maximum 45 minutes.&#xD;
OutputConsole:  Revit 2026: Execution time is 2.5 minutes, maximum 45 minutes.&#xD;
OutputConsole:  Revit 2026: Execution time is 3 minutes, maximum 45 minutes.&#xD;
OutputConsole:  Revit 2026: Execution time is 3.5 minutes, maximum 45 minutes.&#xD;
OutputConsole:  Revit 2026: Execution time is 4 minutes, maximum 45 minutes.&#xD;
OutputConsole:  Revit 2026: Execution time is 4.5 minutes, maximum 45 minutes.&#xD;
OutputConsole:  Revit 2026: Execution time is 5 minutes, maximum 45 minutes.&#xD;
OutputConsole:  Revit 2026: Execution time is 5.5 minutes, maximum 45 minutes.&#xD;
OutputConsole:  Revit 2026: Execution time is 6 minutes, maximum 45 minutes.&#xD;
OutputConsole:  Revit 2026: Execution time is 6.5 minutes, maximum 45 minutes.&#xD;
OutputConsole:  Revit 2026: Execution time is 7 minutes, maximum 45 minutes.&#xD;
OutputConsole:  Revit 2026: Execution time is 7.5 minutes, maximum 45 minutes.&#xD;
OutputConsole:  Revit 2026: Execution time is 8 minutes, maximum 45 minutes.&#xD;
OutputConsole:  Revit 2026: ricaun.RevitTest.Application 1.11.1 [ricaun.NUnit 1.5.0 3.13.3]&#xD;
OutputConsole:  Revit 2026: TestFile: SetterValidationProbe.dll TestFilters:["LECG.SetterValidationProbe.ProjectNativeReadBatch.ValidateNativeReads.ValidateNativeReads"]&#xD;
OutputConsole:  Revit 2026: Execution time is 0.5 minutes, maximum 45 minutes.&#xD;
OutputConsole:  Revit 2026: 34887.72 	 ValidateNativeReads	 Passed	 &#xD;
	TestCase: LECG.SetterValidationProbe.ProjectNativeReadBatch.ValidateNativeReads [ValidateNativeReads] 	6ee1840c-8645-dede-2711-4d8ab8e711c2&#xD;
OutputConsole:  Revit 2026: 35210.58 	 SetterValidationProbe 1 True 100% 35210.58ms&#xD;
OutputConsole:  Revit 2026: Tests Finished&#xD;
OutputConsole:  Revit 2026: Exited&#xD;
OutputConsole:  Revit 2026: Finish&#xD;
Dispose: ricaun.RevitTest.Console.exe&#xD;
---------&#xD;
</StdOut>
    </Output>
  </ResultSummary>
</TestRun>