<?xml version="1.0" encoding="utf-8"?>
<TestRun id="c23497b3-9a80-48b8-b489-9bc800f459a1" name="LECG Arquitectura@DESKTOP-1FAV1F2 2026-09-15 18:33:07" runUser="DESKTOP-1FAV1F2\LECG Arquitectura" xmlns="http://microsoft.com/schemas/VisualStudio/TeamTest/2010">
  <Times creation="2026-09-15T18:33:07.0783697-06:00" queuing="2026-09-15T18:33:07.0783699-06:00" start="2026-09-15T18:32:02.3080613-06:00" finish="2026-09-15T18:33:07.8902100-06:00" />
  <TestSettings name="default" id="369b117a-b301-461c-b46e-f9aabfc8aaed">
    <Deployment runDeploymentRoot="LECG_Arquitectura_DESKTOP-1FAV1F2_2026-09-15_18_33_07" />
  </TestSettings>
  <Results>
    <UnitTestResult executionId="52204854-66f7-45a1-934f-91a60b4569a6" testId="19d7ba11-c7a7-0b8d-a5ae-a70c90175d3b" testName="ProfileSetterDeclaringTypes" computerName="DESKTOP-1FAV1F2" duration="00:00:31.2156500" startTime="2026-09-15T18:33:06.2409618-06:00" endTime="2026-09-15T18:33:06.2409844-06:00" testType="13cdc9d9-ddb5-4fa4-a97d-d965ccfc6d4b" outcome="Passed" testListId="8c84fa94-04c1-424b-9868-57a2d4851a1d" relativeResultsDirectory="52204854-66f7-45a1-934f-91a60b4569a6">
      <Output></Output>
    </UnitTestResult>
  </Results>
  <TestDefinitions>
    <UnitTest name="ProfileSetterDeclaringTypes" storage="c:\lecg\revitaddins\lecg\tools\settervalidationprobe\bin\x64\debug\net10.0-windows\settervalidationprobe.dll" id="19d7ba11-c7a7-0b8d-a5ae-a70c90175d3b">
      <Execution id="52204854-66f7-45a1-934f-91a60b4569a6" />
      <TestMethod codeBase="C:\LECG\RevitAddins\LECG\tools\SetterValidationProbe\bin\x64\Debug\net10.0-windows\SetterValidationProbe.dll" adapterTypeName="executor://ricaun.revittest.testexecutor/v1" className="LECG.SetterValidationProbe.ProjectTypePresenceBatch" name="ProfileSetterDeclaringTypes" />
    </UnitTest>
  </TestDefinitions>
  <TestEntries>
    <TestEntry testId="19d7ba11-c7a7-0b8d-a5ae-a70c90175d3b" executionId="52204854-66f7-45a1-934f-91a60b4569a6" testListId="8c84fa94-04c1-424b-9868-57a2d4851a1d" />
  </TestEntries>
  <TestLists>
    <TestList name="Results Not in a List" id="8c84fa94-04c1-424b-9868-57a2d4851a1d" />
    <TestList name="All Loaded Results" id="19431567-8539-422a-85d7-44ee4e166bda" />
  </TestLists>
  <ResultSummary outcome="Completed">
    <Counters total="1" executed="1" passed="1" failed="0" error="0" timeout="0" aborted="0" inconclusive="0" passedButRunAborted="0" notRunnable="0" notExecuted="0" disconnected="0" warning="0" completed="0" inProgress="0" pending="0" />
    <Output>
      <StdOut>TestAdapter: ricaun.RevitTest.TestAdapter 	1.11.1 	[Net Core]&#xD;
RunTest: C:\LECG\RevitAddins\LECG\tools\SetterValidationProbe\bin\x64\Debug\net10.0-windows\SetterValidationProbe.dll [TestCase: 1]&#xD;
Test: LECG.SetterValidationProbe.ProjectTypePresenceBatch.ProfileSetterDeclaringTypes.ProfileSetterDeclaringTypes&#xD;
Metadata: NUnit.Version 	 2026&#xD;
Metadata: NUnit.Open 	 true&#xD;
Metadata: NUnit.Close 	 true&#xD;
Metadata: NUnit.Timeout 	 45&#xD;
Metadata: NUnit.Verbosity 	 2&#xD;
AdapterSettings: {"NUnit":{"Version":"2026","Language":null,"Open":true,"Close":true,"Timeout":45.0,"Verbosity":2,"Application":null,"Metadata":true}}&#xD;
---------&#xD;
RevitTestConsole: &#xD;
---------&#xD;
Application: ricaun.RevitTest.Console.zip&#xD;
Application Download: ricaun.RevitTest.Console.zip&#xD;
Application Process: ricaun.RevitTest.Console.exe 1.11.1&#xD;
Application: ricaun.RevitTest.Console.exe&#xD;
Application: File Signed by ricaun Ltda [Verokey]&#xD;
Application: ricaun.RevitTest.Console.exe is trusted.&#xD;
	TestFilter: LECG.SetterValidationProbe.ProjectTypePresenceBatch.ProfileSetterDeclaringTypes.ProfileSetterDeclaringTypes&#xD;
RunRevitTest: C:\LECG\RevitAddins\LECG\tools\SetterValidationProbe\bin\x64\Debug\net10.0-windows\SetterValidationProbe.dll [Version: 2026] [TestFilter: 1]&#xD;
OutputConsole:  -------------------------------&#xD;
OutputConsole:  ricaun.RevitTest.Command 1.11.1 [Net Core] [ricaun.NUnit 1.5.0 3.13.3]&#xD;
OutputConsole:  -------------------------------&#xD;
OutputConsole:  Revit 2026&#xD;
OutputConsole:  Revit 2026: Start /language ENU &#xD;
OutputConsole:  Revit 2026: ricaun.RevitTest.Application 1.11.1 [ricaun.NUnit 1.5.0 3.13.3]&#xD;
OutputConsole:  Revit 2026: TestFile: SetterValidationProbe.dll TestFilters:["LECG.SetterValidationProbe.ProjectTypePresenceBatch.ProfileSetterDeclaringTypes.ProfileSetterDeclaringTypes"]&#xD;
OutputConsole:  Revit 2026: Execution time is 0.5 minutes, maximum 45 minutes.&#xD;
OutputConsole:  Revit 2026: 31215.65 	 ProfileSetterDeclaringTypes	 Passed	 &#xD;
	TestCase: LECG.SetterValidationProbe.ProjectTypePresenceBatch.ProfileSetterDeclaringTypes [ProfileSetterDeclaringTypes] 	19d7ba11-c7a7-0b8d-a5ae-a70c90175d3b&#xD;
OutputConsole:  Revit 2026: 31513.08 	 SetterValidationProbe 1 True 100% 31513.08ms&#xD;
OutputConsole:  Revit 2026: Tests Finished&#xD;
OutputConsole:  Revit 2026: Exited&#xD;
OutputConsole:  Revit 2026: Finish&#xD;
Dispose: ricaun.RevitTest.Console.exe&#xD;
---------&#xD;
</StdOut>
    </Output>
  </ResultSummary>
</TestRun>