<?xml version="1.0" encoding="utf-8"?>
<TestRun id="c782e01b-7ccb-41d6-8414-090415d718c8" name="LECG Arquitectura@DESKTOP-1FAV1F2 2026-09-15 17:38:45" runUser="DESKTOP-1FAV1F2\LECG Arquitectura" xmlns="http://microsoft.com/schemas/VisualStudio/TeamTest/2010">
  <Times creation="2026-09-15T17:38:45.2664186-06:00" queuing="2026-09-15T17:38:45.2664187-06:00" start="2026-09-15T17:37:58.4756023-06:00" finish="2026-09-15T17:38:47.6320157-06:00" />
  <TestSettings name="default" id="14ad39ca-4f70-4ac1-8b50-372416b7824b">
    <Deployment runDeploymentRoot="LECG_Arquitectura_DESKTOP-1FAV1F2_2026-09-15_17_38_45" />
  </TestSettings>
  <Results>
    <UnitTestResult executionId="cee0b44a-e598-471b-901d-faa7c8b66d93" testId="f866c04c-def8-3004-692a-09560a53aaa3" testName="RunProjectMepWire(&quot;Electrical.WireType.MaxSize&quot;)" computerName="DESKTOP-1FAV1F2" duration="00:00:13.2018900" startTime="2026-09-15T17:38:44.7973412-06:00" endTime="2026-09-15T17:38:44.7973814-06:00" testType="13cdc9d9-ddb5-4fa4-a97d-d965ccfc6d4b" outcome="Passed" testListId="8c84fa94-04c1-424b-9868-57a2d4851a1d" relativeResultsDirectory="cee0b44a-e598-471b-901d-faa7c8b66d93">
      <Output></Output>
    </UnitTestResult>
  </Results>
  <TestDefinitions>
    <UnitTest name="RunProjectMepWire(&quot;Electrical.WireType.MaxSize&quot;)" storage="c:\lecg\revitaddins\lecg\tools\settervalidationprobe\bin\x64\debug\net10.0-windows\settervalidationprobe.dll" id="f866c04c-def8-3004-692a-09560a53aaa3">
      <Execution id="cee0b44a-e598-471b-901d-faa7c8b66d93" />
      <TestMethod codeBase="C:\LECG\RevitAddins\LECG\tools\SetterValidationProbe\bin\x64\Debug\net10.0-windows\SetterValidationProbe.dll" adapterTypeName="executor://ricaun.revittest.testexecutor/v1" className="LECG.SetterValidationProbe.ProjectMepWireBatch" name="RunProjectMepWire" />
    </UnitTest>
  </TestDefinitions>
  <TestEntries>
    <TestEntry testId="f866c04c-def8-3004-692a-09560a53aaa3" executionId="cee0b44a-e598-471b-901d-faa7c8b66d93" testListId="8c84fa94-04c1-424b-9868-57a2d4851a1d" />
  </TestEntries>
  <TestLists>
    <TestList name="Results Not in a List" id="8c84fa94-04c1-424b-9868-57a2d4851a1d" />
    <TestList name="All Loaded Results" id="19431567-8539-422a-85d7-44ee4e166bda" />
  </TestLists>
  <ResultSummary outcome="Completed">
    <Counters total="1" executed="1" passed="1" failed="0" error="0" timeout="0" aborted="0" inconclusive="0" passedButRunAborted="0" notRunnable="0" notExecuted="0" disconnected="0" warning="0" completed="0" inProgress="0" pending="0" />
    <Output>
      <StdOut>TestAdapter: ricaun.RevitTest.TestAdapter 	1.11.1 	[Net Core]&#xD;
RunTest: C:\LECG\RevitAddins\LECG\tools\SetterValidationProbe\bin\x64\Debug\net10.0-windows\SetterValidationProbe.dll [TestCase: 1]&#xD;
Test: LECG.SetterValidationProbe.ProjectMepWireBatch.RunProjectMepWire.RunProjectMepWire("Electrical.WireType.MaxSize")&#xD;
Metadata: NUnit.Version 	 2026&#xD;
Metadata: NUnit.Open 	 true&#xD;
Metadata: NUnit.Close 	 true&#xD;
Metadata: NUnit.Timeout 	 45&#xD;
Metadata: NUnit.Verbosity 	 2&#xD;
AdapterSettings: {"NUnit":{"Version":"2026","Language":null,"Open":true,"Close":true,"Timeout":45.0,"Verbosity":2,"Application":null,"Metadata":true}}&#xD;
---------&#xD;
RevitTestConsole: &#xD;
---------&#xD;
Application: ricaun.RevitTest.Console.zip&#xD;
Application Download: ricaun.RevitTest.Console.zip&#xD;
Application Process: ricaun.RevitTest.Console.exe 1.11.1&#xD;
Application: ricaun.RevitTest.Console.exe&#xD;
Application: File Signed by ricaun Ltda [Verokey]&#xD;
Application: ricaun.RevitTest.Console.exe is trusted.&#xD;
	TestFilter: LECG.SetterValidationProbe.ProjectMepWireBatch.RunProjectMepWire.RunProjectMepWire("Electrical.WireType.MaxSize")&#xD;
RunRevitTest: C:\LECG\RevitAddins\LECG\tools\SetterValidationProbe\bin\x64\Debug\net10.0-windows\SetterValidationProbe.dll [Version: 2026] [TestFilter: 1]&#xD;
OutputConsole:  -------------------------------&#xD;
OutputConsole:  ricaun.RevitTest.Command 1.11.1 [Net Core] [ricaun.NUnit 1.5.0 3.13.3]&#xD;
OutputConsole:  -------------------------------&#xD;
OutputConsole:  Revit 2026&#xD;
OutputConsole:  Revit 2026: Start /language ENU &#xD;
OutputConsole:  Revit 2026: ricaun.RevitTest.Application 1.11.1 [ricaun.NUnit 1.5.0 3.13.3]&#xD;
OutputConsole:  Revit 2026: TestFile: SetterValidationProbe.dll TestFilters:["LECG.SetterValidationProbe.ProjectMepWireBatch.RunProjectMepWire.RunProjectMepWire(\u0022Electrical.WireType.MaxSize\u0022)"]&#xD;
OutputConsole:  Revit 2026: 13201.89 	 RunProjectMepWire("Electrical.WireType.MaxSize")[RunProjectMepWire]	 Passed	 &#xD;
	TestCase: LECG.SetterValidationProbe.ProjectMepWireBatch.RunProjectMepWire [RunProjectMepWire("Electrical.WireType.MaxSize")] 	f866c04c-def8-3004-692a-09560a53aaa3&#xD;
OutputConsole:  Revit 2026: 13419.47 	 SetterValidationProbe 1 True 100% 13419.47ms&#xD;
OutputConsole:  Revit 2026: Tests Finished&#xD;
OutputConsole:  Revit 2026: Exited&#xD;
OutputConsole:  Revit 2026: Finish&#xD;
Dispose: ricaun.RevitTest.Console.exe&#xD;
---------&#xD;
</StdOut>
    </Output>
  </ResultSummary>
</TestRun>