<?xml version="1.0" encoding="utf-8"?>
<TestRun id="d964466a-5008-4e15-82e1-2094d77641a2" name="LECG Arquitectura@DESKTOP-1FAV1F2 2026-09-15 17:29:40" runUser="DESKTOP-1FAV1F2\LECG Arquitectura" xmlns="http://microsoft.com/schemas/VisualStudio/TeamTest/2010">
  <Times creation="2026-09-15T17:29:40.3410439-06:00" queuing="2026-09-15T17:29:40.3410443-06:00" start="2026-09-15T17:28:52.0554472-06:00" finish="2026-09-15T17:30:16.5894979-06:00" />
  <TestSettings name="default" id="be402278-1fc6-410a-97c5-eb4096488bd0">
    <Deployment runDeploymentRoot="LECG_Arquitectura_DESKTOP-1FAV1F2_2026-09-15_17_29_40" />
  </TestSettings>
  <Results>
    <UnitTestResult executionId="b4f404bc-6059-483a-89ee-58ffc9e231b6" testId="eb014952-938c-5e5a-7cb4-a880b83d5501" testName="RunProjectArchitecture(&quot;Architecture.StairsRun.BaseElevation&quot;)" computerName="DESKTOP-1FAV1F2" duration="00:00:12.5876800" startTime="2026-09-15T17:29:52.6841989-06:00" endTime="2026-09-15T17:29:52.6841993-06:00" testType="13cdc9d9-ddb5-4fa4-a97d-d965ccfc6d4b" outcome="Passed" testListId="8c84fa94-04c1-424b-9868-57a2d4851a1d" relativeResultsDirectory="b4f404bc-6059-483a-89ee-58ffc9e231b6">
      <Output></Output>
    </UnitTestResult>
    <UnitTestResult executionId="b88a2a80-e740-4224-8f6c-825efd6ec218" testId="e855d676-291c-3f19-2cbe-ba203701c7b0" testName="RunProjectArchitecture(&quot;Architecture.StairsRun.TopElevation&quot;)" computerName="DESKTOP-1FAV1F2" duration="00:00:10.6952700" startTime="2026-09-15T17:30:03.3808049-06:00" endTime="2026-09-15T17:30:03.3808053-06:00" testType="13cdc9d9-ddb5-4fa4-a97d-d965ccfc6d4b" outcome="Passed" testListId="8c84fa94-04c1-424b-9868-57a2d4851a1d" relativeResultsDirectory="b88a2a80-e740-4224-8f6c-825efd6ec218">
      <Output></Output>
    </UnitTestResult>
    <UnitTestResult executionId="8fd799e8-2368-43fb-817f-e08aa4c59e18" testId="1e54c816-81c1-3ac8-ac1e-bbea86be1942" testName="RunProjectArchitecture(&quot;Architecture.StairsLanding.BaseElevation&quot;)" computerName="DESKTOP-1FAV1F2" duration="00:00:11.6150000" startTime="2026-09-15T17:29:40.1029404-06:00" endTime="2026-09-15T17:29:40.1029603-06:00" testType="13cdc9d9-ddb5-4fa4-a97d-d965ccfc6d4b" outcome="Passed" testListId="8c84fa94-04c1-424b-9868-57a2d4851a1d" relativeResultsDirectory="8fd799e8-2368-43fb-817f-e08aa4c59e18">
      <Output></Output>
    </UnitTestResult>
    <UnitTestResult executionId="483197a5-12ea-4245-8cf9-2cbc1a9f69fa" testId="6a0e6c21-41a3-ed5f-4d5f-52c9ed4111b6" testName="RunProjectArchitecture(&quot;AssemblyInstance.NamingCategoryId&quot;)" computerName="DESKTOP-1FAV1F2" duration="00:00:10.8928400" startTime="2026-09-15T17:30:14.2752691-06:00" endTime="2026-09-15T17:30:14.2752694-06:00" testType="13cdc9d9-ddb5-4fa4-a97d-d965ccfc6d4b" outcome="Passed" testListId="8c84fa94-04c1-424b-9868-57a2d4851a1d" relativeResultsDirectory="483197a5-12ea-4245-8cf9-2cbc1a9f69fa">
      <Output></Output>
    </UnitTestResult>
  </Results>
  <TestDefinitions>
    <UnitTest name="RunProjectArchitecture(&quot;AssemblyInstance.NamingCategoryId&quot;)" storage="c:\lecg\revitaddins\lecg\tools\settervalidationprobe\bin\x64\debug\net10.0-windows\settervalidationprobe.dll" id="6a0e6c21-41a3-ed5f-4d5f-52c9ed4111b6">
      <Execution id="483197a5-12ea-4245-8cf9-2cbc1a9f69fa" />
      <TestMethod codeBase="C:\LECG\RevitAddins\LECG\tools\SetterValidationProbe\bin\x64\Debug\net10.0-windows\SetterValidationProbe.dll" adapterTypeName="executor://ricaun.revittest.testexecutor/v1" className="LECG.SetterValidationProbe.ProjectArchitectureBatch" name="RunProjectArchitecture" />
    </UnitTest>
    <UnitTest name="RunProjectArchitecture(&quot;Architecture.StairsRun.BaseElevation&quot;)" storage="c:\lecg\revitaddins\lecg\tools\settervalidationprobe\bin\x64\debug\net10.0-windows\settervalidationprobe.dll" id="eb014952-938c-5e5a-7cb4-a880b83d5501">
      <Execution id="b4f404bc-6059-483a-89ee-58ffc9e231b6" />
      <TestMethod codeBase="C:\LECG\RevitAddins\LECG\tools\SetterValidationProbe\bin\x64\Debug\net10.0-windows\SetterValidationProbe.dll" adapterTypeName="executor://ricaun.revittest.testexecutor/v1" className="LECG.SetterValidationProbe.ProjectArchitectureBatch" name="RunProjectArchitecture" />
    </UnitTest>
    <UnitTest name="RunProjectArchitecture(&quot;Architecture.StairsLanding.BaseElevation&quot;)" storage="c:\lecg\revitaddins\lecg\tools\settervalidationprobe\bin\x64\debug\net10.0-windows\settervalidationprobe.dll" id="1e54c816-81c1-3ac8-ac1e-bbea86be1942">
      <Execution id="8fd799e8-2368-43fb-817f-e08aa4c59e18" />
      <TestMethod codeBase="C:\LECG\RevitAddins\LECG\tools\SetterValidationProbe\bin\x64\Debug\net10.0-windows\SetterValidationProbe.dll" adapterTypeName="executor://ricaun.revittest.testexecutor/v1" className="LECG.SetterValidationProbe.ProjectArchitectureBatch" name="RunProjectArchitecture" />
    </UnitTest>
    <UnitTest name="RunProjectArchitecture(&quot;Architecture.StairsRun.TopElevation&quot;)" storage="c:\lecg\revitaddins\lecg\tools\settervalidationprobe\bin\x64\debug\net10.0-windows\settervalidationprobe.dll" id="e855d676-291c-3f19-2cbe-ba203701c7b0">
      <Execution id="b88a2a80-e740-4224-8f6c-825efd6ec218" />
      <TestMethod codeBase="C:\LECG\RevitAddins\LECG\tools\SetterValidationProbe\bin\x64\Debug\net10.0-windows\SetterValidationProbe.dll" adapterTypeName="executor://ricaun.revittest.testexecutor/v1" className="LECG.SetterValidationProbe.ProjectArchitectureBatch" name="RunProjectArchitecture" />
    </UnitTest>
  </TestDefinitions>
  <TestEntries>
    <TestEntry testId="eb014952-938c-5e5a-7cb4-a880b83d5501" executionId="b4f404bc-6059-483a-89ee-58ffc9e231b6" testListId="8c84fa94-04c1-424b-9868-57a2d4851a1d" />
    <TestEntry testId="e855d676-291c-3f19-2cbe-ba203701c7b0" executionId="b88a2a80-e740-4224-8f6c-825efd6ec218" testListId="8c84fa94-04c1-424b-9868-57a2d4851a1d" />
    <TestEntry testId="1e54c816-81c1-3ac8-ac1e-bbea86be1942" executionId="8fd799e8-2368-43fb-817f-e08aa4c59e18" testListId="8c84fa94-04c1-424b-9868-57a2d4851a1d" />
    <TestEntry testId="6a0e6c21-41a3-ed5f-4d5f-52c9ed4111b6" executionId="483197a5-12ea-4245-8cf9-2cbc1a9f69fa" testListId="8c84fa94-04c1-424b-9868-57a2d4851a1d" />
  </TestEntries>
  <TestLists>
    <TestList name="Results Not in a List" id="8c84fa94-04c1-424b-9868-57a2d4851a1d" />
    <TestList name="All Loaded Results" id="19431567-8539-422a-85d7-44ee4e166bda" />
  </TestLists>
  <ResultSummary outcome="Completed">
    <Counters total="4" executed="4" passed="4" failed="0" error="0" timeout="0" aborted="0" inconclusive="0" passedButRunAborted="0" notRunnable="0" notExecuted="0" disconnected="0" warning="0" completed="0" inProgress="0" pending="0" />
    <Output>
      <StdOut>TestAdapter: ricaun.RevitTest.TestAdapter 	1.11.1 	[Net Core]&#xD;
RunTest: C:\LECG\RevitAddins\LECG\tools\SetterValidationProbe\bin\x64\Debug\net10.0-windows\SetterValidationProbe.dll [TestCase: 4]&#xD;
Test: LECG.SetterValidationProbe.ProjectArchitectureBatch.RunProjectArchitecture.RunProjectArchitecture("Architecture.StairsLanding.BaseElevation")&#xD;
Test: LECG.SetterValidationProbe.ProjectArchitectureBatch.RunProjectArchitecture.RunProjectArchitecture("Architecture.StairsRun.BaseElevation")&#xD;
Test: LECG.SetterValidationProbe.ProjectArchitectureBatch.RunProjectArchitecture.RunProjectArchitecture("Architecture.StairsRun.TopElevation")&#xD;
Test: LECG.SetterValidationProbe.ProjectArchitectureBatch.RunProjectArchitecture.RunProjectArchitecture("AssemblyInstance.NamingCategoryId")&#xD;
Metadata: NUnit.Version 	 2026&#xD;
Metadata: NUnit.Open 	 true&#xD;
Metadata: NUnit.Close 	 true&#xD;
Metadata: NUnit.Timeout 	 45&#xD;
Metadata: NUnit.Verbosity 	 2&#xD;
AdapterSettings: {"NUnit":{"Version":"2026","Language":null,"Open":true,"Close":true,"Timeout":45.0,"Verbosity":2,"Application":null,"Metadata":true}}&#xD;
---------&#xD;
RevitTestConsole: &#xD;
---------&#xD;
Application: ricaun.RevitTest.Console.zip&#xD;
Application Download: ricaun.RevitTest.Console.zip&#xD;
Application Process: ricaun.RevitTest.Console.exe 1.11.1&#xD;
Application: ricaun.RevitTest.Console.exe&#xD;
Application: File Signed by ricaun Ltda [Verokey]&#xD;
Application: ricaun.RevitTest.Console.exe is trusted.&#xD;
	TestFilter: LECG.SetterValidationProbe.ProjectArchitectureBatch.RunProjectArchitecture.RunProjectArchitecture("Architecture.StairsLanding.BaseElevation")&#xD;
	TestFilter: LECG.SetterValidationProbe.ProjectArchitectureBatch.RunProjectArchitecture.RunProjectArchitecture("Architecture.StairsRun.BaseElevation")&#xD;
	TestFilter: LECG.SetterValidationProbe.ProjectArchitectureBatch.RunProjectArchitecture.RunProjectArchitecture("Architecture.StairsRun.TopElevation")&#xD;
	TestFilter: LECG.SetterValidationProbe.ProjectArchitectureBatch.RunProjectArchitecture.RunProjectArchitecture("AssemblyInstance.NamingCategoryId")&#xD;
RunRevitTest: C:\LECG\RevitAddins\LECG\tools\SetterValidationProbe\bin\x64\Debug\net10.0-windows\SetterValidationProbe.dll [Version: 2026] [TestFilter: 4]&#xD;
OutputConsole:  -------------------------------&#xD;
OutputConsole:  ricaun.RevitTest.Command 1.11.1 [Net Core] [ricaun.NUnit 1.5.0 3.13.3]&#xD;
OutputConsole:  -------------------------------&#xD;
OutputConsole:  Revit 2026&#xD;
OutputConsole:  Revit 2026: Start /language ENU &#xD;
OutputConsole:  Revit 2026: ricaun.RevitTest.Application 1.11.1 [ricaun.NUnit 1.5.0 3.13.3]&#xD;
OutputConsole:  Revit 2026: Execution time is 0.5 minutes, maximum 45 minutes.&#xD;
OutputConsole:  Revit 2026: TestFile: SetterValidationProbe.dll TestFilters:["LECG.SetterValidationProbe.ProjectArchitectureBatch.RunProjectArchitecture.RunProjectArchitecture(\u0022Architecture.StairsLanding.BaseElevation\u0022)","LECG.SetterValidationProbe.ProjectArchitectureBatch.RunProjectArchitecture.RunProjectArchitecture(\u0022Architecture.StairsRun.BaseElevation\u0022)","LECG.SetterValidationProbe.ProjectArchitectureBatch.RunProjectArchitecture.RunProjectArchitecture(\u0022Architecture.StairsRun.TopElevation\u0022)","LECG.SetterValidationProbe.ProjectArchitectureBatch.RunProjectArchitecture.RunProjectArchitecture(\u0022AssemblyInstance.NamingCategoryId\u0022)"]&#xD;
OutputConsole:  Revit 2026: 11615 	 RunProjectArchitecture("Architecture.StairsLanding.BaseElevation")[RunProjectArchitecture]	 Passed	 &#xD;
	TestCase: LECG.SetterValidationProbe.ProjectArchitectureBatch.RunProjectArchitecture [RunProjectArchitecture("Architecture.StairsLanding.BaseElevation")] 	1e54c816-81c1-3ac8-ac1e-bbea86be1942&#xD;
OutputConsole:  Revit 2026: 12587.68 	 RunProjectArchitecture("Architecture.StairsRun.BaseElevation")[RunProjectArchitecture]	 Passed	 &#xD;
	TestCase: LECG.SetterValidationProbe.ProjectArchitectureBatch.RunProjectArchitecture [RunProjectArchitecture("Architecture.StairsRun.BaseElevation")] 	eb014952-938c-5e5a-7cb4-a880b83d5501&#xD;
OutputConsole:  Revit 2026: Execution time is 0.5 minutes, maximum 45 minutes.&#xD;
OutputConsole:  Revit 2026: 10695.27 	 RunProjectArchitecture("Architecture.StairsRun.TopElevation")[RunProjectArchitecture]	 Passed	 &#xD;
	TestCase: LECG.SetterValidationProbe.ProjectArchitectureBatch.RunProjectArchitecture [RunProjectArchitecture("Architecture.StairsRun.TopElevation")] 	e855d676-291c-3f19-2cbe-ba203701c7b0&#xD;
OutputConsole:  Revit 2026: 10892.84 	 RunProjectArchitecture("AssemblyInstance.NamingCategoryId")[RunProjectArchitecture]	 Passed	 &#xD;
	TestCase: LECG.SetterValidationProbe.ProjectArchitectureBatch.RunProjectArchitecture [RunProjectArchitecture("AssemblyInstance.NamingCategoryId")] 	6a0e6c21-41a3-ed5f-4d5f-52c9ed4111b6&#xD;
OutputConsole:  Revit 2026: 46162.02 	 SetterValidationProbe 4 True 100% 46162.02ms&#xD;
OutputConsole:  Revit 2026: Tests Finished&#xD;
OutputConsole:  Revit 2026: Exited&#xD;
OutputConsole:  Revit 2026: Finish&#xD;
Dispose: ricaun.RevitTest.Console.exe&#xD;
---------&#xD;
</StdOut>
    </Output>
  </ResultSummary>
</TestRun>