<?xml version="1.0" encoding="utf-8"?>
<TestRun id="242185d4-6327-4362-93a9-7c9785123126" name="LECG Arquitectura@DESKTOP-1FAV1F2 2026-09-15 18:06:25" runUser="DESKTOP-1FAV1F2\LECG Arquitectura" xmlns="http://microsoft.com/schemas/VisualStudio/TeamTest/2010">
  <Times creation="2026-09-15T18:06:25.5045124-06:00" queuing="2026-09-15T18:06:25.5045126-06:00" start="2026-09-15T18:05:40.2283800-06:00" finish="2026-09-15T18:06:50.6290230-06:00" />
  <TestSettings name="default" id="9825c702-2dbb-4abf-a02d-27a9cdfec034">
    <Deployment runDeploymentRoot="LECG_Arquitectura_DESKTOP-1FAV1F2_2026-09-15_18_06_25" />
  </TestSettings>
  <Results>
    <UnitTestResult executionId="39a15e04-c8a8-4397-9ccf-daec33732ffb" testId="8ecdf5fd-9d5a-b740-8849-36c45f700a30" testName="ClassifyPersistence(&quot;ViewSheetSet.ViewOrganizationId&quot;)" computerName="DESKTOP-1FAV1F2" duration="00:00:11.7849700" startTime="2026-09-15T18:06:48.2821032-06:00" endTime="2026-09-15T18:06:48.2821036-06:00" testType="13cdc9d9-ddb5-4fa4-a97d-d965ccfc6d4b" outcome="Passed" testListId="8c84fa94-04c1-424b-9868-57a2d4851a1d" relativeResultsDirectory="39a15e04-c8a8-4397-9ccf-daec33732ffb">
      <Output></Output>
    </UnitTestResult>
    <UnitTestResult executionId="b280a84c-460e-4a4c-bc21-7fa332ec5b1e" testId="4028127f-ed89-c942-9437-f5db45ae56b9" testName="ClassifyPersistence(&quot;ViewSheetSet.SheetOrganizationId&quot;)" computerName="DESKTOP-1FAV1F2" duration="00:00:11.5301200" startTime="2026-09-15T18:06:36.4959542-06:00" endTime="2026-09-15T18:06:36.4959545-06:00" testType="13cdc9d9-ddb5-4fa4-a97d-d965ccfc6d4b" outcome="Passed" testListId="8c84fa94-04c1-424b-9868-57a2d4851a1d" relativeResultsDirectory="b280a84c-460e-4a4c-bc21-7fa332ec5b1e">
      <Output></Output>
    </UnitTestResult>
    <UnitTestResult executionId="220e9290-cf52-42f2-af6e-2f0259b0dd98" testId="5c3e49d1-45ad-5a81-808f-387c8a439fd7" testName="ClassifyPersistence(&quot;ViewSheetSet.IsAutomatic&quot;)" computerName="DESKTOP-1FAV1F2" duration="00:00:12.6914200" startTime="2026-09-15T18:06:24.9765276-06:00" endTime="2026-09-15T18:06:24.9765502-06:00" testType="13cdc9d9-ddb5-4fa4-a97d-d965ccfc6d4b" outcome="Passed" testListId="8c84fa94-04c1-424b-9868-57a2d4851a1d" relativeResultsDirectory="220e9290-cf52-42f2-af6e-2f0259b0dd98">
      <Output></Output>
    </UnitTestResult>
  </Results>
  <TestDefinitions>
    <UnitTest name="ClassifyPersistence(&quot;ViewSheetSet.SheetOrganizationId&quot;)" storage="c:\lecg\revitaddins\lecg\tools\settervalidationprobe\bin\x64\debug\net10.0-windows\settervalidationprobe.dll" id="4028127f-ed89-c942-9437-f5db45ae56b9">
      <Execution id="b280a84c-460e-4a4c-bc21-7fa332ec5b1e" />
      <TestMethod codeBase="C:\LECG\RevitAddins\LECG\tools\SetterValidationProbe\bin\x64\Debug\net10.0-windows\SetterValidationProbe.dll" adapterTypeName="executor://ricaun.revittest.testexecutor/v1" className="LECG.SetterValidationProbe.ProjectViewSheetSetBatch" name="ClassifyPersistence" />
    </UnitTest>
    <UnitTest name="ClassifyPersistence(&quot;ViewSheetSet.IsAutomatic&quot;)" storage="c:\lecg\revitaddins\lecg\tools\settervalidationprobe\bin\x64\debug\net10.0-windows\settervalidationprobe.dll" id="5c3e49d1-45ad-5a81-808f-387c8a439fd7">
      <Execution id="220e9290-cf52-42f2-af6e-2f0259b0dd98" />
      <TestMethod codeBase="C:\LECG\RevitAddins\LECG\tools\SetterValidationProbe\bin\x64\Debug\net10.0-windows\SetterValidationProbe.dll" adapterTypeName="executor://ricaun.revittest.testexecutor/v1" className="LECG.SetterValidationProbe.ProjectViewSheetSetBatch" name="ClassifyPersistence" />
    </UnitTest>
    <UnitTest name="ClassifyPersistence(&quot;ViewSheetSet.ViewOrganizationId&quot;)" storage="c:\lecg\revitaddins\lecg\tools\settervalidationprobe\bin\x64\debug\net10.0-windows\settervalidationprobe.dll" id="8ecdf5fd-9d5a-b740-8849-36c45f700a30">
      <Execution id="39a15e04-c8a8-4397-9ccf-daec33732ffb" />
      <TestMethod codeBase="C:\LECG\RevitAddins\LECG\tools\SetterValidationProbe\bin\x64\Debug\net10.0-windows\SetterValidationProbe.dll" adapterTypeName="executor://ricaun.revittest.testexecutor/v1" className="LECG.SetterValidationProbe.ProjectViewSheetSetBatch" name="ClassifyPersistence" />
    </UnitTest>
  </TestDefinitions>
  <TestEntries>
    <TestEntry testId="8ecdf5fd-9d5a-b740-8849-36c45f700a30" executionId="39a15e04-c8a8-4397-9ccf-daec33732ffb" testListId="8c84fa94-04c1-424b-9868-57a2d4851a1d" />
    <TestEntry testId="4028127f-ed89-c942-9437-f5db45ae56b9" executionId="b280a84c-460e-4a4c-bc21-7fa332ec5b1e" testListId="8c84fa94-04c1-424b-9868-57a2d4851a1d" />
    <TestEntry testId="5c3e49d1-45ad-5a81-808f-387c8a439fd7" executionId="220e9290-cf52-42f2-af6e-2f0259b0dd98" testListId="8c84fa94-04c1-424b-9868-57a2d4851a1d" />
  </TestEntries>
  <TestLists>
    <TestList name="Results Not in a List" id="8c84fa94-04c1-424b-9868-57a2d4851a1d" />
    <TestList name="All Loaded Results" id="19431567-8539-422a-85d7-44ee4e166bda" />
  </TestLists>
  <ResultSummary outcome="Completed">
    <Counters total="3" executed="3" passed="3" failed="0" error="0" timeout="0" aborted="0" inconclusive="0" passedButRunAborted="0" notRunnable="0" notExecuted="0" disconnected="0" warning="0" completed="0" inProgress="0" pending="0" />
    <Output>
      <StdOut>TestAdapter: ricaun.RevitTest.TestAdapter 	1.11.1 	[Net Core]&#xD;
RunTest: C:\LECG\RevitAddins\LECG\tools\SetterValidationProbe\bin\x64\Debug\net10.0-windows\SetterValidationProbe.dll [TestCase: 3]&#xD;
Test: LECG.SetterValidationProbe.ProjectViewSheetSetBatch.ClassifyPersistence.ClassifyPersistence("ViewSheetSet.IsAutomatic")&#xD;
Test: LECG.SetterValidationProbe.ProjectViewSheetSetBatch.ClassifyPersistence.ClassifyPersistence("ViewSheetSet.SheetOrganizationId")&#xD;
Test: LECG.SetterValidationProbe.ProjectViewSheetSetBatch.ClassifyPersistence.ClassifyPersistence("ViewSheetSet.ViewOrganizationId")&#xD;
Metadata: NUnit.Version 	 2026&#xD;
Metadata: NUnit.Open 	 true&#xD;
Metadata: NUnit.Close 	 true&#xD;
Metadata: NUnit.Timeout 	 45&#xD;
Metadata: NUnit.Verbosity 	 2&#xD;
AdapterSettings: {"NUnit":{"Version":"2026","Language":null,"Open":true,"Close":true,"Timeout":45.0,"Verbosity":2,"Application":null,"Metadata":true}}&#xD;
---------&#xD;
RevitTestConsole: &#xD;
---------&#xD;
Application: ricaun.RevitTest.Console.zip&#xD;
Application Download: ricaun.RevitTest.Console.zip&#xD;
Application Process: ricaun.RevitTest.Console.exe 1.11.1&#xD;
Application: ricaun.RevitTest.Console.exe&#xD;
Application: File Signed by ricaun Ltda [Verokey]&#xD;
Application: ricaun.RevitTest.Console.exe is trusted.&#xD;
	TestFilter: LECG.SetterValidationProbe.ProjectViewSheetSetBatch.ClassifyPersistence.ClassifyPersistence("ViewSheetSet.IsAutomatic")&#xD;
	TestFilter: LECG.SetterValidationProbe.ProjectViewSheetSetBatch.ClassifyPersistence.ClassifyPersistence("ViewSheetSet.SheetOrganizationId")&#xD;
	TestFilter: LECG.SetterValidationProbe.ProjectViewSheetSetBatch.ClassifyPersistence.ClassifyPersistence("ViewSheetSet.ViewOrganizationId")&#xD;
RunRevitTest: C:\LECG\RevitAddins\LECG\tools\SetterValidationProbe\bin\x64\Debug\net10.0-windows\SetterValidationProbe.dll [Version: 2026] [TestFilter: 3]&#xD;
OutputConsole:  -------------------------------&#xD;
OutputConsole:  ricaun.RevitTest.Command 1.11.1 [Net Core] [ricaun.NUnit 1.5.0 3.13.3]&#xD;
OutputConsole:  -------------------------------&#xD;
OutputConsole:  Revit 2026&#xD;
OutputConsole:  Revit 2026: Start /language ENU &#xD;
OutputConsole:  Revit 2026: ricaun.RevitTest.Application 1.11.1 [ricaun.NUnit 1.5.0 3.13.3]&#xD;
OutputConsole:  Revit 2026: TestFile: SetterValidationProbe.dll TestFilters:["LECG.SetterValidationProbe.ProjectViewSheetSetBatch.ClassifyPersistence.ClassifyPersistence(\u0022ViewSheetSet.IsAutomatic\u0022)","LECG.SetterValidationProbe.ProjectViewSheetSetBatch.ClassifyPersistence.ClassifyPersistence(\u0022ViewSheetSet.SheetOrganizationId\u0022)","LECG.SetterValidationProbe.ProjectViewSheetSetBatch.ClassifyPersistence.ClassifyPersistence(\u0022ViewSheetSet.ViewOrganizationId\u0022)"]&#xD;
OutputConsole:  Revit 2026: 12691.42 	 ClassifyPersistence("ViewSheetSet.IsAutomatic")[ClassifyPersistence]	 Passed	 &#xD;
	TestCase: LECG.SetterValidationProbe.ProjectViewSheetSetBatch.ClassifyPersistence [ClassifyPersistence("ViewSheetSet.IsAutomatic")] 	5c3e49d1-45ad-5a81-808f-387c8a439fd7&#xD;
OutputConsole:  Revit 2026: 11530.12 	 ClassifyPersistence("ViewSheetSet.SheetOrganizationId")[ClassifyPersistence]	 Passed	 &#xD;
	TestCase: LECG.SetterValidationProbe.ProjectViewSheetSetBatch.ClassifyPersistence [ClassifyPersistence("ViewSheetSet.SheetOrganizationId")] 	4028127f-ed89-c942-9437-f5db45ae56b9&#xD;
OutputConsole:  Revit 2026: Execution time is 0.5 minutes, maximum 45 minutes.&#xD;
OutputConsole:  Revit 2026: 11784.97 	 ClassifyPersistence("ViewSheetSet.ViewOrganizationId")[ClassifyPersistence]	 Passed	 &#xD;
	TestCase: LECG.SetterValidationProbe.ProjectViewSheetSetBatch.ClassifyPersistence [ClassifyPersistence("ViewSheetSet.ViewOrganizationId")] 	8ecdf5fd-9d5a-b740-8849-36c45f700a30&#xD;
OutputConsole:  Revit 2026: 36360.15 	 SetterValidationProbe 3 True 100% 36360.15ms&#xD;
OutputConsole:  Revit 2026: Tests Finished&#xD;
OutputConsole:  Revit 2026: Exited&#xD;
OutputConsole:  Revit 2026: Finish&#xD;
Dispose: ricaun.RevitTest.Console.exe&#xD;
---------&#xD;
</StdOut>
    </Output>
  </ResultSummary>
</TestRun>