<?xml version="1.0" encoding="utf-8"?>
<TestRun id="9334fb85-1604-46a3-9921-7a52921406ca" name="LECG Arquitectura@DESKTOP-1FAV1F2 2026-09-15 18:16:38" runUser="DESKTOP-1FAV1F2\LECG Arquitectura" xmlns="http://microsoft.com/schemas/VisualStudio/TeamTest/2010">
  <Times creation="2026-09-15T18:16:38.9085472-06:00" queuing="2026-09-15T18:16:38.9085476-06:00" start="2026-09-15T18:15:50.6362390-06:00" finish="2026-09-15T18:16:39.8184797-06:00" />
  <TestSettings name="default" id="9dc01c3d-946e-441b-8f64-fdb48f1e70e2">
    <Deployment runDeploymentRoot="LECG_Arquitectura_DESKTOP-1FAV1F2_2026-09-15_18_16_38" />
  </TestSettings>
  <Results>
    <UnitTestResult executionId="4708b92f-6fdc-4880-ab21-ec442e6bd807" testId="2b006295-a70a-71da-e24e-ca83c893eab2" testName="RunProjectMepCircuit(&quot;Electrical.ElectricalSystem.CircuitConnectionType&quot;)" computerName="DESKTOP-1FAV1F2" duration="00:00:13.1586500" startTime="2026-09-15T18:16:37.8653285-06:00" endTime="2026-09-15T18:16:37.8653448-06:00" testType="13cdc9d9-ddb5-4fa4-a97d-d965ccfc6d4b" outcome="Passed" testListId="8c84fa94-04c1-424b-9868-57a2d4851a1d" relativeResultsDirectory="4708b92f-6fdc-4880-ab21-ec442e6bd807">
      <Output></Output>
    </UnitTestResult>
  </Results>
  <TestDefinitions>
    <UnitTest name="RunProjectMepCircuit(&quot;Electrical.ElectricalSystem.CircuitConnectionType&quot;)" storage="c:\lecg\revitaddins\lecg\tools\settervalidationprobe\bin\x64\debug\net10.0-windows\settervalidationprobe.dll" id="2b006295-a70a-71da-e24e-ca83c893eab2">
      <Execution id="4708b92f-6fdc-4880-ab21-ec442e6bd807" />
      <TestMethod codeBase="C:\LECG\RevitAddins\LECG\tools\SetterValidationProbe\bin\x64\Debug\net10.0-windows\SetterValidationProbe.dll" adapterTypeName="executor://ricaun.revittest.testexecutor/v1" className="LECG.SetterValidationProbe.ProjectMepCircuitBatch" name="RunProjectMepCircuit" />
    </UnitTest>
  </TestDefinitions>
  <TestEntries>
    <TestEntry testId="2b006295-a70a-71da-e24e-ca83c893eab2" executionId="4708b92f-6fdc-4880-ab21-ec442e6bd807" testListId="8c84fa94-04c1-424b-9868-57a2d4851a1d" />
  </TestEntries>
  <TestLists>
    <TestList name="Results Not in a List" id="8c84fa94-04c1-424b-9868-57a2d4851a1d" />
    <TestList name="All Loaded Results" id="19431567-8539-422a-85d7-44ee4e166bda" />
  </TestLists>
  <ResultSummary outcome="Completed">
    <Counters total="1" executed="1" passed="1" failed="0" error="0" timeout="0" aborted="0" inconclusive="0" passedButRunAborted="0" notRunnable="0" notExecuted="0" disconnected="0" warning="0" completed="0" inProgress="0" pending="0" />
    <Output>
      <StdOut>TestAdapter: ricaun.RevitTest.TestAdapter 	1.11.1 	[Net Core]&#xD;
RunTest: C:\LECG\RevitAddins\LECG\tools\SetterValidationProbe\bin\x64\Debug\net10.0-windows\SetterValidationProbe.dll [TestCase: 1]&#xD;
Test: LECG.SetterValidationProbe.ProjectMepCircuitBatch.RunProjectMepCircuit.RunProjectMepCircuit("Electrical.ElectricalSystem.CircuitConnectionType")&#xD;
Metadata: NUnit.Version 	 2026&#xD;
Metadata: NUnit.Open 	 true&#xD;
Metadata: NUnit.Close 	 true&#xD;
Metadata: NUnit.Timeout 	 45&#xD;
Metadata: NUnit.Verbosity 	 2&#xD;
AdapterSettings: {"NUnit":{"Version":"2026","Language":null,"Open":true,"Close":true,"Timeout":45.0,"Verbosity":2,"Application":null,"Metadata":true}}&#xD;
---------&#xD;
RevitTestConsole: &#xD;
---------&#xD;
Application: ricaun.RevitTest.Console.zip&#xD;
Application Download: ricaun.RevitTest.Console.zip&#xD;
Application Process: ricaun.RevitTest.Console.exe 1.11.1&#xD;
Application: ricaun.RevitTest.Console.exe&#xD;
Application: File Signed by ricaun Ltda [Verokey]&#xD;
Application: ricaun.RevitTest.Console.exe is trusted.&#xD;
	TestFilter: LECG.SetterValidationProbe.ProjectMepCircuitBatch.RunProjectMepCircuit.RunProjectMepCircuit("Electrical.ElectricalSystem.CircuitConnectionType")&#xD;
RunRevitTest: C:\LECG\RevitAddins\LECG\tools\SetterValidationProbe\bin\x64\Debug\net10.0-windows\SetterValidationProbe.dll [Version: 2026] [TestFilter: 1]&#xD;
OutputConsole:  -------------------------------&#xD;
OutputConsole:  ricaun.RevitTest.Command 1.11.1 [Net Core] [ricaun.NUnit 1.5.0 3.13.3]&#xD;
OutputConsole:  -------------------------------&#xD;
OutputConsole:  Revit 2026&#xD;
OutputConsole:  Revit 2026: Start /language ENU &#xD;
OutputConsole:  Revit 2026: ricaun.RevitTest.Application 1.11.1 [ricaun.NUnit 1.5.0 3.13.3]&#xD;
OutputConsole:  Revit 2026: TestFile: SetterValidationProbe.dll TestFilters:["LECG.SetterValidationProbe.ProjectMepCircuitBatch.RunProjectMepCircuit.RunProjectMepCircuit(\u0022Electrical.ElectricalSystem.CircuitConnectionType\u0022)"]&#xD;
OutputConsole:  Revit 2026: 13158.65 	 RunProjectMepCircuit("Electrical.ElectricalSystem.CircuitConnectionType")[RunProjectMepCircuit]	 Passed	 &#xD;
	TestCase: LECG.SetterValidationProbe.ProjectMepCircuitBatch.RunProjectMepCircuit [RunProjectMepCircuit("Electrical.ElectricalSystem.CircuitConnectionType")] 	2b006295-a70a-71da-e24e-ca83c893eab2&#xD;
OutputConsole:  Revit 2026: 13360.77 	 SetterValidationProbe 1 True 100% 13360.77ms&#xD;
OutputConsole:  Revit 2026: Tests Finished&#xD;
OutputConsole:  Revit 2026: Exited&#xD;
OutputConsole:  Revit 2026: Finish&#xD;
Dispose: ricaun.RevitTest.Console.exe&#xD;
---------&#xD;
</StdOut>
    </Output>
  </ResultSummary>
</TestRun>