<?xml version="1.0" encoding="utf-8"?>
<TestRun id="0e3f00b9-7ad1-482e-bb89-296870d76ef6" name="LECG Arquitectura@DESKTOP-1FAV1F2 2026-09-05 10:56:42" runUser="DESKTOP-1FAV1F2\LECG Arquitectura" xmlns="http://microsoft.com/schemas/VisualStudio/TeamTest/2010">
  <Times creation="2026-09-05T10:56:42.6193471-06:00" queuing="2026-09-05T10:56:42.6193472-06:00" start="2026-09-05T10:56:41.5957188-06:00" finish="2026-09-05T10:56:42.7760550-06:00" />
  <TestSettings name="default" id="2d719f72-3ed7-45db-ac5c-623530edde3e">
    <Deployment runDeploymentRoot="LECG_Arquitectura_DESKTOP-1FAV1F2_2026-09-05_10_56_42" />
  </TestSettings>
  <Results>
    <UnitTestResult executionId="12eb1478-de91-4b72-9f7f-fdafdf7051c4" testId="9c22c25f-8087-dd0f-3583-d0a68f59f233" testName="LECG.Tests.ViewModels.SearchReplaceViewModelTests.FilterCategory_shim_still_drives_the_selection_set" computerName="DESKTOP-1FAV1F2" duration="00:00:00.0019155" startTime="2026-09-05T10:56:42.7084337-06:00" endTime="2026-09-05T10:56:42.7084338-06:00" testType="13cdc9d9-ddb5-4fa4-a97d-d965ccfc6d4b" outcome="Passed" testListId="8c84fa94-04c1-424b-9868-57a2d4851a1d" relativeResultsDirectory="12eb1478-de91-4b72-9f7f-fdafdf7051c4" />
    <UnitTestResult executionId="bb6e523e-c5a1-40df-bbb1-d77941114047" testId="dc7e91bd-98c7-5983-b330-d713029c3436" testName="LECG.Tests.Services.Logging.Logger_ScopeParameterTests.Log_AcceptsOptionalScopeParameter" computerName="DESKTOP-1FAV1F2" duration="00:00:00.0000331" startTime="2026-09-05T10:56:42.5520708-06:00" endTime="2026-09-05T10:56:42.5520708-06:00" testType="13cdc9d9-ddb5-4fa4-a97d-d965ccfc6d4b" outcome="Passed" testListId="8c84fa94-04c1-424b-9868-57a2d4851a1d" relativeResultsDirectory="bb6e523e-c5a1-40df-bbb1-d77941114047" />
    <UnitTestResult executionId="790c0382-ae45-475f-827c-5b9b28c071a9" testId="0349e1b6-971c-c2b7-1687-c406d1087b03" testName="LECG.Tests.ViewModels.SearchReplaceViewModelTests.SelectAll_ignores_rows_hidden_by_the_filter" computerName="DESKTOP-1FAV1F2" duration="00:00:00.0002027" startTime="2026-09-05T10:56:42.7113759-06:00" endTime="2026-09-05T10:56:42.7113760-06:00" testType="13cdc9d9-ddb5-4fa4-a97d-d965ccfc6d4b" outcome="Passed" testListId="8c84fa94-04c1-424b-9868-57a2d4851a1d" relativeResultsDirectory="790c0382-ae45-475f-827c-5b9b28c071a9" />
    <UnitTestResult executionId="8c284144-8531-4a30-9cd5-ecbd17c739ff" testId="77721ea2-6caa-78e8-2e26-af8ff2ed657a" testName="LECG.Tests.Services.FormulaNameUpdaterTests.UpdateFormula_WhenCaseDiffers_DoesNotReplace" computerName="DESKTOP-1FAV1F2" duration="00:00:00.0003557" startTime="2026-09-05T10:56:42.6231288-06:00" endTime="2026-09-05T10:56:42.6231288-06:00" testType="13cdc9d9-ddb5-4fa4-a97d-d965ccfc6d4b" outcome="Passed" testListId="8c84fa94-04c1-424b-9868-57a2d4851a1d" relativeResultsDirectory="8c284144-8531-4a30-9cd5-ecbd17c739ff" />
    <UnitTestResult executionId="6ad6bb8a-f2c3-4d4b-ba2b-dc11baec7d96" testId="87ccdf4b-5c89-eed2-dce4-8ee70aea24d3" testName="LECG.Tests.Services.ElementLabelServiceTests.GetLabelsFromRaw_falls_back_to_clr_type_name_when_category_is_whitespace" computerName="DESKTOP-1FAV1F2" duration="00:00:00.0000783" startTime="2026-09-05T10:56:42.6218750-06:00" endTime="2026-09-05T10:56:42.6218750-06:00" testType="13cdc9d9-ddb5-4fa4-a97d-d965ccfc6d4b" outcome="Passed" testListId="8c84fa94-04c1-424b-9868-57a2d4851a1d" relativeResultsDirectory="6ad6bb8a-f2c3-4d4b-ba2b-dc11baec7d96" />
    <UnitTestResult executionId="b5635c6b-b71c-440e-9e14-1318fe2d857e" testId="f4b03715-2b1b-fc55-39a8-26bcfe16d5c0" testName="LECG.Tests.ViewModels.SearchReplaceViewModelTests.SelectNone_ignores_rows_hidden_by_the_filter" computerName="DESKTOP-1FAV1F2" duration="00:00:00.0003334" startTime="2026-09-05T10:56:42.7111418-06:00" endTime="2026-09-05T10:56:42.7111418-06:00" testType="13cdc9d9-ddb5-4fa4-a97d-d965ccfc6d4b" outcome="Passed" testListId="8c84fa94-04c1-424b-9868-57a2d4851a1d" relativeResultsDirectory="b5635c6b-b71c-440e-9e14-1318fe2d857e" />
    <UnitTestResult executionId="3738f2db-c93c-4d8f-b15a-80f59ecafff7" testId="81e1a485-0d48-ed45-40f5-217ab4ad3aec" testName="LECG.Tests.Services.RenameSkipDetectorTests.GetStandardItemSkipReason_SystemFamily_IsSystemFamilyTrue_ReturnsReason" computerName="DESKTOP-1FAV1F2" duration="00:00:00.0001253" startTime="2026-09-05T10:56:42.6273875-06:00" endTime="2026-09-05T10:56:42.6273875-06:00" testType="13cdc9d9-ddb5-4fa4-a97d-d965ccfc6d4b" outcome="Passed" testListId="8c84fa94-04c1-424b-9868-57a2d4851a1d" relativeResultsDirectory="3738f2db-c93c-4d8f-b15a-80f59ecafff7" />
    <UnitTestResult executionId="67cc0972-d9f3-45cb-b2bf-dab0b564b6ec" testId="3db3fe45-f69d-57b0-f3fb-e4ad80e79dae" testName="LECG.Tests.Core.PurgeResultTests.Add_accumulates_across_several_passes" computerName="DESKTOP-1FAV1F2" duration="00:00:00.0002100" startTime="2026-09-05T10:56:42.6280529-06:00" endTime="2026-09-05T10:56:42.6280529-06:00" testType="13cdc9d9-ddb5-4fa4-a97d-d965ccfc6d4b" outcome="Passed" testListId="8c84fa94-04c1-424b-9868-57a2d4851a1d" relativeResultsDirectory="67cc0972-d9f3-45cb-b2bf-dab0b564b6ec" />
    <UnitTestResult executionId="bffec558-8d23-48ab-b817-d62607198c62" testId="e564e6f7-7918-669e-6df8-1cb97e8aa925" testName="LECG.Tests.Services.WarningGroupingPolicyTests.Group_GroupsByDescription_WithCounts" computerName="DESKTOP-1FAV1F2" duration="00:00:00.0003305" startTime="2026-09-05T10:56:42.6722292-06:00" endTime="2026-09-05T10:56:42.6722293-06:00" testType="13cdc9d9-ddb5-4fa4-a97d-d965ccfc6d4b" outcome="Passed" testListId="8c84fa94-04c1-424b-9868-57a2d4851a1d" relativeResultsDirectory="bffec558-8d23-48ab-b817-d62607198c62" />
    <UnitTestResult executionId="b059b968-6e0e-4712-a5b6-936704d04d69" testId="8733d982-0390-5fff-42e5-bff9bb073eaa" testName="LECG.Tests.ViewModels.SearchReplaceViewModelTests.InvertSelection_flips_only_visible_renameable_rows" computerName="DESKTOP-1FAV1F2" duration="00:00:00.0002545" startTime="2026-09-05T10:56:42.7138863-06:00" endTime="2026-09-05T10:56:42.7138864-06:00" testType="13cdc9d9-ddb5-4fa4-a97d-d965ccfc6d4b" outcome="Passed" testListId="8c84fa94-04c1-424b-9868-57a2d4851a1d" relativeResultsDirectory="b059b968-6e0e-4712-a5b6-936704d04d69" />
    <UnitTestResult executionId="059063cc-df25-4d83-9e0b-f82e885c3621" testId="07a85995-86c2-fe9f-817d-e5936f5f6fac" testName="LECG.Tests.Services.WarningsServiceTests.ReadAll_SkipsThrowingMessage_AndContinues" computerName="DESKTOP-1FAV1F2" duration="00:00:00.0004032" startTime="2026-09-05T10:56:42.6288269-06:00" endTime="2026-09-05T10:56:42.6288269-06:00" testType="13cdc9d9-ddb5-4fa4-a97d-d965ccfc6d4b" outcome="Passed" testListId="8c84fa94-04c1-424b-9868-57a2d4851a1d" relativeResultsDirectory="059063cc-df25-4d83-9e0b-f82e885c3621" />
    <UnitTestResult executionId="201286b1-d3c5-4fc7-b122-b8da345e4239" testId="3465cde9-da70-b562-5ec1-509bc1d77ade" testName="LECG.Tests.Services.RenameSkipDetectorTests.GetStandardItemSkipReason_SheetNumberLocked_ReturnsReason" computerName="DESKTOP-1FAV1F2" duration="00:00:00.0000693" startTime="2026-09-05T10:56:42.6281331-06:00" endTime="2026-09-05T10:56:42.6281332-06:00" testType="13cdc9d9-ddb5-4fa4-a97d-d965ccfc6d4b" outcome="Passed" testListId="8c84fa94-04c1-424b-9868-57a2d4851a1d" relativeResultsDirectory="201286b1-d3c5-4fc7-b122-b8da345e4239" />
    <UnitTestResult executionId="a19347b8-4768-4069-9c41-b0d77b9a7bc9" testId="b6e6d972-d5db-67be-73ae-2aae8eba255c" testName="LECG.Tests.Services.RenameRuleEngineTests.ApplyAdd_WhenConfigured_AppliesInsertPrefixAndSuffix" computerName="DESKTOP-1FAV1F2" duration="00:00:00.0004237" startTime="2026-09-05T10:56:42.6263090-06:00" endTime="2026-09-05T10:56:42.6263091-06:00" testType="13cdc9d9-ddb5-4fa4-a97d-d965ccfc6d4b" outcome="Passed" testListId="8c84fa94-04c1-424b-9868-57a2d4851a1d" relativeResultsDirectory="a19347b8-4768-4069-9c41-b0d77b9a7bc9" />
    <UnitTestResult executionId="23276eab-f584-4413-bc4c-593975e80fed" testId="1e3e778f-70a1-d6d7-64dd-aafc110dd9c4" testName="LECG.Tests.Views.BrandTokenTests.NoView_HardcodesAColour" computerName="DESKTOP-1FAV1F2" duration="00:00:00.0176056" startTime="2026-09-05T10:56:42.6291432-06:00" endTime="2026-09-05T10:56:42.6291432-06:00" testType="13cdc9d9-ddb5-4fa4-a97d-d965ccfc6d4b" outcome="Passed" testListId="8c84fa94-04c1-424b-9868-57a2d4851a1d" relativeResultsDirectory="23276eab-f584-4413-bc4c-593975e80fed" />
    <UnitTestResult executionId="2bb72463-bcc2-4fe7-b18c-5cc1127deae8" testId="715295e7-1f3e-e10f-6aa5-24497e4f6d42" testName="LECG.Tests.Services.BatchRenameExecutionServiceTests.EvaluateStandardItemSkipReason_SheetLocked_ReturnsLockedReason" computerName="DESKTOP-1FAV1F2" duration="00:00:00.0003976" startTime="2026-09-05T10:56:42.6235855-06:00" endTime="2026-09-05T10:56:42.6235855-06:00" testType="13cdc9d9-ddb5-4fa4-a97d-d965ccfc6d4b" outcome="Passed" testListId="8c84fa94-04c1-424b-9868-57a2d4851a1d" relativeResultsDirectory="2bb72463-bcc2-4fe7-b18c-5cc1127deae8" />
    <UnitTestResult executionId="409eb497-649a-44ba-a578-abd76cf83a2b" testId="57ed3661-998d-e6b5-b05a-8d36e84fb6a6" testName="LECG.Tests.Views.XamlResourceTests.EveryResourceKey_IsDefined" computerName="DESKTOP-1FAV1F2" duration="00:00:00.0073449" startTime="2026-09-05T10:56:42.6372642-06:00" endTime="2026-09-05T10:56:42.6372644-06:00" testType="13cdc9d9-ddb5-4fa4-a97d-d965ccfc6d4b" outcome="Passed" testListId="8c84fa94-04c1-424b-9868-57a2d4851a1d" relativeResultsDirectory="409eb497-649a-44ba-a578-abd76cf83a2b" />
    <UnitTestResult executionId="48d1312b-dbb6-4c09-abb2-ed0072efa6ae" testId="db3bd2a1-e24e-53b0-04ae-54981ec5c7d5" testName="LECG.Tests.ViewModels.SexyRevitGraphicsPolicyTests.Evaluate_WhenSettingsIsNull_ThrowsArgumentNullException" computerName="DESKTOP-1FAV1F2" duration="00:00:00.0032286" startTime="2026-09-05T10:56:42.6271063-06:00" endTime="2026-09-05T10:56:42.6271063-06:00" testType="13cdc9d9-ddb5-4fa4-a97d-d965ccfc6d4b" outcome="Passed" testListId="8c84fa94-04c1-424b-9868-57a2d4851a1d" relativeResultsDirectory="48d1312b-dbb6-4c09-abb2-ed0072efa6ae" />
    <UnitTestResult executionId="c42f8c10-8829-4ec2-aa67-0d8d5e2e5fd0" testId="98c86b2b-cd18-3aa6-58c5-2fcfbd531212" testName="LECG.Tests.Services.FormulaUpdateServiceTests.UpdateFormula_DelegatesTo_FormulaNameUpdater_WithExactArgs" computerName="DESKTOP-1FAV1F2" duration="00:00:00.0004476" startTime="2026-09-05T10:56:42.6250659-06:00" endTime="2026-09-05T10:56:42.6250659-06:00" testType="13cdc9d9-ddb5-4fa4-a97d-d965ccfc6d4b" outcome="Passed" testListId="8c84fa94-04c1-424b-9868-57a2d4851a1d" relativeResultsDirectory="c42f8c10-8829-4ec2-aa67-0d8d5e2e5fd0" />
    <UnitTestResult executionId="7e92ad1e-9c18-43c8-a42d-dfc6d177f37b" testId="6927d4eb-f4fd-43ba-e5a7-60102cf301cd" testName="LECG.Tests.Services.LinePatternNamingPolicyTests.AverageLengthsMm_WhenGroupedVariantsExist_ReturnsMeanValues" computerName="DESKTOP-1FAV1F2" duration="00:00:00.0053045" startTime="2026-09-05T10:56:42.6289079-06:00" endTime="2026-09-05T10:56:42.6289080-06:00" testType="13cdc9d9-ddb5-4fa4-a97d-d965ccfc6d4b" outcome="Passed" testListId="8c84fa94-04c1-424b-9868-57a2d4851a1d" relativeResultsDirectory="7e92ad1e-9c18-43c8-a42d-dfc6d177f37b" />
    <UnitTestResult executionId="79322bd6-c77c-4fa5-b5dc-3accdeeedba6" testId="19370791-a96a-b7c4-6df9-c3d99c0ddf9a" testName="LECG.Tests.Services.LinePatternNamingPolicyTests.CreateFamilyName_WhenOddSegmentCount_ReturnsNull" computerName="DESKTOP-1FAV1F2" duration="00:00:00.0002484" startTime="2026-09-05T10:56:42.6239811-06:00" endTime="2026-09-05T10:56:42.6239812-06:00" testType="13cdc9d9-ddb5-4fa4-a97d-d965ccfc6d4b" outcome="Passed" testListId="8c84fa94-04c1-424b-9868-57a2d4851a1d" relativeResultsDirectory="79322bd6-c77c-4fa5-b5dc-3accdeeedba6" />
    <UnitTestResult executionId="3465dd01-f371-4bd1-9b8b-92231ed42d67" testId="50e70b69-0fea-b4ca-bc47-fece3ad40612" testName="LECG.Tests.Services.BaseElementCollectionServiceTests.DispatchScopeFlags_FamiliesOnly_ReturnsFamiliesMask" computerName="DESKTOP-1FAV1F2" duration="00:00:00.2068078" startTime="2026-09-05T10:56:42.6095877-06:00" endTime="2026-09-05T10:56:42.6095877-06:00" testType="13cdc9d9-ddb5-4fa4-a97d-d965ccfc6d4b" outcome="Passed" testListId="8c84fa94-04c1-424b-9868-57a2d4851a1d" relativeResultsDirectory="3465dd01-f371-4bd1-9b8b-92231ed42d67" />
    <UnitTestResult executionId="13ae944e-41a7-4498-b214-5ddc0d7e3d8a" testId="bbc1f8d0-05a7-5abb-1062-80617a58972d" testName="LECG.Tests.Validation.ValidationServiceTests.TryValidate_returns_messages_from_registered_validator" computerName="DESKTOP-1FAV1F2" duration="00:00:00.2971727" startTime="2026-09-05T10:56:42.6915343-06:00" endTime="2026-09-05T10:56:42.6915346-06:00" testType="13cdc9d9-ddb5-4fa4-a97d-d965ccfc6d4b" outcome="Passed" testListId="8c84fa94-04c1-424b-9868-57a2d4851a1d" relativeResultsDirectory="13ae944e-41a7-4498-b214-5ddc0d7e3d8a" />
    <UnitTestResult executionId="47614ba7-7a4f-4fc6-a81c-7a3a358319d2" testId="c5c4e24f-c67f-6f99-586f-3bf91edf1f4b" testName="LECG.Tests.ViewModels.SearchReplaceViewModelTests.CheckedCount_follows_an_individual_checkbox_click" computerName="DESKTOP-1FAV1F2" duration="00:00:00.0001908" startTime="2026-09-05T10:56:42.7161473-06:00" endTime="2026-09-05T10:56:42.7161474-06:00" testType="13cdc9d9-ddb5-4fa4-a97d-d965ccfc6d4b" outcome="Passed" testListId="8c84fa94-04c1-424b-9868-57a2d4851a1d" relativeResultsDirectory="47614ba7-7a4f-4fc6-a81c-7a3a358319d2" />
    <UnitTestResult executionId="01b1fbb5-2977-4f1a-8392-56eef0ed6554" testId="d45f1787-8306-b5b2-5b85-21bc7dead326" testName="LECG.Tests.Services.WarningGroupingPolicyTests.Group_CollectsDistinctElementIdsPerGroup" computerName="DESKTOP-1FAV1F2" duration="00:00:00.0700566" startTime="2026-09-05T10:56:42.6718804-06:00" endTime="2026-09-05T10:56:42.6718804-06:00" testType="13cdc9d9-ddb5-4fa4-a97d-d965ccfc6d4b" outcome="Passed" testListId="8c84fa94-04c1-424b-9868-57a2d4851a1d" relativeResultsDirectory="01b1fbb5-2977-4f1a-8392-56eef0ed6554" />
    <UnitTestResult executionId="a5e65565-becb-4277-acf6-f0bbdf22ec1b" testId="7485f6b0-a6eb-713e-dd1f-05e8d5575ee2" testName="LECG.Tests.ViewModels.SearchReplaceViewModelTests.Counts_track_the_active_filter" computerName="DESKTOP-1FAV1F2" duration="00:00:00.0002150" startTime="2026-09-05T10:56:42.7099468-06:00" endTime="2026-09-05T10:56:42.7099469-06:00" testType="13cdc9d9-ddb5-4fa4-a97d-d965ccfc6d4b" outcome="Passed" testListId="8c84fa94-04c1-424b-9868-57a2d4851a1d" relativeResultsDirectory="a5e65565-becb-4277-acf6-f0bbdf22ec1b" />
    <UnitTestResult executionId="7c000e59-c6c7-4195-9e83-904ec4e94eac" testId="05e7af08-9bcf-6274-0e90-fca17ecfe376" testName="LECG.Tests.Services.FormulaUpdateServiceTests.IFormulaUpdateService_IsInjectableIntoBatchRenameExecutionService_ViaConstructor" computerName="DESKTOP-1FAV1F2" duration="00:00:00.0005192" startTime="2026-09-05T10:56:42.6244242-06:00" endTime="2026-09-05T10:56:42.6244242-06:00" testType="13cdc9d9-ddb5-4fa4-a97d-d965ccfc6d4b" outcome="Passed" testListId="8c84fa94-04c1-424b-9868-57a2d4851a1d" relativeResultsDirectory="7c000e59-c6c7-4195-9e83-904ec4e94eac" />
    <UnitTestResult executionId="36aacab7-2ae3-4f15-bfb3-4e99d112d3c0" testId="ac4dca13-0696-008b-307b-28f3d805e66d" testName="LECG.Tests.Services.BatchRenameExecutionServiceTests.EvaluateStandardItemSkipReason_NameInScope_ReturnsCollisionReason" computerName="DESKTOP-1FAV1F2" duration="00:00:00.0000821" startTime="2026-09-05T10:56:42.6727678-06:00" endTime="2026-09-05T10:56:42.6727678-06:00" testType="13cdc9d9-ddb5-4fa4-a97d-d965ccfc6d4b" outcome="Passed" testListId="8c84fa94-04c1-424b-9868-57a2d4851a1d" relativeResultsDirectory="36aacab7-2ae3-4f15-bfb3-4e99d112d3c0" />
    <UnitTestResult executionId="cd90d0e3-7e72-4a81-9040-24fe38dad05c" testId="e46fd56e-8a37-dfc1-f75d-45ed76d80125" testName="LECG.Tests.ViewModels.SearchReplaceViewModelTests.BuildScopeKey_is_distinct_for_every_single_scope" computerName="DESKTOP-1FAV1F2" duration="00:00:00.0005632" startTime="2026-09-05T10:56:42.7146498-06:00" endTime="2026-09-05T10:56:42.7146499-06:00" testType="13cdc9d9-ddb5-4fa4-a97d-d965ccfc6d4b" outcome="Passed" testListId="8c84fa94-04c1-424b-9868-57a2d4851a1d" relativeResultsDirectory="cd90d0e3-7e72-4a81-9040-24fe38dad05c" />
    <UnitTestResult executionId="bcf40d32-aa94-4cdb-94cf-9f199bfd7c91" testId="caa0db32-3aa7-7b47-09a6-9a78947ec117" testName="LECG.Tests.Services.LinePatternNamingPolicyTests.CreateFamilyName_WhenEmpty_ReturnsNull" computerName="DESKTOP-1FAV1F2" duration="00:00:00.0000501" startTime="2026-09-05T10:56:42.6265778-06:00" endTime="2026-09-05T10:56:42.6265778-06:00" testType="13cdc9d9-ddb5-4fa4-a97d-d965ccfc6d4b" outcome="Passed" testListId="8c84fa94-04c1-424b-9868-57a2d4851a1d" relativeResultsDirectory="bcf40d32-aa94-4cdb-94cf-9f199bfd7c91" />
    <UnitTestResult executionId="114f85fa-375c-47a6-9c93-e6985b892a22" testId="38c35242-5f99-9c8b-e3d7-ea702c262ef8" testName="LECG.Tests.Services.DetailFamilyNamePolicyTests.FromTypeName_WhenNull_ThrowsArgumentNullException" computerName="DESKTOP-1FAV1F2" duration="00:00:00.0053118" startTime="2026-09-05T10:56:42.6272923-06:00" endTime="2026-09-05T10:56:42.6272923-06:00" testType="13cdc9d9-ddb5-4fa4-a97d-d965ccfc6d4b" outcome="Passed" testListId="8c84fa94-04c1-424b-9868-57a2d4851a1d" relativeResultsDirectory="114f85fa-375c-47a6-9c93-e6985b892a22" />
    <UnitTestResult executionId="9cb18076-279a-4a33-af40-5c7bfb085b7b" testId="0ada06ae-aeef-4d00-d7ec-913bc37bf367" testName="LECG.Tests.Services.PurgeSequenceTests.GetPasses_ReturnsCorrectSequence(input: 0, expected: [])" computerName="DESKTOP-1FAV1F2" duration="00:00:00.0001600" startTime="2026-09-05T10:56:42.6728119-06:00" endTime="2026-09-05T10:56:42.6728120-06:00" testType="13cdc9d9-ddb5-4fa4-a97d-d965ccfc6d4b" outcome="Passed" testListId="8c84fa94-04c1-424b-9868-57a2d4851a1d" relativeResultsDirectory="9cb18076-279a-4a33-af40-5c7bfb085b7b" />
    <UnitTestResult executionId="db87dd0e-d5bb-4720-ad40-f3eb02d60d97" testId="69ffae42-5730-e313-c74c-7da61bb99a45" testName="LECG.Tests.Services.RenameRuleEngineTests.ApplyReplace_WhenCaseInsensitive_ReplacesMatches" computerName="DESKTOP-1FAV1F2" duration="00:00:00.0000919" startTime="2026-09-05T10:56:42.6277325-06:00" endTime="2026-09-05T10:56:42.6277325-06:00" testType="13cdc9d9-ddb5-4fa4-a97d-d965ccfc6d4b" outcome="Passed" testListId="8c84fa94-04c1-424b-9868-57a2d4851a1d" relativeResultsDirectory="db87dd0e-d5bb-4720-ad40-f3eb02d60d97" />
    <UnitTestResult executionId="831a6d9d-1c38-4b41-866a-e138470d063f" testId="270ee8d6-2911-96be-adff-4d2423620f04" testName="LECG.Tests.Core.PurgeResultTests.Each_constructor_argument_lands_in_its_own_property" computerName="DESKTOP-1FAV1F2" duration="00:00:00.0007872" startTime="2026-09-05T10:56:42.6273460-06:00" endTime="2026-09-05T10:56:42.6273460-06:00" testType="13cdc9d9-ddb5-4fa4-a97d-d965ccfc6d4b" outcome="Passed" testListId="8c84fa94-04c1-424b-9868-57a2d4851a1d" relativeResultsDirectory="831a6d9d-1c38-4b41-866a-e138470d063f" />
    <UnitTestResult executionId="f2f4c1b6-9487-4918-9aa2-30c1638b8c3f" testId="8910542f-13e9-0efb-003b-7540b0d6a7cd" testName="LECG.Tests.Services.FormulaNameUpdaterTests.UpdateFormula_WhenNameAppearsMultipleTimes_ReplacesAllTokenMatches" computerName="DESKTOP-1FAV1F2" duration="00:00:00.0001688" startTime="2026-09-05T10:56:42.6219451-06:00" endTime="2026-09-05T10:56:42.6219451-06:00" testType="13cdc9d9-ddb5-4fa4-a97d-d965ccfc6d4b" outcome="Passed" testListId="8c84fa94-04c1-424b-9868-57a2d4851a1d" relativeResultsDirectory="f2f4c1b6-9487-4918-9aa2-30c1638b8c3f" />
    <UnitTestResult executionId="9f4d4acd-433c-4356-85b8-37fb36470ef3" testId="13141dd8-546c-55d8-37f0-d999ddd2a338" testName="LECG.Tests.Services.LinePatternNamingPolicyTests.CreateFamilyName_WhenDoubleDashDot_ReturnsDoubleDashDot" computerName="DESKTOP-1FAV1F2" duration="00:00:00.0000708" startTime="2026-09-05T10:56:42.6259981-06:00" endTime="2026-09-05T10:56:42.6259982-06:00" testType="13cdc9d9-ddb5-4fa4-a97d-d965ccfc6d4b" outcome="Passed" testListId="8c84fa94-04c1-424b-9868-57a2d4851a1d" relativeResultsDirectory="9f4d4acd-433c-4356-85b8-37fb36470ef3" />
    <UnitTestResult executionId="6febc821-8b68-4478-af45-bc40ef3f12fe" testId="6bc7ad19-70ee-7bb1-b4e7-d2a6ad2ae2d5" testName="LECG.Tests.Services.SearchReplacePreviewServiceTests.ProcessPreview_returns_rows_with_fallback_Category_when_ElementData_Category_is_blank" computerName="DESKTOP-1FAV1F2" duration="00:00:00.0007473" startTime="2026-09-05T10:56:42.6926047-06:00" endTime="2026-09-05T10:56:42.6926048-06:00" testType="13cdc9d9-ddb5-4fa4-a97d-d965ccfc6d4b" outcome="Passed" testListId="8c84fa94-04c1-424b-9868-57a2d4851a1d" relativeResultsDirectory="6febc821-8b68-4478-af45-bc40ef3f12fe" />
    <UnitTestResult executionId="740c0377-3011-41c8-bd56-07229854a82e" testId="19747699-a146-eb6d-00fa-493d67abcd7c" testName="LECG.Tests.Services.BaseElementCollectionServiceTests.TryGetGroupLabel_GetLabelThrows_ReturnsEmptyString" computerName="DESKTOP-1FAV1F2" duration="00:00:00.0002635" startTime="2026-09-05T10:56:42.6262337-06:00" endTime="2026-09-05T10:56:42.6262338-06:00" testType="13cdc9d9-ddb5-4fa4-a97d-d965ccfc6d4b" outcome="Passed" testListId="8c84fa94-04c1-424b-9868-57a2d4851a1d" relativeResultsDirectory="740c0377-3011-41c8-bd56-07229854a82e" />
    <UnitTestResult executionId="eb8b92d9-10ac-440e-b344-ca5b690a6953" testId="7cf3db99-e284-a1ac-133c-6b05b9f70f2e" testName="LECG.Tests.ViewModels.SearchReplaceViewModelTests.ValidateReplaceRegex_passes_a_valid_pattern" computerName="DESKTOP-1FAV1F2" duration="00:00:00.0000636" startTime="2026-09-05T10:56:42.7169182-06:00" endTime="2026-09-05T10:56:42.7169183-06:00" testType="13cdc9d9-ddb5-4fa4-a97d-d965ccfc6d4b" outcome="Passed" testListId="8c84fa94-04c1-424b-9868-57a2d4851a1d" relativeResultsDirectory="eb8b92d9-10ac-440e-b344-ca5b690a6953" />
    <UnitTestResult executionId="6b94bd60-4cd5-4ab3-8b17-19e766c2ba05" testId="28879fe5-3568-ed9d-6c64-d2de2252653d" testName="LECG.Tests.Services.ElementLabelServiceTests.GetLabelsFromRaw_never_returns_null_or_whitespace_for_either_field(rawName: &quot;&quot;, rawCategory: null)" computerName="DESKTOP-1FAV1F2" duration="00:00:00.0000019" startTime="2026-09-05T10:56:42.6108303-06:00" endTime="2026-09-05T10:56:42.6108303-06:00" testType="13cdc9d9-ddb5-4fa4-a97d-d965ccfc6d4b" outcome="Passed" testListId="8c84fa94-04c1-424b-9868-57a2d4851a1d" relativeResultsDirectory="6b94bd60-4cd5-4ab3-8b17-19e766c2ba05" />
    <UnitTestResult executionId="2c612a3d-b0a2-47a7-9c53-bcf6c4597322" testId="422befb0-1dd7-5f6f-67d3-e8aee80210e3" testName="LECG.Tests.Core.DialogWhitelistTests.Apply_WhenWhitelistIsEmpty_AlwaysTreatsAsMiss" computerName="DESKTOP-1FAV1F2" duration="00:00:00.0003391" startTime="2026-09-05T10:56:42.6222800-06:00" endTime="2026-09-05T10:56:42.6222800-06:00" testType="13cdc9d9-ddb5-4fa4-a97d-d965ccfc6d4b" outcome="Passed" testListId="8c84fa94-04c1-424b-9868-57a2d4851a1d" relativeResultsDirectory="2c612a3d-b0a2-47a7-9c53-bcf6c4597322" />
    <UnitTestResult executionId="5ccfa519-5508-442e-a3c2-2609dff55f61" testId="9753c1ac-69a0-736d-13cd-ad1f3c27896f" testName="LECG.Tests.Services.LinePatternNamingPolicyTests.CreateFamilyName_WhenDotSpaceDotSpace_ReturnsDotCenter" computerName="DESKTOP-1FAV1F2" duration="00:00:00.0000681" startTime="2026-09-05T10:56:42.6258329-06:00" endTime="2026-09-05T10:56:42.6258330-06:00" testType="13cdc9d9-ddb5-4fa4-a97d-d965ccfc6d4b" outcome="Passed" testListId="8c84fa94-04c1-424b-9868-57a2d4851a1d" relativeResultsDirectory="5ccfa519-5508-442e-a3c2-2609dff55f61" />
    <UnitTestResult executionId="cfe03118-f59e-4a1f-9624-9898049bcb2b" testId="ad16228a-63cd-4737-5b1e-b9aa8b4e0612" testName="LECG.Tests.Services.BatchRenameExecutionServiceTests.GroupCheckedFamilyParameterItems_EmptyInput_ReturnsEmpty" computerName="DESKTOP-1FAV1F2" duration="00:00:00.0006971" startTime="2026-09-05T10:56:42.6740545-06:00" endTime="2026-09-05T10:56:42.6740546-06:00" testType="13cdc9d9-ddb5-4fa4-a97d-d965ccfc6d4b" outcome="Passed" testListId="8c84fa94-04c1-424b-9868-57a2d4851a1d" relativeResultsDirectory="cfe03118-f59e-4a1f-9624-9898049bcb2b" />
    <UnitTestResult executionId="0859dc21-15ce-48fd-8691-2c623f0a88c3" testId="7190cb7c-ea79-54ed-2c07-c06b586faf9c" testName="LECG.Tests.ViewModels.WarningsViewModelTests.Load_WhenEmpty_ReportsNoWarnings" computerName="DESKTOP-1FAV1F2" duration="00:00:00.0001563" startTime="2026-09-05T10:56:42.6288792-06:00" endTime="2026-09-05T10:56:42.6288792-06:00" testType="13cdc9d9-ddb5-4fa4-a97d-d965ccfc6d4b" outcome="Passed" testListId="8c84fa94-04c1-424b-9868-57a2d4851a1d" relativeResultsDirectory="0859dc21-15ce-48fd-8691-2c623f0a88c3" />
    <UnitTestResult executionId="8e7af5e0-ab2b-421a-bfbd-1feb0d92a0c0" testId="5541aebd-6092-2d5a-ccbd-fb54f1608a20" testName="LECG.Tests.Services.RenameRuleEngineTests.ApplyNumbering_WhenSuffix_AppendsFormattedNumber" computerName="DESKTOP-1FAV1F2" duration="00:00:00.0003304" startTime="2026-09-05T10:56:42.6268104-06:00" endTime="2026-09-05T10:56:42.6268105-06:00" testType="13cdc9d9-ddb5-4fa4-a97d-d965ccfc6d4b" outcome="Passed" testListId="8c84fa94-04c1-424b-9868-57a2d4851a1d" relativeResultsDirectory="8e7af5e0-ab2b-421a-bfbd-1feb0d92a0c0" />
    <UnitTestResult executionId="5f724bba-ea78-4a29-8363-35462835879a" testId="98b34cda-f5bf-1883-37e9-e8959b39379b" testName="LECG.Tests.Services.FamilyNamePolicyTests.ResolveName_WithDefaultNameCollision_AppendsCounter" computerName="DESKTOP-1FAV1F2" duration="00:00:00.2072526" startTime="2026-09-05T10:56:42.6119769-06:00" endTime="2026-09-05T10:56:42.6119769-06:00" testType="13cdc9d9-ddb5-4fa4-a97d-d965ccfc6d4b" outcome="Passed" testListId="8c84fa94-04c1-424b-9868-57a2d4851a1d" relativeResultsDirectory="5f724bba-ea78-4a29-8363-35462835879a" />
    <UnitTestResult executionId="fe5d6180-0357-4c36-a477-79581c0f9fee" testId="4b1a3a2f-4351-edeb-4f4b-49891a253412" testName="LECG.Tests.ViewModels.SearchReplaceViewModelTests.Column_filters_narrow_the_view_and_AND_together" computerName="DESKTOP-1FAV1F2" duration="00:00:00.0001941" startTime="2026-09-05T10:56:42.7169006-06:00" endTime="2026-09-05T10:56:42.7169006-06:00" testType="13cdc9d9-ddb5-4fa4-a97d-d965ccfc6d4b" outcome="Passed" testListId="8c84fa94-04c1-424b-9868-57a2d4851a1d" relativeResultsDirectory="fe5d6180-0357-4c36-a477-79581c0f9fee" />
    <UnitTestResult executionId="9bb5c2b7-56de-4163-917e-111e6d0e4383" testId="0b69f717-dd58-ba35-fe5c-39710f64578f" testName="LECG.Tests.Services.SearchReplacePreviewServiceTests.ProcessPreview_handles_5000_rows" computerName="DESKTOP-1FAV1F2" duration="00:00:00.0067699" startTime="2026-09-05T10:56:42.7003369-06:00" endTime="2026-09-05T10:56:42.7003370-06:00" testType="13cdc9d9-ddb5-4fa4-a97d-d965ccfc6d4b" outcome="Passed" testListId="8c84fa94-04c1-424b-9868-57a2d4851a1d" relativeResultsDirectory="9bb5c2b7-56de-4163-917e-111e6d0e4383">
      <Output>
        <StdOut>R14a ProcessPreview 5000 rows: 5 ms</StdOut>
      </Output>
    </UnitTestResult>
    <UnitTestResult executionId="48a71584-ca96-4d9f-a32f-a91002e0772a" testId="5adc1a3f-352d-3c5f-a2b3-92845d0cfcbb" testName="anchor — fixture exists; behavioural tests skip-gated by implementing plan" computerName="DESKTOP-1FAV1F2" duration="00:00:00.0575313" startTime="2026-09-05T10:56:42.6664373-06:00" endTime="2026-09-05T10:56:42.6664374-06:00" testType="13cdc9d9-ddb5-4fa4-a97d-d965ccfc6d4b" outcome="Passed" testListId="8c84fa94-04c1-424b-9868-57a2d4851a1d" relativeResultsDirectory="48a71584-ca96-4d9f-a32f-a91002e0772a" />
    <UnitTestResult executionId="514dae98-9056-4f07-aa4c-7d95bdb405c2" testId="bc4d41f6-b48f-3667-39f9-8af6b4cfae9c" testName="LECG.Tests.ViewModels.WarningsViewModelTests.Load_ReplacesPreviousGroups" computerName="DESKTOP-1FAV1F2" duration="00:00:00.0061301" startTime="2026-09-05T10:56:42.6285043-06:00" endTime="2026-09-05T10:56:42.6285043-06:00" testType="13cdc9d9-ddb5-4fa4-a97d-d965ccfc6d4b" outcome="Passed" testListId="8c84fa94-04c1-424b-9868-57a2d4851a1d" relativeResultsDirectory="514dae98-9056-4f07-aa4c-7d95bdb405c2" />
    <UnitTestResult executionId="d030fa02-f0fb-4692-b679-b75dc4fef3bf" testId="4f9173a0-b53c-fb2b-ea9f-a024d9a96022" testName="LECG.Tests.Services.WarningGroupingPolicyTests.Group_OrdersByCountDescending_ThenDescriptionAscending" computerName="DESKTOP-1FAV1F2" duration="00:00:00.0002939" startTime="2026-09-05T10:56:42.6729030-06:00" endTime="2026-09-05T10:56:42.6729031-06:00" testType="13cdc9d9-ddb5-4fa4-a97d-d965ccfc6d4b" outcome="Passed" testListId="8c84fa94-04c1-424b-9868-57a2d4851a1d" relativeResultsDirectory="d030fa02-f0fb-4692-b679-b75dc4fef3bf" />
    <UnitTestResult executionId="176bdc4e-a043-4e3e-8fe8-974364ba5d8a" testId="d985d90c-52e5-5a31-a910-2fe25e292056" testName="LECG.Tests.ViewModels.SexyRevitGraphicsPolicyTests.Evaluate_WhenConsistentColorsEnabledWithoutFineDetail_UsesDefaultMessageSet" computerName="DESKTOP-1FAV1F2" duration="00:00:00.0012705" startTime="2026-09-05T10:56:42.6235753-06:00" endTime="2026-09-05T10:56:42.6235753-06:00" testType="13cdc9d9-ddb5-4fa4-a97d-d965ccfc6d4b" outcome="Passed" testListId="8c84fa94-04c1-424b-9868-57a2d4851a1d" relativeResultsDirectory="176bdc4e-a043-4e3e-8fe8-974364ba5d8a" />
    <UnitTestResult executionId="8d5d4bfd-2df0-4f4d-a176-6c2496bd392d" testId="8c5979aa-a3b7-9d4d-e7c5-dbe02a57b940" testName="LECG.Tests.Services.BaseElementCollectionServiceTests.DispatchScopeFlags_MaterialsOnly_ReturnsMaterialsMask" computerName="DESKTOP-1FAV1F2" duration="00:00:00.0001243" startTime="2026-09-05T10:56:42.6250064-06:00" endTime="2026-09-05T10:56:42.6250064-06:00" testType="13cdc9d9-ddb5-4fa4-a97d-d965ccfc6d4b" outcome="Passed" testListId="8c84fa94-04c1-424b-9868-57a2d4851a1d" relativeResultsDirectory="8d5d4bfd-2df0-4f4d-a176-6c2496bd392d" />
    <UnitTestResult executionId="461f743b-fb01-4aa5-b9f5-e16a96ea6c9d" testId="c70bfad1-8781-e7ac-f7c0-f8c1d83cc70a" testName="LECG.Tests.ViewModels.SearchReplaceViewModelTests.ClearFilters_restores_every_row_and_resets_the_indicator" computerName="DESKTOP-1FAV1F2" duration="00:00:00.0008761" startTime="2026-09-05T10:56:42.7122737-06:00" endTime="2026-09-05T10:56:42.7122737-06:00" testType="13cdc9d9-ddb5-4fa4-a97d-d965ccfc6d4b" outcome="Passed" testListId="8c84fa94-04c1-424b-9868-57a2d4851a1d" relativeResultsDirectory="461f743b-fb01-4aa5-b9f5-e16a96ea6c9d" />
    <UnitTestResult executionId="ec290abb-4011-467d-b640-eb00bfb503bb" testId="10d0aa2f-3ffb-8a4f-30f5-71e6ecbabb44" testName="LECG.Tests.Services.RenameRuleEngineTests.ApplyCase_WhenCapitalize_UppercasesOnlyFirstCharacter" computerName="DESKTOP-1FAV1F2" duration="00:00:00.0000795" startTime="2026-09-05T10:56:42.6269744-06:00" endTime="2026-09-05T10:56:42.6269744-06:00" testType="13cdc9d9-ddb5-4fa4-a97d-d965ccfc6d4b" outcome="Passed" testListId="8c84fa94-04c1-424b-9868-57a2d4851a1d" relativeResultsDirectory="ec290abb-4011-467d-b640-eb00bfb503bb" />
    <UnitTestResult executionId="a4a5915e-38a8-4514-9308-283e0547ddc8" testId="75ec805c-2abe-a779-b19e-a3471b9bcf9d" testName="LECG.Tests.Services.MaterialBumpMapNormalizerTests.NormalizeProbes_ReturnsAlreadyNormal_WhenMatchingValueIsFound" computerName="DESKTOP-1FAV1F2" duration="00:00:00.0002375" startTime="2026-09-05T10:56:42.6218174-06:00" endTime="2026-09-05T10:56:42.6218174-06:00" testType="13cdc9d9-ddb5-4fa4-a97d-d965ccfc6d4b" outcome="Passed" testListId="8c84fa94-04c1-424b-9868-57a2d4851a1d" relativeResultsDirectory="a4a5915e-38a8-4514-9308-283e0547ddc8" />
    <UnitTestResult executionId="26884421-82de-42a9-aa4b-5f126a687125" testId="ed01ecd0-93b4-693c-9d07-79b3a178867c" testName="LECG.Tests.Core.DialogWhitelistTests.Apply_WhenDialogIdIsWhitelisted_CallsOverrideResultAndLogsInfo" computerName="DESKTOP-1FAV1F2" duration="00:00:00.0013999" startTime="2026-09-05T10:56:42.6247525-06:00" endTime="2026-09-05T10:56:42.6247526-06:00" testType="13cdc9d9-ddb5-4fa4-a97d-d965ccfc6d4b" outcome="Passed" testListId="8c84fa94-04c1-424b-9868-57a2d4851a1d" relativeResultsDirectory="26884421-82de-42a9-aa4b-5f126a687125" />
    <UnitTestResult executionId="438ecc5b-25ff-43d0-9e21-69a82f99293c" testId="ea9f67ef-ab25-0551-e419-da13c8ab1d89" testName="LECG.Tests.Services.RenameSkipDetectorTests.GetRenameSkipReason_ElementAssociated_ReturnsNull_AfterPhase4Narrowing" computerName="DESKTOP-1FAV1F2" duration="00:00:00.0000800" startTime="2026-09-05T10:56:42.6672763-06:00" endTime="2026-09-05T10:56:42.6672763-06:00" testType="13cdc9d9-ddb5-4fa4-a97d-d965ccfc6d4b" outcome="Passed" testListId="8c84fa94-04c1-424b-9868-57a2d4851a1d" relativeResultsDirectory="438ecc5b-25ff-43d0-9e21-69a82f99293c" />
    <UnitTestResult executionId="05d977d9-58d3-45cf-bc6f-3908db647217" testId="ef5f9f9d-275f-557d-3459-335f5814012d" testName="LECG.Tests.Services.BatchRenameSafeRenameTests.RenameFamilyParameters_PerParamSubTransaction_RollsBackOneFailure_OtherParamsCommit" computerName="DESKTOP-1FAV1F2" duration="00:00:00.0031392" startTime="2026-09-05T10:56:42.6969506-06:00" endTime="2026-09-05T10:56:42.6969507-06:00" testType="13cdc9d9-ddb5-4fa4-a97d-d965ccfc6d4b" outcome="Passed" testListId="8c84fa94-04c1-424b-9868-57a2d4851a1d" relativeResultsDirectory="05d977d9-58d3-45cf-bc6f-3908db647217" />
    <UnitTestResult executionId="64a344c9-5e39-4a0f-ab3b-b19eece95b6d" testId="f683f8ef-0ddd-711c-c942-6be5ed5042c3" testName="LECG.Tests.Services.Logging.RevitCommandProgressReporter_SeverityTests.LogError_ProducesErrorLevelEntry" computerName="DESKTOP-1FAV1F2" duration="00:00:00.0002694" startTime="2026-09-05T10:56:42.6218656-06:00" endTime="2026-09-05T10:56:42.6218656-06:00" testType="13cdc9d9-ddb5-4fa4-a97d-d965ccfc6d4b" outcome="Passed" testListId="8c84fa94-04c1-424b-9868-57a2d4851a1d" relativeResultsDirectory="64a344c9-5e39-4a0f-ab3b-b19eece95b6d" />
    <UnitTestResult executionId="556723ea-2205-4fa4-a971-de01ce2b2e31" testId="7ccd516d-ae59-a72e-de20-89a7513b6d30" testName="LECG.Tests.Services.ElementLabelServiceTests.GetLabelsFromRaw_never_returns_null_or_whitespace_for_either_field(rawName: &quot;&quot;, rawCategory: &quot;&quot;)" computerName="DESKTOP-1FAV1F2" duration="00:00:00.0001330" startTime="2026-09-05T10:56:42.6096064-06:00" endTime="2026-09-05T10:56:42.6096065-06:00" testType="13cdc9d9-ddb5-4fa4-a97d-d965ccfc6d4b" outcome="Passed" testListId="8c84fa94-04c1-424b-9868-57a2d4851a1d" relativeResultsDirectory="556723ea-2205-4fa4-a971-de01ce2b2e31" />
    <UnitTestResult executionId="01cfc778-997c-4787-8b19-ccaa2dd5984c" testId="cdca174f-2aea-5f72-fcbf-9d0a5ac790a3" testName="LECG.Tests.ViewModels.SearchReplaceViewModelTests.SelectAll_never_ticks_a_row_ProcessPreview_marked_unrenameable" computerName="DESKTOP-1FAV1F2" duration="00:00:00.0001524" startTime="2026-09-05T10:56:42.7140541-06:00" endTime="2026-09-05T10:56:42.7140542-06:00" testType="13cdc9d9-ddb5-4fa4-a97d-d965ccfc6d4b" outcome="Passed" testListId="8c84fa94-04c1-424b-9868-57a2d4851a1d" relativeResultsDirectory="01cfc778-997c-4787-8b19-ccaa2dd5984c" />
    <UnitTestResult executionId="f2bd4f47-a024-4002-8dd4-7c85fa578a91" testId="74910b4c-9f50-ec6c-a0c1-ecf4fe659f9e" testName="LECG.Tests.ViewModels.SearchReplaceViewModelTests.ApplyCheckState_never_rechecks_a_row_ProcessPreview_unchecked" computerName="DESKTOP-1FAV1F2" duration="00:00:00.0002165" startTime="2026-09-05T10:56:42.7130467-06:00" endTime="2026-09-05T10:56:42.7130468-06:00" testType="13cdc9d9-ddb5-4fa4-a97d-d965ccfc6d4b" outcome="Passed" testListId="8c84fa94-04c1-424b-9868-57a2d4851a1d" relativeResultsDirectory="f2bd4f47-a024-4002-8dd4-7c85fa578a91" />
    <UnitTestResult executionId="a61c125d-5c06-4239-8dc0-d569c4dd776a" testId="1620a02a-ed01-d170-88b3-db70336c6507" testName="LECG.Tests.Services.BatchRenameExecutionServiceTests.GroupCheckedFamilyParameterItems_FiltersUnchecked_PreservesOrder" computerName="DESKTOP-1FAV1F2" duration="00:00:00.0021752" startTime="2026-09-05T10:56:42.6704872-06:00" endTime="2026-09-05T10:56:42.6704874-06:00" testType="13cdc9d9-ddb5-4fa4-a97d-d965ccfc6d4b" outcome="Passed" testListId="8c84fa94-04c1-424b-9868-57a2d4851a1d" relativeResultsDirectory="a61c125d-5c06-4239-8dc0-d569c4dd776a" />
    <UnitTestResult executionId="9e7add72-6857-4fa3-b5d2-522e7e74adaf" testId="9e56b04c-7315-a643-da79-eb68719a4f90" testName="LECG.Tests.Services.BaseElementCollectionServiceTests.CollectByScope_GraphicsStyleNullCategory_ProducesFallbackRow" computerName="DESKTOP-1FAV1F2" duration="00:00:00.0010000" startTime="2026-09-05T10:56:42.6249168-06:00" endTime="2026-09-05T10:56:42.6249168-06:00" testType="13cdc9d9-ddb5-4fa4-a97d-d965ccfc6d4b" outcome="NotExecuted" testListId="8c84fa94-04c1-424b-9868-57a2d4851a1d" relativeResultsDirectory="9e7add72-6857-4fa3-b5d2-522e7e74adaf">
      <Output>
        <ErrorInfo>
          <Message>Revit GraphicsStyle path — covered by manual Revit verification in 05-VERIFICATION.md</Message>
        </ErrorInfo>
      </Output>
    </UnitTestResult>
    <UnitTestResult executionId="b609cd60-74fe-473f-9a9e-7aea32340ed6" testId="c46384d3-2a4b-3aa5-a859-89503fbf2b7b" testName="LECG.Tests.ViewModels.SexyRevitGraphicsPolicyTests.Evaluate_WhenConsistentColorsDisabled_ReturnsNoChanges" computerName="DESKTOP-1FAV1F2" duration="00:00:00.0002596" startTime="2026-09-05T10:56:42.6243916-06:00" endTime="2026-09-05T10:56:42.6243916-06:00" testType="13cdc9d9-ddb5-4fa4-a97d-d965ccfc6d4b" outcome="Passed" testListId="8c84fa94-04c1-424b-9868-57a2d4851a1d" relativeResultsDirectory="b609cd60-74fe-473f-9a9e-7aea32340ed6" />
    <UnitTestResult executionId="a9d6949d-e968-41fc-9158-cb58aa86582c" testId="16d41322-1ba0-923d-0e15-10032c044bef" testName="LECG.Tests.Services.BaseElementCollectionServiceTests.Collector_normalization_produces_non_blank_category_when_raw_category_is_null" computerName="DESKTOP-1FAV1F2" duration="00:00:00.0001188" startTime="2026-09-05T10:56:42.6235935-06:00" endTime="2026-09-05T10:56:42.6235936-06:00" testType="13cdc9d9-ddb5-4fa4-a97d-d965ccfc6d4b" outcome="Passed" testListId="8c84fa94-04c1-424b-9868-57a2d4851a1d" relativeResultsDirectory="a9d6949d-e968-41fc-9158-cb58aa86582c" />
    <UnitTestResult executionId="dbb4ca83-153e-4bfc-948e-c5bf863737c1" testId="31b85c1a-6b80-438d-22ea-90089311cddf" testName="LECG.Tests.ViewModels.SexyRevitGraphicsPolicyTests.Evaluate_WhenConsistentColorsEnabled_ReturnsRealisticDisplay" computerName="DESKTOP-1FAV1F2" duration="00:00:00.2074458" startTime="2026-09-05T10:56:42.6213983-06:00" endTime="2026-09-05T10:56:42.6213983-06:00" testType="13cdc9d9-ddb5-4fa4-a97d-d965ccfc6d4b" outcome="Passed" testListId="8c84fa94-04c1-424b-9868-57a2d4851a1d" relativeResultsDirectory="dbb4ca83-153e-4bfc-948e-c5bf863737c1" />
    <UnitTestResult executionId="836a75ec-3c1e-4733-9988-bea65980de38" testId="abfd279d-600d-272b-a4cc-f374b8ce6270" testName="LECG.Tests.Services.MaterialTextureLookupServiceTests.IsNormalMapFileName_MatchesNormalTexturesOnly(fileName: &quot;&quot;, expected: False)" computerName="DESKTOP-1FAV1F2" duration="00:00:00.0102459" startTime="2026-09-05T10:56:42.6291270-06:00" endTime="2026-09-05T10:56:42.6291270-06:00" testType="13cdc9d9-ddb5-4fa4-a97d-d965ccfc6d4b" outcome="Passed" testListId="8c84fa94-04c1-424b-9868-57a2d4851a1d" relativeResultsDirectory="836a75ec-3c1e-4733-9988-bea65980de38" />
    <UnitTestResult executionId="291f7887-0878-46a0-b111-b0aab7f6230a" testId="0180c121-7ca6-454c-ed4a-f482e6e775b3" testName="LECG.Tests.ViewModels.SearchReplaceViewModelTests.Rechecking_a_row_clears_the_remembered_deselection" computerName="DESKTOP-1FAV1F2" duration="00:00:00.0000846" startTime="2026-09-05T10:56:42.7168780-06:00" endTime="2026-09-05T10:56:42.7168780-06:00" testType="13cdc9d9-ddb5-4fa4-a97d-d965ccfc6d4b" outcome="Passed" testListId="8c84fa94-04c1-424b-9868-57a2d4851a1d" relativeResultsDirectory="291f7887-0878-46a0-b111-b0aab7f6230a" />
    <UnitTestResult executionId="a16e8e9b-4009-4e7e-8923-6aba841e1dee" testId="02a1af69-8173-8bfc-7377-38fcbfdc3f18" testName="LECG.Tests.Services.ElementLabelServiceTests.GetLabelsFromRaw_never_returns_null_or_whitespace_for_either_field(rawName: null, rawCategory: &quot;&quot;)" computerName="DESKTOP-1FAV1F2" duration="00:00:00.2065142" startTime="2026-09-05T10:56:42.6094328-06:00" endTime="2026-09-05T10:56:42.6094330-06:00" testType="13cdc9d9-ddb5-4fa4-a97d-d965ccfc6d4b" outcome="Passed" testListId="8c84fa94-04c1-424b-9868-57a2d4851a1d" relativeResultsDirectory="a16e8e9b-4009-4e7e-8923-6aba841e1dee" />
    <UnitTestResult executionId="5c107b01-543d-4c52-a67d-042a79d449a3" testId="297da763-9b1c-9d20-4dda-463f92fabdcf" testName="LECG.Tests.Services.RenameSkipDetectorTests.GetStandardItemSkipReason_ReadOnlyType_ReturnsReason" computerName="DESKTOP-1FAV1F2" duration="00:00:00.0000959" startTime="2026-09-05T10:56:42.6672518-06:00" endTime="2026-09-05T10:56:42.6672518-06:00" testType="13cdc9d9-ddb5-4fa4-a97d-d965ccfc6d4b" outcome="Passed" testListId="8c84fa94-04c1-424b-9868-57a2d4851a1d" relativeResultsDirectory="5c107b01-543d-4c52-a67d-042a79d449a3" />
    <UnitTestResult executionId="2a288198-cc03-4f8e-9301-f5c49122e839" testId="1390b73f-dae2-1e15-ec2e-2d15c1ce70c3" testName="LECG.Tests.ViewModels.SearchReplaceViewModelTests.ToggleRange_works_when_the_anchor_is_below_the_target" computerName="DESKTOP-1FAV1F2" duration="00:00:00.0007268" startTime="2026-09-05T10:56:42.7095465-06:00" endTime="2026-09-05T10:56:42.7095466-06:00" testType="13cdc9d9-ddb5-4fa4-a97d-d965ccfc6d4b" outcome="Passed" testListId="8c84fa94-04c1-424b-9868-57a2d4851a1d" relativeResultsDirectory="2a288198-cc03-4f8e-9301-f5c49122e839" />
    <UnitTestResult executionId="c21e7f23-be59-4862-abd0-1e3392033807" testId="b386c19e-9116-3aac-137e-6b6a5bcae5b3" testName="LECG.Tests.ViewModels.SearchReplaceViewModelTests.ViewModel_constructs_with_default_state" computerName="DESKTOP-1FAV1F2" duration="00:00:00.0000648" startTime="2026-09-05T10:56:42.7159449-06:00" endTime="2026-09-05T10:56:42.7159450-06:00" testType="13cdc9d9-ddb5-4fa4-a97d-d965ccfc6d4b" outcome="Passed" testListId="8c84fa94-04c1-424b-9868-57a2d4851a1d" relativeResultsDirectory="c21e7f23-be59-4862-abd0-1e3392033807" />
    <UnitTestResult executionId="22747daa-6ece-4fb5-926c-4f85ce435262" testId="24497c6d-cb9a-8c8f-af24-aa58e7d6cb13" testName="LECG.Tests.Services.FamilyNamePolicyTests.ResolveName_WhenNoCollision_ReturnsBaseName" computerName="DESKTOP-1FAV1F2" duration="00:00:00.0000699" startTime="2026-09-05T10:56:42.6215127-06:00" endTime="2026-09-05T10:56:42.6215128-06:00" testType="13cdc9d9-ddb5-4fa4-a97d-d965ccfc6d4b" outcome="Passed" testListId="8c84fa94-04c1-424b-9868-57a2d4851a1d" relativeResultsDirectory="22747daa-6ece-4fb5-926c-4f85ce435262" />
    <UnitTestResult executionId="9a068b62-632f-469b-86f1-7d801f8e1237" testId="548c9489-7fdf-de43-e5bb-748c26bb8779" testName="LECG.Tests.ViewModels.SearchReplaceViewModelTests.PreviewItems_default_sort_is_Category_ascending" computerName="DESKTOP-1FAV1F2" duration="00:00:00.0008662" startTime="2026-09-05T10:56:42.7177830-06:00" endTime="2026-09-05T10:56:42.7177831-06:00" testType="13cdc9d9-ddb5-4fa4-a97d-d965ccfc6d4b" outcome="Passed" testListId="8c84fa94-04c1-424b-9868-57a2d4851a1d" relativeResultsDirectory="9a068b62-632f-469b-86f1-7d801f8e1237" />
    <UnitTestResult executionId="d262a9ba-1e77-440a-ac6d-86744df33790" testId="261982af-64f3-8254-90b1-484287afa621" testName="LECG.Tests.Services.MaterialTextureLookupServiceTests.IsNormalMapFileName_MatchesNormalTexturesOnly(fileName: &quot;Brick_Normal.png&quot;, expected: True)" computerName="DESKTOP-1FAV1F2" duration="00:00:00.0026572" startTime="2026-09-05T10:56:42.6277654-06:00" endTime="2026-09-05T10:56:42.6277654-06:00" testType="13cdc9d9-ddb5-4fa4-a97d-d965ccfc6d4b" outcome="Passed" testListId="8c84fa94-04c1-424b-9868-57a2d4851a1d" relativeResultsDirectory="d262a9ba-1e77-440a-ac6d-86744df33790" />
    <UnitTestResult executionId="92af003c-e967-4c41-86e2-8e1745766879" testId="557fec8f-5f66-8086-50ca-45f9d80b8f1e" testName="LECG.Tests.Caching.AppMemoryCacheTests.GetOrCreate_reuses_cached_value_until_removed" computerName="DESKTOP-1FAV1F2" duration="00:00:00.2118521" startTime="2026-09-05T10:56:42.6267989-06:00" endTime="2026-09-05T10:56:42.6267990-06:00" testType="13cdc9d9-ddb5-4fa4-a97d-d965ccfc6d4b" outcome="Passed" testListId="8c84fa94-04c1-424b-9868-57a2d4851a1d" relativeResultsDirectory="92af003c-e967-4c41-86e2-8e1745766879" />
    <UnitTestResult executionId="7a1a6d09-8a4e-46ce-ab68-31af0ce87989" testId="bb3c3e02-33b8-4699-26a4-cff700c6de32" testName="LECG.Tests.Services.FormulaNameUpdaterTests.UpdateFormula_WhenNameMatchesToken_ReplacesName" computerName="DESKTOP-1FAV1F2" duration="00:00:00.2072683" startTime="2026-09-05T10:56:42.6119483-06:00" endTime="2026-09-05T10:56:42.6119483-06:00" testType="13cdc9d9-ddb5-4fa4-a97d-d965ccfc6d4b" outcome="Passed" testListId="8c84fa94-04c1-424b-9868-57a2d4851a1d" relativeResultsDirectory="7a1a6d09-8a4e-46ce-ab68-31af0ce87989" />
    <UnitTestResult executionId="68b1e94a-f421-4719-9ac6-3e95e09a4ee8" testId="28f5ad92-18dd-7304-99bf-5de975215912" testName="LECG.Tests.Services.RenameRulePipelineServiceTests.ApplyRules_ComposesRulesInOrder_RemoveThenReplaceThenCaseThenAddThenNumbering" computerName="DESKTOP-1FAV1F2" duration="00:00:00.0005530" startTime="2026-09-05T10:56:42.6673126-06:00" endTime="2026-09-05T10:56:42.6673127-06:00" testType="13cdc9d9-ddb5-4fa4-a97d-d965ccfc6d4b" outcome="Passed" testListId="8c84fa94-04c1-424b-9868-57a2d4851a1d" relativeResultsDirectory="68b1e94a-f421-4719-9ac6-3e95e09a4ee8" />
    <UnitTestResult executionId="e73d2bfe-8560-4905-b867-67be26b95c00" testId="dc4cc9b9-9d53-07d2-042d-d876dee0557b" testName="LECG.Tests.Views.ThemeScopingTests.EveryLecgWindow_MergesTheTheme" computerName="DESKTOP-1FAV1F2" duration="00:00:00.0052625" startTime="2026-09-05T10:56:42.6558130-06:00" endTime="2026-09-05T10:56:42.6558130-06:00" testType="13cdc9d9-ddb5-4fa4-a97d-d965ccfc6d4b" outcome="Passed" testListId="8c84fa94-04c1-424b-9868-57a2d4851a1d" relativeResultsDirectory="e73d2bfe-8560-4905-b867-67be26b95c00" />
    <UnitTestResult executionId="8767691e-941f-4faf-b0f5-16f02fdc65c7" testId="61e139c6-cd4a-f43f-c683-1a6aec39b522" testName="anchor — plan 04-01 filled this fixture" computerName="DESKTOP-1FAV1F2" duration="00:00:00.0578146" startTime="2026-09-05T10:56:42.6664011-06:00" endTime="2026-09-05T10:56:42.6664011-06:00" testType="13cdc9d9-ddb5-4fa4-a97d-d965ccfc6d4b" outcome="Passed" testListId="8c84fa94-04c1-424b-9868-57a2d4851a1d" relativeResultsDirectory="8767691e-941f-4faf-b0f5-16f02fdc65c7" />
    <UnitTestResult executionId="d189f3ea-ac11-4ab1-8be3-bc03af7df1c9" testId="bb638454-6238-e3e6-aae9-eb6b5ac21eb3" testName="LECG.Tests.Services.WarningsServiceTests.ReadAll_LogsWarningForSkippedMessage" computerName="DESKTOP-1FAV1F2" duration="00:00:00.2078407" startTime="2026-09-05T10:56:42.6210023-06:00" endTime="2026-09-05T10:56:42.6210024-06:00" testType="13cdc9d9-ddb5-4fa4-a97d-d965ccfc6d4b" outcome="Passed" testListId="8c84fa94-04c1-424b-9868-57a2d4851a1d" relativeResultsDirectory="d189f3ea-ac11-4ab1-8be3-bc03af7df1c9" />
    <UnitTestResult executionId="1f5d7c17-55f9-4c5a-9f63-012efbb18342" testId="6ba3a331-5dec-a20a-6412-89db4cfdaced" testName="LECG.Tests.Services.Logging.RevitCommandProgressReporter_SeverityTests.LogWarning_ProducesWarningLevelEntry" computerName="DESKTOP-1FAV1F2" duration="00:00:00.2073443" startTime="2026-09-05T10:56:42.6206746-06:00" endTime="2026-09-05T10:56:42.6206747-06:00" testType="13cdc9d9-ddb5-4fa4-a97d-d965ccfc6d4b" outcome="Passed" testListId="8c84fa94-04c1-424b-9868-57a2d4851a1d" relativeResultsDirectory="1f5d7c17-55f9-4c5a-9f63-012efbb18342" />
    <UnitTestResult executionId="2754a079-0957-4385-9527-c966d7fcd613" testId="a6d36ec9-ef7c-b9b7-f767-d1d1778e89f2" testName="LECG.Tests.Core.PurgeResultTests.Add_sums_component_wise_without_crossing_fields" computerName="DESKTOP-1FAV1F2" duration="00:00:00.0000777" startTime="2026-09-05T10:56:42.6281004-06:00" endTime="2026-09-05T10:56:42.6281004-06:00" testType="13cdc9d9-ddb5-4fa4-a97d-d965ccfc6d4b" outcome="Passed" testListId="8c84fa94-04c1-424b-9868-57a2d4851a1d" relativeResultsDirectory="2754a079-0957-4385-9527-c966d7fcd613" />
    <UnitTestResult executionId="ccbe6967-01e0-4922-95a9-d66e7f6c37a6" testId="5b7380ba-81bb-3e88-b282-14d3f1911910" testName="LECG.Tests.Services.LinePatternNamingPolicyTests.CreateSemanticName_WhenGridFamily_KeepsFourValuesIncludingZeroDotLength" computerName="DESKTOP-1FAV1F2" duration="00:00:00.2072356" startTime="2026-09-05T10:56:42.6119409-06:00" endTime="2026-09-05T10:56:42.6119409-06:00" testType="13cdc9d9-ddb5-4fa4-a97d-d965ccfc6d4b" outcome="Passed" testListId="8c84fa94-04c1-424b-9868-57a2d4851a1d" relativeResultsDirectory="ccbe6967-01e0-4922-95a9-d66e7f6c37a6" />
    <UnitTestResult executionId="a39c561a-88b7-482b-9d8c-85bcda343c9a" testId="7428c792-0603-082c-dc3f-e111cdf5644b" testName="LECG.Tests.Services.WarningGroupingPolicyTests.Group_WhenEmpty_ReturnsEmpty" computerName="DESKTOP-1FAV1F2" duration="00:00:00.2072716" startTime="2026-09-05T10:56:42.6207381-06:00" endTime="2026-09-05T10:56:42.6207382-06:00" testType="13cdc9d9-ddb5-4fa4-a97d-d965ccfc6d4b" outcome="Passed" testListId="8c84fa94-04c1-424b-9868-57a2d4851a1d" relativeResultsDirectory="a39c561a-88b7-482b-9d8c-85bcda343c9a" />
    <UnitTestResult executionId="1b224edd-aefd-4491-8167-5a782a01d497" testId="7b68ee57-6f3c-56bd-fd02-9aab2d261766" testName="LECG.Tests.ViewModels.WarningsViewModelTests.Load_PopulatesGroupsOrderedByCount_AndTotalCount" computerName="DESKTOP-1FAV1F2" duration="00:00:00.0005229" startTime="2026-09-05T10:56:42.6288524-06:00" endTime="2026-09-05T10:56:42.6288525-06:00" testType="13cdc9d9-ddb5-4fa4-a97d-d965ccfc6d4b" outcome="Passed" testListId="8c84fa94-04c1-424b-9868-57a2d4851a1d" relativeResultsDirectory="1b224edd-aefd-4491-8167-5a782a01d497" />
    <UnitTestResult executionId="0f0eed67-b1d9-4ede-aba2-7eba06ccf01e" testId="c5ada789-182d-d12e-0d58-2a402146940a" testName="LECG.Tests.Services.MaterialTextureLookupServiceTests.ScanImmediateMaterialFolders_DerivesMaterialNameFromAlbedoSuffix" computerName="DESKTOP-1FAV1F2" duration="00:00:00.0037074" startTime="2026-09-05T10:56:42.6512354-06:00" endTime="2026-09-05T10:56:42.6512355-06:00" testType="13cdc9d9-ddb5-4fa4-a97d-d965ccfc6d4b" outcome="Passed" testListId="8c84fa94-04c1-424b-9868-57a2d4851a1d" relativeResultsDirectory="0f0eed67-b1d9-4ede-aba2-7eba06ccf01e" />
    <UnitTestResult executionId="946c8666-a285-4e52-a36c-d86c502af664" testId="13ff37b4-16c7-b4a4-d86c-e14c70a49944" testName="LECG.Tests.Services.RenameRuleEngineTests.ApplyAdd_WhenInactive_ReturnsOriginalText" computerName="DESKTOP-1FAV1F2" duration="00:00:00.0000823" startTime="2026-09-05T10:56:42.6265210-06:00" endTime="2026-09-05T10:56:42.6265210-06:00" testType="13cdc9d9-ddb5-4fa4-a97d-d965ccfc6d4b" outcome="Passed" testListId="8c84fa94-04c1-424b-9868-57a2d4851a1d" relativeResultsDirectory="946c8666-a285-4e52-a36c-d86c502af664" />
    <UnitTestResult executionId="ddc3e1b8-e9b5-43be-9a29-3d15445a735f" testId="2508aee5-9e78-8a10-efa2-b24aca6bc304" testName="LECG.Tests.Core.PurgeResultTests.Total_sums_every_component_exactly_once" computerName="DESKTOP-1FAV1F2" duration="00:00:00.0000699" startTime="2026-09-05T10:56:42.6285178-06:00" endTime="2026-09-05T10:56:42.6285178-06:00" testType="13cdc9d9-ddb5-4fa4-a97d-d965ccfc6d4b" outcome="Passed" testListId="8c84fa94-04c1-424b-9868-57a2d4851a1d" relativeResultsDirectory="ddc3e1b8-e9b5-43be-9a29-3d15445a735f" />
    <UnitTestResult executionId="305bef52-74b1-4999-bbf6-2b2c77ea737b" testId="1feb1473-a164-e0b3-c9cf-047ff7591429" testName="LECG.Tests.Services.ResultTests.Failure_SetsErrorWithoutValue" computerName="DESKTOP-1FAV1F2" duration="00:00:00.0004433" startTime="2026-09-05T10:56:42.6267674-06:00" endTime="2026-09-05T10:56:42.6267675-06:00" testType="13cdc9d9-ddb5-4fa4-a97d-d965ccfc6d4b" outcome="Passed" testListId="8c84fa94-04c1-424b-9868-57a2d4851a1d" relativeResultsDirectory="305bef52-74b1-4999-bbf6-2b2c77ea737b" />
    <UnitTestResult executionId="6b824067-74dc-4bde-aaac-165fc46b9694" testId="762d319d-d5ec-1b40-032f-c582f5de13d8" testName="LECG.Tests.Commands.FormulaAutoGroupingCommandTests.ContainsReference_WithBracketNotation_ReturnsTrue" computerName="DESKTOP-1FAV1F2" duration="00:00:00.0007107" startTime="2026-09-05T10:56:42.6217928-06:00" endTime="2026-09-05T10:56:42.6217928-06:00" testType="13cdc9d9-ddb5-4fa4-a97d-d965ccfc6d4b" outcome="Passed" testListId="8c84fa94-04c1-424b-9868-57a2d4851a1d" relativeResultsDirectory="6b824067-74dc-4bde-aaac-165fc46b9694" />
    <UnitTestResult executionId="40a5a49d-ebcd-4bc5-a69b-9afb5a0f64a0" testId="f7ca298e-571b-1e19-27f6-b23b54bdf16e" testName="LECG.Tests.ViewModels.PbrMaterialCreatorViewModelTests.ImportFolder_ImportedPagesCreateValidRequests" computerName="DESKTOP-1FAV1F2" duration="00:00:00.0073481" startTime="2026-09-05T10:56:42.7165856-06:00" endTime="2026-09-05T10:56:42.7165857-06:00" testType="13cdc9d9-ddb5-4fa4-a97d-d965ccfc6d4b" outcome="Passed" testListId="8c84fa94-04c1-424b-9868-57a2d4851a1d" relativeResultsDirectory="40a5a49d-ebcd-4bc5-a69b-9afb5a0f64a0" />
    <UnitTestResult executionId="96a38081-3c8f-4c37-9cdf-82696e532444" testId="d9c17fa7-7072-ea68-9eae-9b9927e6ad31" testName="LECG.Tests.ViewModels.SearchReplaceViewModelTests.PreviewItems_ReplaceAll_with_empty_sequence_clears" computerName="DESKTOP-1FAV1F2" duration="00:00:00.0001937" startTime="2026-09-05T10:56:42.7064956-06:00" endTime="2026-09-05T10:56:42.7064957-06:00" testType="13cdc9d9-ddb5-4fa4-a97d-d965ccfc6d4b" outcome="Passed" testListId="8c84fa94-04c1-424b-9868-57a2d4851a1d" relativeResultsDirectory="96a38081-3c8f-4c37-9cdf-82696e532444" />
    <UnitTestResult executionId="35b256b1-6900-4502-b5a9-a5cea142033f" testId="59b3badd-8da6-8459-4e31-6e474f006488" testName="LECG.Tests.Services.FormulaNameUpdaterTests.UpdateFormula_WhenMatchIsQuoted_DoesNotReplaceQuotedText" computerName="DESKTOP-1FAV1F2" duration="00:00:00.0001744" startTime="2026-09-05T10:56:42.6214761-06:00" endTime="2026-09-05T10:56:42.6214762-06:00" testType="13cdc9d9-ddb5-4fa4-a97d-d965ccfc6d4b" outcome="Passed" testListId="8c84fa94-04c1-424b-9868-57a2d4851a1d" relativeResultsDirectory="35b256b1-6900-4502-b5a9-a5cea142033f" />
    <UnitTestResult executionId="48c59f0d-a459-43af-aab1-baae48ac4efe" testId="3eaba67c-8d9b-3785-38ed-63be2540ffc6" testName="LECG.Tests.Services.PurgeSequenceTests.GetPasses_ReturnsCorrectSequence(input: 1, expected: [1])" computerName="DESKTOP-1FAV1F2" duration="00:00:00.0005256" startTime="2026-09-05T10:56:42.6724162-06:00" endTime="2026-09-05T10:56:42.6724163-06:00" testType="13cdc9d9-ddb5-4fa4-a97d-d965ccfc6d4b" outcome="Passed" testListId="8c84fa94-04c1-424b-9868-57a2d4851a1d" relativeResultsDirectory="48c59f0d-a459-43af-aab1-baae48ac4efe" />
    <UnitTestResult executionId="5bab14f9-5df3-49fc-b9a7-29f52362778c" testId="0497f80c-f15e-918d-b896-5ddcf04765b9" testName="LECG.Tests.Services.MaterialTextureLookupServiceTests.IsNormalMapFileName_MatchesNormalTexturesOnly(fileName: &quot;wood-nrm.tif&quot;, expected: True)" computerName="DESKTOP-1FAV1F2" duration="00:00:00.0017319" startTime="2026-09-05T10:56:42.6292019-06:00" endTime="2026-09-05T10:56:42.6292019-06:00" testType="13cdc9d9-ddb5-4fa4-a97d-d965ccfc6d4b" outcome="Passed" testListId="8c84fa94-04c1-424b-9868-57a2d4851a1d" relativeResultsDirectory="5bab14f9-5df3-49fc-b9a7-29f52362778c" />
    <UnitTestResult executionId="44e1be02-2add-4096-9ee0-a31f135b2c85" testId="cdb426fa-c4d3-6279-4c96-1f56d7aa4a2e" testName="LECG.Tests.Services.LinePatternNamingPolicyTests.CreateFamilyName_WhenDashSpaceDotSpace_ReturnsGrid" computerName="DESKTOP-1FAV1F2" duration="00:00:00.0001018" startTime="2026-09-05T10:56:42.6265385-06:00" endTime="2026-09-05T10:56:42.6265385-06:00" testType="13cdc9d9-ddb5-4fa4-a97d-d965ccfc6d4b" outcome="Passed" testListId="8c84fa94-04c1-424b-9868-57a2d4851a1d" relativeResultsDirectory="44e1be02-2add-4096-9ee0-a31f135b2c85" />
    <UnitTestResult executionId="4eeed15e-9bad-4ef2-8a10-4097b3bd4ae3" testId="014e3705-fd92-14f9-3098-2030c1df0e26" testName="LECG.Tests.Views.XamlResourceTests.EveryStyle_MatchesTheElementItIsAppliedTo" computerName="DESKTOP-1FAV1F2" duration="00:00:00.0276338" startTime="2026-09-05T10:56:42.6298533-06:00" endTime="2026-09-05T10:56:42.6298534-06:00" testType="13cdc9d9-ddb5-4fa4-a97d-d965ccfc6d4b" outcome="Passed" testListId="8c84fa94-04c1-424b-9868-57a2d4851a1d" relativeResultsDirectory="4eeed15e-9bad-4ef2-8a10-4097b3bd4ae3" />
    <UnitTestResult executionId="57e57306-eed2-47d1-b5df-48bf0e0bc39b" testId="497aa531-d736-cfd9-e892-bae61a12b666" testName="LECG.Tests.ViewModels.PbrMaterialCreatorViewModelTests.ImportFolder_ReplacesEmptyInitialPageWithImportedPages" computerName="DESKTOP-1FAV1F2" duration="00:00:00.0120112" startTime="2026-09-05T10:56:42.7286794-06:00" endTime="2026-09-05T10:56:42.7286799-06:00" testType="13cdc9d9-ddb5-4fa4-a97d-d965ccfc6d4b" outcome="Passed" testListId="8c84fa94-04c1-424b-9868-57a2d4851a1d" relativeResultsDirectory="57e57306-eed2-47d1-b5df-48bf0e0bc39b" />
    <UnitTestResult executionId="34e5c395-54c3-434d-ac56-3a482845d361" testId="4a5ac0a7-c096-474c-9ee0-8c5f495299de" testName="LECG.Tests.Services.RenameSkipDetectorTests.GetRenameSkipReason_DimensionLabel_ReturnsNull_AfterPhase4Narrowing" computerName="DESKTOP-1FAV1F2" duration="00:00:00.0001268" startTime="2026-09-05T10:56:42.6274045-06:00" endTime="2026-09-05T10:56:42.6274046-06:00" testType="13cdc9d9-ddb5-4fa4-a97d-d965ccfc6d4b" outcome="Passed" testListId="8c84fa94-04c1-424b-9868-57a2d4851a1d" relativeResultsDirectory="34e5c395-54c3-434d-ac56-3a482845d361" />
    <UnitTestResult executionId="68dca040-c994-4ab6-bdd6-827bc58f34e4" testId="26b2a079-5515-f560-5725-e545b8da7581" testName="LECG.Tests.ViewModels.SearchReplaceViewModelTests.PreviewItems_filter_combines_FilterCategory_and_per_column_filter_with_AND" computerName="DESKTOP-1FAV1F2" duration="00:00:00.0002045" startTime="2026-09-05T10:56:42.7132681-06:00" endTime="2026-09-05T10:56:42.7132682-06:00" testType="13cdc9d9-ddb5-4fa4-a97d-d965ccfc6d4b" outcome="Passed" testListId="8c84fa94-04c1-424b-9868-57a2d4851a1d" relativeResultsDirectory="68dca040-c994-4ab6-bdd6-827bc58f34e4" />
    <UnitTestResult executionId="bd29cfc7-c41c-42bd-8b78-2f57c8846fa7" testId="9cf989e5-b3af-ee5e-83d9-8049d98d1de0" testName="LECG.Tests.Services.RenameRuleEngineTests.ApplyCase_WhenTitle_ConvertsToTitleCase" computerName="DESKTOP-1FAV1F2" duration="00:00:00.0018905" startTime="2026-09-05T10:56:42.6259212-06:00" endTime="2026-09-05T10:56:42.6259212-06:00" testType="13cdc9d9-ddb5-4fa4-a97d-d965ccfc6d4b" outcome="Passed" testListId="8c84fa94-04c1-424b-9868-57a2d4851a1d" relativeResultsDirectory="bd29cfc7-c41c-42bd-8b78-2f57c8846fa7" />
    <UnitTestResult executionId="ed08b8c0-2c69-404c-9bf7-c99e0fc7d94d" testId="237fdcc1-7920-9856-d968-7e7cafe1db10" testName="LECG.Tests.Services.BaseElementCollectionServiceTests.Collector_normalization_produces_non_blank_pair_when_both_inputs_blank" computerName="DESKTOP-1FAV1F2" duration="00:00:00.0001522" startTime="2026-09-05T10:56:42.6232097-06:00" endTime="2026-09-05T10:56:42.6232097-06:00" testType="13cdc9d9-ddb5-4fa4-a97d-d965ccfc6d4b" outcome="Passed" testListId="8c84fa94-04c1-424b-9868-57a2d4851a1d" relativeResultsDirectory="ed08b8c0-2c69-404c-9bf7-c99e0fc7d94d" />
    <UnitTestResult executionId="c2b093ed-44d9-4498-89b3-6c7b9671c749" testId="c10d0b7c-3d77-a65e-e47c-371c6fb69382" testName="LECG.Tests.Services.MaterialBumpMapNormalizerTests.NormalizeProbes_UpdatesEnumProperty_WhenWritable" computerName="DESKTOP-1FAV1F2" duration="00:00:00.0001978" startTime="2026-09-05T10:56:42.6244304-06:00" endTime="2026-09-05T10:56:42.6244305-06:00" testType="13cdc9d9-ddb5-4fa4-a97d-d965ccfc6d4b" outcome="Passed" testListId="8c84fa94-04c1-424b-9868-57a2d4851a1d" relativeResultsDirectory="c2b093ed-44d9-4498-89b3-6c7b9671c749" />
    <UnitTestResult executionId="d19ddce5-537a-49e3-9a6d-341d28569b84" testId="a81089d3-0144-93d8-e222-9a59c95680da" testName="LECG.Tests.Services.MaterialBumpMapNormalizerTests.NormalizeProbes_ReturnsNoWritableProperty_WhenProbeListIsEmpty" computerName="DESKTOP-1FAV1F2" duration="00:00:00.0000816" startTime="2026-09-05T10:56:42.6231679-06:00" endTime="2026-09-05T10:56:42.6231679-06:00" testType="13cdc9d9-ddb5-4fa4-a97d-d965ccfc6d4b" outcome="Passed" testListId="8c84fa94-04c1-424b-9868-57a2d4851a1d" relativeResultsDirectory="d19ddce5-537a-49e3-9a6d-341d28569b84" />
    <UnitTestResult executionId="97661736-7567-4d18-8bdb-49f4c8b38d47" testId="d2020404-0578-98b2-784d-fccf7d744780" testName="LECG.Tests.Utils.FamilySelectionPolicyTests.IsSafeToConvert_ReturnsExpectedResult(input: False, expected: True)" computerName="DESKTOP-1FAV1F2" duration="00:00:00.0001629" startTime="2026-09-05T10:56:42.6107403-06:00" endTime="2026-09-05T10:56:42.6107404-06:00" testType="13cdc9d9-ddb5-4fa4-a97d-d965ccfc6d4b" outcome="Passed" testListId="8c84fa94-04c1-424b-9868-57a2d4851a1d" relativeResultsDirectory="97661736-7567-4d18-8bdb-49f4c8b38d47" />
    <UnitTestResult executionId="bc345181-72e6-4918-afd0-99d798e4b88d" testId="af227fb2-b2af-87fe-a68e-be726570b9f2" testName="LECG.Tests.Views.ThemeScopingTests.NoSourceFile_MergesTheThemeIntoApplicationResources" computerName="DESKTOP-1FAV1F2" duration="00:00:00.0484057" startTime="2026-09-05T10:56:42.6504919-06:00" endTime="2026-09-05T10:56:42.6504920-06:00" testType="13cdc9d9-ddb5-4fa4-a97d-d965ccfc6d4b" outcome="Passed" testListId="8c84fa94-04c1-424b-9868-57a2d4851a1d" relativeResultsDirectory="bc345181-72e6-4918-afd0-99d798e4b88d" />
    <UnitTestResult executionId="86966add-69d5-4e31-badc-80d9e5f556b7" testId="fa6debb3-546a-cbc6-9be5-92f9b595df43" testName="LECG.Tests.Services.LinePatternNamingPolicyTests.CreateFamilyName_WhenDotSpace_ReturnsDot" computerName="DESKTOP-1FAV1F2" duration="00:00:00.0000979" startTime="2026-09-05T10:56:42.6254628-06:00" endTime="2026-09-05T10:56:42.6254628-06:00" testType="13cdc9d9-ddb5-4fa4-a97d-d965ccfc6d4b" outcome="Passed" testListId="8c84fa94-04c1-424b-9868-57a2d4851a1d" relativeResultsDirectory="86966add-69d5-4e31-badc-80d9e5f556b7" />
    <UnitTestResult executionId="e627f57a-1fe3-4bad-ad2b-0e05ebf808d3" testId="5c8a77b1-92c2-d766-b812-26eb07d9f638" testName="LECG.Tests.Services.SearchReplacePreviewServiceTests.ProcessPreview_RenameableRow_LeavesIsRenameableTrue_AndKeepsUserCheckedState" computerName="DESKTOP-1FAV1F2" duration="00:00:00.0001482" startTime="2026-09-05T10:56:42.7004851-06:00" endTime="2026-09-05T10:56:42.7004851-06:00" testType="13cdc9d9-ddb5-4fa4-a97d-d965ccfc6d4b" outcome="Passed" testListId="8c84fa94-04c1-424b-9868-57a2d4851a1d" relativeResultsDirectory="e627f57a-1fe3-4bad-ad2b-0e05ebf808d3" />
    <UnitTestResult executionId="9616956e-bd27-40c7-b643-dfdb208eda3b" testId="dc90e3a1-1b25-372e-99e5-ca4725dd0120" testName="LECG.Tests.ViewModels.SearchReplaceViewModelTests.Category_options_carry_a_row_count_each" computerName="DESKTOP-1FAV1F2" duration="00:00:00.0002213" startTime="2026-09-05T10:56:42.7086915-06:00" endTime="2026-09-05T10:56:42.7086916-06:00" testType="13cdc9d9-ddb5-4fa4-a97d-d965ccfc6d4b" outcome="Passed" testListId="8c84fa94-04c1-424b-9868-57a2d4851a1d" relativeResultsDirectory="9616956e-bd27-40c7-b643-dfdb208eda3b" />
    <UnitTestResult executionId="f925ac0d-bf55-483b-b41a-3b217551d49a" testId="a44e63a8-5fbc-c67c-b576-993eb4aae18b" testName="LECG.Tests.Services.FormulaUpdateServiceTests.UpdateFormula_EmptyFormulaInput_ReturnsEmpty_WithoutThrowing" computerName="DESKTOP-1FAV1F2" duration="00:00:00.0011493" startTime="2026-09-05T10:56:42.6239330-06:00" endTime="2026-09-05T10:56:42.6239331-06:00" testType="13cdc9d9-ddb5-4fa4-a97d-d965ccfc6d4b" outcome="Passed" testListId="8c84fa94-04c1-424b-9868-57a2d4851a1d" relativeResultsDirectory="f925ac0d-bf55-483b-b41a-3b217551d49a" />
    <UnitTestResult executionId="4428a073-829b-4e85-9fa7-336136bb1aa9" testId="0468b5fc-08cd-bc05-3ec1-e6e08c7841b5" testName="LECG.Tests.Services.FormulaNameUpdaterTests.ContainsReference_WhenNameIsOnlyPartialToken_ReturnsFalse" computerName="DESKTOP-1FAV1F2" duration="00:00:00.0000757" startTime="2026-09-05T10:56:42.6223367-06:00" endTime="2026-09-05T10:56:42.6223368-06:00" testType="13cdc9d9-ddb5-4fa4-a97d-d965ccfc6d4b" outcome="Passed" testListId="8c84fa94-04c1-424b-9868-57a2d4851a1d" relativeResultsDirectory="4428a073-829b-4e85-9fa7-336136bb1aa9" />
    <UnitTestResult executionId="1c3ead5f-7d21-46bd-b419-145d355ac8a5" testId="2cdce0b0-adc1-6b3b-0c20-aa228885eeb0" testName="LECG.Tests.Services.SearchTermPolicyTests.ParseTerms_WhenSemicolonDelimited_ParsesTrimmedTerms" computerName="DESKTOP-1FAV1F2" duration="00:00:00.0071340" startTime="2026-09-05T10:56:42.6284933-06:00" endTime="2026-09-05T10:56:42.6284933-06:00" testType="13cdc9d9-ddb5-4fa4-a97d-d965ccfc6d4b" outcome="Passed" testListId="8c84fa94-04c1-424b-9868-57a2d4851a1d" relativeResultsDirectory="1c3ead5f-7d21-46bd-b419-145d355ac8a5" />
    <UnitTestResult executionId="ecfd53ca-732c-404f-b83b-cdb12d74f5d0" testId="6ca51af0-51b8-c1a2-baaa-c098251c27d7" testName="LECG.Tests.ViewModels.SearchReplaceViewModelTests.ToggleRange_skips_unrenameable_rows_inside_the_range" computerName="DESKTOP-1FAV1F2" duration="00:00:00.0003486" startTime="2026-09-05T10:56:42.7129066-06:00" endTime="2026-09-05T10:56:42.7129067-06:00" testType="13cdc9d9-ddb5-4fa4-a97d-d965ccfc6d4b" outcome="Passed" testListId="8c84fa94-04c1-424b-9868-57a2d4851a1d" relativeResultsDirectory="ecfd53ca-732c-404f-b83b-cdb12d74f5d0" />
    <UnitTestResult executionId="7c91797f-f1a0-4ec3-b4f0-a89b3802e644" testId="34944793-00d3-a4df-d4b6-30f2fce53bca" testName="LECG.Tests.ViewModels.SearchReplaceViewModelTests.Unchecked_row_stays_unchecked_across_a_rebuild" computerName="DESKTOP-1FAV1F2" duration="00:00:00.0001791" startTime="2026-09-05T10:56:42.7134828-06:00" endTime="2026-09-05T10:56:42.7134829-06:00" testType="13cdc9d9-ddb5-4fa4-a97d-d965ccfc6d4b" outcome="Passed" testListId="8c84fa94-04c1-424b-9868-57a2d4851a1d" relativeResultsDirectory="7c91797f-f1a0-4ec3-b4f0-a89b3802e644" />
    <UnitTestResult executionId="3f8911b1-1624-4660-bc96-4aedf810a7d8" testId="69d7435e-33e2-a7c5-13fc-02d116a74c55" testName="LECG.Tests.Services.LinePatternNamingPolicyTests.CreateFamilyName_WhenSpaceNotAlternating_ReturnsNull" computerName="DESKTOP-1FAV1F2" duration="00:00:00.0000696" startTime="2026-09-05T10:56:42.6258648-06:00" endTime="2026-09-05T10:56:42.6258649-06:00" testType="13cdc9d9-ddb5-4fa4-a97d-d965ccfc6d4b" outcome="Passed" testListId="8c84fa94-04c1-424b-9868-57a2d4851a1d" relativeResultsDirectory="3f8911b1-1624-4660-bc96-4aedf810a7d8" />
    <UnitTestResult executionId="d3a0114a-4b9a-4f97-8c19-695367799c42" testId="890a257c-e7ba-84f6-c972-3439801a05fe" testName="LECG.Tests.Services.MaterialBumpMapNormalizerTests.NormalizeProbes_ReturnsWriteFailed_WhenWritablePropertyThrows" computerName="DESKTOP-1FAV1F2" duration="00:00:00.2072556" startTime="2026-09-05T10:56:42.6119717-06:00" endTime="2026-09-05T10:56:42.6119718-06:00" testType="13cdc9d9-ddb5-4fa4-a97d-d965ccfc6d4b" outcome="Passed" testListId="8c84fa94-04c1-424b-9868-57a2d4851a1d" relativeResultsDirectory="d3a0114a-4b9a-4f97-8c19-695367799c42" />
    <UnitTestResult executionId="e00b303c-f82f-44a3-a964-6f4ed2e5227a" testId="737abe46-9a5f-fb1b-a290-edc563271e65" testName="LECG.Tests.Services.BatchRenameExecutionServiceTests.FormatSafeRenameLog_DimsOnly_RendersDimSuffix" computerName="DESKTOP-1FAV1F2" duration="00:00:00.0001303" startTime="2026-09-05T10:56:42.6706462-06:00" endTime="2026-09-05T10:56:42.6706463-06:00" testType="13cdc9d9-ddb5-4fa4-a97d-d965ccfc6d4b" outcome="Passed" testListId="8c84fa94-04c1-424b-9868-57a2d4851a1d" relativeResultsDirectory="e00b303c-f82f-44a3-a964-6f4ed2e5227a" />
    <UnitTestResult executionId="49d9e4f2-38ed-4c5b-b3c5-d3e3058ea978" testId="d0299e75-62a5-fb30-da27-7d2635da5d7e" testName="LECG.Tests.Core.PurgeResultTests.Add_rejects_null" computerName="DESKTOP-1FAV1F2" duration="00:00:00.0004338" startTime="2026-09-05T10:56:42.6284632-06:00" endTime="2026-09-05T10:56:42.6284633-06:00" testType="13cdc9d9-ddb5-4fa4-a97d-d965ccfc6d4b" outcome="Passed" testListId="8c84fa94-04c1-424b-9868-57a2d4851a1d" relativeResultsDirectory="49d9e4f2-38ed-4c5b-b3c5-d3e3058ea978" />
    <UnitTestResult executionId="45441d25-2791-4bb4-814a-969cf171ec3d" testId="91bb0afd-be76-d0df-c410-4055581b7db6" testName="LECG.Tests.Services.SearchReplaceServiceTests.GetUniqueCategories_DelegatesToCollectionService_AndReturnsItsResult" computerName="DESKTOP-1FAV1F2" duration="00:00:00.0002376" startTime="2026-09-05T10:56:42.6284595-06:00" endTime="2026-09-05T10:56:42.6284595-06:00" testType="13cdc9d9-ddb5-4fa4-a97d-d965ccfc6d4b" outcome="Passed" testListId="8c84fa94-04c1-424b-9868-57a2d4851a1d" relativeResultsDirectory="45441d25-2791-4bb4-814a-969cf171ec3d" />
    <UnitTestResult executionId="240f401b-a9a8-47f8-a67c-1a81becd4ce8" testId="bd3a684e-bda8-da69-120e-23c13e944789" testName="LECG.Tests.Services.LinePatternNamingPolicyTests.CreateSemanticName_WhenDashFamily_UsesMillimeterSuffixes" computerName="DESKTOP-1FAV1F2" duration="00:00:00.0000812" startTime="2026-09-05T10:56:42.6265937-06:00" endTime="2026-09-05T10:56:42.6265937-06:00" testType="13cdc9d9-ddb5-4fa4-a97d-d965ccfc6d4b" outcome="Passed" testListId="8c84fa94-04c1-424b-9868-57a2d4851a1d" relativeResultsDirectory="240f401b-a9a8-47f8-a67c-1a81becd4ce8" />
    <UnitTestResult executionId="c34467e1-d5d9-4d07-9eb0-2b677957931f" testId="97026822-f195-3fb9-b94e-e930e374f90b" testName="LECG.Tests.Services.DetailFamilyNamePolicyTests.FromTypeName_WhenNoKnownSuffix_AppendsDetail" computerName="DESKTOP-1FAV1F2" duration="00:00:00.0000777" startTime="2026-09-05T10:56:42.6273491-06:00" endTime="2026-09-05T10:56:42.6273491-06:00" testType="13cdc9d9-ddb5-4fa4-a97d-d965ccfc6d4b" outcome="Passed" testListId="8c84fa94-04c1-424b-9868-57a2d4851a1d" relativeResultsDirectory="c34467e1-d5d9-4d07-9eb0-2b677957931f" />
    <UnitTestResult executionId="981e3933-f040-4ad4-b5a6-7e3a4f7a74ab" testId="391a37e0-84c8-603e-22b3-e6c64ac37f02" testName="LECG.Tests.ViewModels.SearchReplaceViewModelTests.Unchecked_row_stays_unchecked_across_a_filter_round_trip" computerName="DESKTOP-1FAV1F2" duration="00:00:00.0000993" startTime="2026-09-05T10:56:42.7135976-06:00" endTime="2026-09-05T10:56:42.7135976-06:00" testType="13cdc9d9-ddb5-4fa4-a97d-d965ccfc6d4b" outcome="Passed" testListId="8c84fa94-04c1-424b-9868-57a2d4851a1d" relativeResultsDirectory="981e3933-f040-4ad4-b5a6-7e3a4f7a74ab" />
    <UnitTestResult executionId="f64d851d-ede5-4119-be8c-b630e09cf640" testId="27c649dd-4960-890d-963d-eedde0caa7ff" testName="LECG.Tests.ViewModels.MaterialPageViewModelTests.FolderPath_AutofillsMaterialNameFromFolderNameWhenNoDiffuseDetected" computerName="DESKTOP-1FAV1F2" duration="00:00:00.2108614" startTime="2026-09-05T10:56:42.6240088-06:00" endTime="2026-09-05T10:56:42.6240089-06:00" testType="13cdc9d9-ddb5-4fa4-a97d-d965ccfc6d4b" outcome="Passed" testListId="8c84fa94-04c1-424b-9868-57a2d4851a1d" relativeResultsDirectory="f64d851d-ede5-4119-be8c-b630e09cf640" />
    <UnitTestResult executionId="c6297c47-1ae1-48d1-8543-8b9c43319fc3" testId="f434fbd1-fae2-cc6a-36c3-33dbc73cca85" testName="LECG.Tests.DependencyInjection.ValidatorRegistrationTests.AddValidatorsFromAssemblyContaining_registers_closed_generic_validators" computerName="DESKTOP-1FAV1F2" duration="00:00:00.0613803" startTime="2026-09-05T10:56:42.6686413-06:00" endTime="2026-09-05T10:56:42.6686414-06:00" testType="13cdc9d9-ddb5-4fa4-a97d-d965ccfc6d4b" outcome="Passed" testListId="8c84fa94-04c1-424b-9868-57a2d4851a1d" relativeResultsDirectory="c6297c47-1ae1-48d1-8543-8b9c43319fc3" />
    <UnitTestResult executionId="2880da1a-1957-4fd7-a195-3335e8805ff6" testId="54fc0a2c-fcad-f99e-f819-679384ecd841" testName="LECG.Tests.Services.MaterialTextureLookupServiceTests.IsNormalMapFileName_MatchesNormalTexturesOnly(fileName: &quot;Brick_NormalGL.png&quot;, expected: True)" computerName="DESKTOP-1FAV1F2" duration="00:00:00.0023497" startTime="2026-09-05T10:56:42.6291573-06:00" endTime="2026-09-05T10:56:42.6291573-06:00" testType="13cdc9d9-ddb5-4fa4-a97d-d965ccfc6d4b" outcome="Passed" testListId="8c84fa94-04c1-424b-9868-57a2d4851a1d" relativeResultsDirectory="2880da1a-1957-4fd7-a195-3335e8805ff6" />
    <UnitTestResult executionId="84b12928-3d74-4f8e-a648-bf687ee7e58f" testId="b00efd99-097a-4f69-704a-fb13e1d067a0" testName="LECG.Tests.Core.PurgeOptionsTests.Positional_construction_maps_to_the_declared_order" computerName="DESKTOP-1FAV1F2" duration="00:00:00.2066193" startTime="2026-09-05T10:56:42.6095511-06:00" endTime="2026-09-05T10:56:42.6095511-06:00" testType="13cdc9d9-ddb5-4fa4-a97d-d965ccfc6d4b" outcome="Passed" testListId="8c84fa94-04c1-424b-9868-57a2d4851a1d" relativeResultsDirectory="84b12928-3d74-4f8e-a648-bf687ee7e58f" />
    <UnitTestResult executionId="5232585f-70c0-4ff2-9487-79450aa9fed5" testId="2d5a0d57-5c59-76ae-3609-8c36e81f67de" testName="LECG.Tests.Services.RenameSkipDetectorTests.GetRenameSkipReason_FormulaReferenced_ReturnsNull_AfterPhase4Narrowing" computerName="DESKTOP-1FAV1F2" duration="00:00:00.0001992" startTime="2026-09-05T10:56:42.6276560-06:00" endTime="2026-09-05T10:56:42.6276560-06:00" testType="13cdc9d9-ddb5-4fa4-a97d-d965ccfc6d4b" outcome="Passed" testListId="8c84fa94-04c1-424b-9868-57a2d4851a1d" relativeResultsDirectory="5232585f-70c0-4ff2-9487-79450aa9fed5" />
    <UnitTestResult executionId="23981cdf-f8dd-4033-9406-11fb31924f39" testId="fe88b425-b514-8bc5-0e77-88362e301d84" testName="LECG.Tests.ViewModels.MaterialPageViewModelTests.FolderPath_DoesNotOverwriteExistingMaterialName" computerName="DESKTOP-1FAV1F2" duration="00:00:00.0055484" startTime="2026-09-05T10:56:42.7128841-06:00" endTime="2026-09-05T10:56:42.7128842-06:00" testType="13cdc9d9-ddb5-4fa4-a97d-d965ccfc6d4b" outcome="Passed" testListId="8c84fa94-04c1-424b-9868-57a2d4851a1d" relativeResultsDirectory="23981cdf-f8dd-4033-9406-11fb31924f39" />
    <UnitTestResult executionId="949666ad-dbf6-4ef8-a3e5-5dea5f1e16d1" testId="42489efb-2965-04c2-641b-b66cf6a71f25" testName="LECG.Tests.Services.BatchRenameExecutionServiceTests.EvaluateFamilyParamSkipReason_BuiltInParam_ReturnsBuiltInReason" computerName="DESKTOP-1FAV1F2" duration="00:00:00.0000852" startTime="2026-09-05T10:56:42.6724358-06:00" endTime="2026-09-05T10:56:42.6724358-06:00" testType="13cdc9d9-ddb5-4fa4-a97d-d965ccfc6d4b" outcome="Passed" testListId="8c84fa94-04c1-424b-9868-57a2d4851a1d" relativeResultsDirectory="949666ad-dbf6-4ef8-a3e5-5dea5f1e16d1" />
    <UnitTestResult executionId="81f72911-1168-43a7-9ed5-d4c84e27cdb1" testId="c09b9fe7-6f90-ccdb-0679-6b63379c917b" testName="LECG.Tests.Services.MaterialTextureLookupServiceTests.ScanImmediateMaterialFolders_DoesNotScanNestedDescendants" computerName="DESKTOP-1FAV1F2" duration="00:00:00.0035231" startTime="2026-09-05T10:56:42.6548194-06:00" endTime="2026-09-05T10:56:42.6548198-06:00" testType="13cdc9d9-ddb5-4fa4-a97d-d965ccfc6d4b" outcome="Passed" testListId="8c84fa94-04c1-424b-9868-57a2d4851a1d" relativeResultsDirectory="81f72911-1168-43a7-9ed5-d4c84e27cdb1" />
    <UnitTestResult executionId="345bfde5-b83c-4bed-8ca1-2020f2e8ecf0" testId="a951916a-4bf0-12cc-72da-d7f42a468592" testName="LECG.Tests.Services.BaseElementCollectionServiceTests.DispatchScopeFlags_MultipleScopes_ReturnsCombinedMask" computerName="DESKTOP-1FAV1F2" duration="00:00:00.0001528" startTime="2026-09-05T10:56:42.6258761-06:00" endTime="2026-09-05T10:56:42.6258762-06:00" testType="13cdc9d9-ddb5-4fa4-a97d-d965ccfc6d4b" outcome="Passed" testListId="8c84fa94-04c1-424b-9868-57a2d4851a1d" relativeResultsDirectory="345bfde5-b83c-4bed-8ca1-2020f2e8ecf0" />
    <UnitTestResult executionId="b3b23816-1a82-4048-9052-923db2fb893d" testId="b2d96900-bbf5-ee22-d1bb-73b36572f49b" testName="anchor — fixture exists; behavioural tests skip-gated by implementing plan" computerName="DESKTOP-1FAV1F2" duration="00:00:00.0000195" startTime="2026-09-05T10:56:42.6677442-06:00" endTime="2026-09-05T10:56:42.6677442-06:00" testType="13cdc9d9-ddb5-4fa4-a97d-d965ccfc6d4b" outcome="Passed" testListId="8c84fa94-04c1-424b-9868-57a2d4851a1d" relativeResultsDirectory="b3b23816-1a82-4048-9052-923db2fb893d" />
    <UnitTestResult executionId="4206715e-e2b3-4c44-972a-b21f87b760ce" testId="59fb23a6-de90-78c4-1725-f8519900395b" testName="LECG.Tests.Services.BatchRenameExecutionServiceTests.AccumulateCommittedFamilyCount_NotCommitted_ReturnsCurrentCountUnchanged" computerName="DESKTOP-1FAV1F2" duration="00:00:00.0000745" startTime="2026-09-05T10:56:42.6707555-06:00" endTime="2026-09-05T10:56:42.6707556-06:00" testType="13cdc9d9-ddb5-4fa4-a97d-d965ccfc6d4b" outcome="Passed" testListId="8c84fa94-04c1-424b-9868-57a2d4851a1d" relativeResultsDirectory="4206715e-e2b3-4c44-972a-b21f87b760ce" />
    <UnitTestResult executionId="ab9b4160-e478-4fc6-8143-38f1d2e5183a" testId="fd9a2434-ed51-f337-0ffb-4d1facc15958" testName="LECG.Tests.Services.RenameRuleEngineTests.ApplyNumbering_WhenInactive_ReturnsOriginalText" computerName="DESKTOP-1FAV1F2" duration="00:00:00.0002207" startTime="2026-09-05T10:56:42.6270491-06:00" endTime="2026-09-05T10:56:42.6270491-06:00" testType="13cdc9d9-ddb5-4fa4-a97d-d965ccfc6d4b" outcome="Passed" testListId="8c84fa94-04c1-424b-9868-57a2d4851a1d" relativeResultsDirectory="ab9b4160-e478-4fc6-8143-38f1d2e5183a" />
    <UnitTestResult executionId="00d2b7c6-4e59-4dc6-90e3-e8a826f439e2" testId="60d7dbc3-6ca1-c8f0-07c5-8b2b87ba556f" testName="LECG.Tests.Commands.FormulaAutoGroupingCommandTests.ContainsReference_WhenOtherParamReferencesA_ReturnsTrue" computerName="DESKTOP-1FAV1F2" duration="00:00:00.2063995" startTime="2026-09-05T10:56:42.6009189-06:00" endTime="2026-09-05T10:56:42.6009194-06:00" testType="13cdc9d9-ddb5-4fa4-a97d-d965ccfc6d4b" outcome="Passed" testListId="8c84fa94-04c1-424b-9868-57a2d4851a1d" relativeResultsDirectory="00d2b7c6-4e59-4dc6-90e3-e8a826f439e2" />
    <UnitTestResult executionId="93f15d8d-bfd4-4e23-b09a-2110574343cf" testId="f5b39dfe-5d11-52ab-65ac-ddd168637dbc" testName="LECG.Tests.Validation.WindowSettingsValidatorTests.Validate_rejects_non_positive_initialized_window_size" computerName="DESKTOP-1FAV1F2" duration="00:00:00.0233558" startTime="2026-09-05T10:56:42.6291720-06:00" endTime="2026-09-05T10:56:42.6291720-06:00" testType="13cdc9d9-ddb5-4fa4-a97d-d965ccfc6d4b" outcome="Passed" testListId="8c84fa94-04c1-424b-9868-57a2d4851a1d" relativeResultsDirectory="93f15d8d-bfd4-4e23-b09a-2110574343cf" />
    <UnitTestResult executionId="8e2de0c1-90e8-4a04-9ddf-3ae33f8dfd72" testId="1ec2fba4-444a-41d6-125c-c25c707ac212" testName="LECG.Tests.Services.BaseElementCollectionServiceTests.DispatchScopeFlags_ParametersOnly_ReturnsParametersMask" computerName="DESKTOP-1FAV1F2" duration="00:00:00.0000790" startTime="2026-09-05T10:56:42.6262911-06:00" endTime="2026-09-05T10:56:42.6262911-06:00" testType="13cdc9d9-ddb5-4fa4-a97d-d965ccfc6d4b" outcome="Passed" testListId="8c84fa94-04c1-424b-9868-57a2d4851a1d" relativeResultsDirectory="8e2de0c1-90e8-4a04-9ddf-3ae33f8dfd72" />
    <UnitTestResult executionId="cb427ca8-578b-4c5b-a666-c5e69f1b10b7" testId="fd6b96fc-f137-f81d-e3d6-36fec8aeb295" testName="LECG.Tests.Services.BatchRenameExecutionServiceTests.BatchRenameProgress_MixedBatch_MaxBeforeDoneEquals100" computerName="DESKTOP-1FAV1F2" duration="00:00:00.0638245" startTime="2026-09-05T10:56:42.6674285-06:00" endTime="2026-09-05T10:56:42.6674286-06:00" testType="13cdc9d9-ddb5-4fa4-a97d-d965ccfc6d4b" outcome="Passed" testListId="8c84fa94-04c1-424b-9868-57a2d4851a1d" relativeResultsDirectory="cb427ca8-578b-4c5b-a666-c5e69f1b10b7" />
[...]
    <TestEntry testId="54707e26-9261-37b5-4419-45bff01fa891" executionId="523e3305-5392-454a-9c68-9e42ddc6d9ff" testListId="8c84fa94-04c1-424b-9868-57a2d4851a1d" />
    <TestEntry testId="12aade5c-1048-da6f-2d66-01f2df3adb91" executionId="b1f7944d-9d98-42aa-88fb-757e1515f94d" testListId="8c84fa94-04c1-424b-9868-57a2d4851a1d" />
    <TestEntry testId="ff42a61f-72a1-4b27-70fc-33ef64050a3d" executionId="d78fff70-8d4d-47e6-a817-7957ab60e558" testListId="8c84fa94-04c1-424b-9868-57a2d4851a1d" />
    <TestEntry testId="266df26b-1574-922b-bb7e-51784f654264" executionId="a75b850f-5b77-481e-8e6f-1fc98a57d60d" testListId="8c84fa94-04c1-424b-9868-57a2d4851a1d" />
    <TestEntry testId="64077202-5415-e09c-fb25-0bd94794e1ea" executionId="659542ab-0ae1-4405-9698-de7014183670" testListId="8c84fa94-04c1-424b-9868-57a2d4851a1d" />
    <TestEntry testId="0f3f5568-f799-a5ff-b29e-ebc87e66918e" executionId="4da6b211-a9a4-453c-af07-fd9a0fac1cda" testListId="8c84fa94-04c1-424b-9868-57a2d4851a1d" />
    <TestEntry testId="78c4fe82-fcab-ff8f-08ba-d56eee6a198d" executionId="26a6ec57-76fc-40c4-abb1-42ecdad0a9b4" testListId="8c84fa94-04c1-424b-9868-57a2d4851a1d" />
    <TestEntry testId="277b7f66-252d-561b-d8f8-6bf34e8ff0c1" executionId="4866de86-8446-49b8-b235-9ef68b8d798e" testListId="8c84fa94-04c1-424b-9868-57a2d4851a1d" />
    <TestEntry testId="b3a2a6f3-3c35-9942-ae73-400812b82b29" executionId="da587230-1afa-40e1-91a0-71ae38033930" testListId="8c84fa94-04c1-424b-9868-57a2d4851a1d" />
    <TestEntry testId="5cf71cd1-3c9f-db2a-4bcd-f4099d193700" executionId="fd8d1398-fdfe-4af3-a820-a557d7fdda76" testListId="8c84fa94-04c1-424b-9868-57a2d4851a1d" />
    <TestEntry testId="f3d391cc-2750-0587-0566-ce51796cdd47" executionId="61baf273-cda6-4b35-84d5-444964c097cb" testListId="8c84fa94-04c1-424b-9868-57a2d4851a1d" />
    <TestEntry testId="120b1547-8fff-c7fd-da23-d01c3196be61" executionId="59e83057-2753-4ca3-9f3a-c46127124f74" testListId="8c84fa94-04c1-424b-9868-57a2d4851a1d" />
    <TestEntry testId="44c4dc6e-4b4f-3926-4433-b8fefc247bba" executionId="a89f9ed9-abc1-4834-be82-e95bd55fd591" testListId="8c84fa94-04c1-424b-9868-57a2d4851a1d" />
    <TestEntry testId="f57b19dd-6036-0ee7-9951-bc958119085f" executionId="3b088c7a-c02b-40d8-a346-eb24930fa690" testListId="8c84fa94-04c1-424b-9868-57a2d4851a1d" />
    <TestEntry testId="78114c73-3a7f-3404-24b8-651af1fe0ec3" executionId="5bcae73d-3a7a-4c6e-9061-b9048b58e364" testListId="8c84fa94-04c1-424b-9868-57a2d4851a1d" />
    <TestEntry testId="806c1dd4-dbec-8292-cbc7-e2983f3f3b06" executionId="a99f339f-18a5-4300-b730-dd03a80fad79" testListId="8c84fa94-04c1-424b-9868-57a2d4851a1d" />
    <TestEntry testId="11e4f0f0-567e-9f68-708c-4061748c1ebb" executionId="5a9e2a04-109c-4bd6-a78b-d7ff27e56aea" testListId="8c84fa94-04c1-424b-9868-57a2d4851a1d" />
    <TestEntry testId="636c5fd2-3e17-2f7e-7742-c7360ceec6d5" executionId="6d01e91b-7e6f-4092-b126-0ed6603d448c" testListId="8c84fa94-04c1-424b-9868-57a2d4851a1d" />
    <TestEntry testId="67aaadd7-5381-a34d-55e0-fb81e796cabb" executionId="d8510ed6-c749-49d6-9f62-5d20cfd81cab" testListId="8c84fa94-04c1-424b-9868-57a2d4851a1d" />
    <TestEntry testId="b71ba84a-2738-d9bc-c146-dbcbeab45fb9" executionId="ac595487-8ca9-4e16-aad7-82adfd34cde6" testListId="8c84fa94-04c1-424b-9868-57a2d4851a1d" />
    <TestEntry testId="767db633-94bd-8021-ab88-f144a65a63aa" executionId="3d790018-1195-4010-a645-f491f253ed4d" testListId="8c84fa94-04c1-424b-9868-57a2d4851a1d" />
    <TestEntry testId="c8f61f1a-86c6-3042-d6bb-984788ff0e18" executionId="0ebc935a-f4cf-436f-a194-529c63f920ff" testListId="8c84fa94-04c1-424b-9868-57a2d4851a1d" />
    <TestEntry testId="565556e4-b0ff-bcb9-7833-ad354d38f5f9" executionId="07bcf418-9600-4763-a9ba-abe0a679ac04" testListId="8c84fa94-04c1-424b-9868-57a2d4851a1d" />
    <TestEntry testId="e4781475-a307-bc72-5fa9-921eeb651a1b" executionId="d43210b7-3a0a-493d-b955-cf4856e8a5ed" testListId="8c84fa94-04c1-424b-9868-57a2d4851a1d" />
    <TestEntry testId="50818501-6ea8-5521-11a8-414954b1a9ea" executionId="e978c9f7-eea9-43e6-8084-308c6a53bf4d" testListId="8c84fa94-04c1-424b-9868-57a2d4851a1d" />
    <TestEntry testId="c4d78c47-673a-1a24-ace1-4c6489edc4f0" executionId="226ddc6e-94cd-4d2e-8e8b-dd95d5f9dc04" testListId="8c84fa94-04c1-424b-9868-57a2d4851a1d" />
    <TestEntry testId="aa2cbd46-3a1f-9def-d569-9bdc1c02790a" executionId="761fc3a7-0140-4f2f-a3ca-15cdc574f79d" testListId="8c84fa94-04c1-424b-9868-57a2d4851a1d" />
    <TestEntry testId="6cc60d04-b7a5-9164-92b8-47e00329c54f" executionId="5ec2601f-0931-410f-9ed7-1ee28e8a32da" testListId="8c84fa94-04c1-424b-9868-57a2d4851a1d" />
    <TestEntry testId="131e8d8f-3d4e-bd2a-18f5-816e7abe1b51" executionId="eefe71c8-c4f7-4189-8b95-46e8eb48cad4" testListId="8c84fa94-04c1-424b-9868-57a2d4851a1d" />
    <TestEntry testId="e468eed3-674b-048f-817c-4193ff8b7704" executionId="91d39af0-9920-4d6e-b519-a58bf4ce0f65" testListId="8c84fa94-04c1-424b-9868-57a2d4851a1d" />
    <TestEntry testId="7e6fb0f2-9a0e-4ca1-d39e-d1c50c7169bc" executionId="e2d6271b-fc3d-4767-8d73-301d91e30840" testListId="8c84fa94-04c1-424b-9868-57a2d4851a1d" />
    <TestEntry testId="133b3d42-1a79-49bd-06c5-45e0876f32c5" executionId="9a47da60-95b5-440d-bd9e-3801ff14028e" testListId="8c84fa94-04c1-424b-9868-57a2d4851a1d" />
    <TestEntry testId="3f6b52cb-9a8b-4ebb-ab09-5740f3cfe6b6" executionId="84164a85-5980-477d-b3bd-6ff59eba5ca9" testListId="8c84fa94-04c1-424b-9868-57a2d4851a1d" />
    <TestEntry testId="9b478bc4-9fff-a605-2b97-6e01554cefe3" executionId="45603348-0a61-4f3d-b949-e232eed8bf11" testListId="8c84fa94-04c1-424b-9868-57a2d4851a1d" />
    <TestEntry testId="b82aee80-7ded-49b4-7675-dd2573049827" executionId="45b1e471-002d-4b04-b7de-4b9a96d1c068" testListId="8c84fa94-04c1-424b-9868-57a2d4851a1d" />
    <TestEntry testId="c5bf0d15-65e9-b7e6-880b-bead02ed5fba" executionId="8ecd30fd-9462-43a0-a34b-fe4f451c4149" testListId="8c84fa94-04c1-424b-9868-57a2d4851a1d" />
    <TestEntry testId="ded1211c-c04a-a711-dcc9-e54218008454" executionId="fa73df44-e3a5-43e8-a7c8-e1f384e503e1" testListId="8c84fa94-04c1-424b-9868-57a2d4851a1d" />
    <TestEntry testId="f8921741-96d3-417b-befc-902be469b58f" executionId="1816ee2c-679c-45e9-b459-99ef3eee4f6b" testListId="8c84fa94-04c1-424b-9868-57a2d4851a1d" />
    <TestEntry testId="47177ceb-8c21-eb64-7d0f-4ce0ae781b0f" executionId="7d1856bc-4b74-4ea0-a5d7-1d9cbd362d94" testListId="8c84fa94-04c1-424b-9868-57a2d4851a1d" />
    <TestEntry testId="7c6cab87-c628-d910-1a35-12e84de60014" executionId="bed542da-a1a2-42d5-bc2e-a3c8f6e3f56a" testListId="8c84fa94-04c1-424b-9868-57a2d4851a1d" />
    <TestEntry testId="f99f839b-3f01-80d8-78df-138de3021bf3" executionId="a38ff7ac-582d-4361-a490-60d556b6392a" testListId="8c84fa94-04c1-424b-9868-57a2d4851a1d" />
    <TestEntry testId="b8c612d7-b1bd-59bf-c4d1-1957a7dd3791" executionId="36070361-e206-40fc-bc65-7773b2f50b20" testListId="8c84fa94-04c1-424b-9868-57a2d4851a1d" />
    <TestEntry testId="9d132f27-bc8f-6d93-574c-4bde82e468de" executionId="6263cb4e-431f-4923-b598-4071d2a1df99" testListId="8c84fa94-04c1-424b-9868-57a2d4851a1d" />
    <TestEntry testId="7489c727-d04f-4619-cf26-b7e5a0fbc4ef" executionId="927e5d8c-cf73-42c5-9157-3ae2d6a9f248" testListId="8c84fa94-04c1-424b-9868-57a2d4851a1d" />
    <TestEntry testId="7cdc00d9-a01e-264d-aa9a-507240013b5b" executionId="3bb6f101-779a-4124-bd99-698f69a050a8" testListId="8c84fa94-04c1-424b-9868-57a2d4851a1d" />
    <TestEntry testId="f0b1df94-60d5-0e5e-3c76-7aaf05564906" executionId="dd85fa94-c813-40a0-a031-f31fc2df8805" testListId="8c84fa94-04c1-424b-9868-57a2d4851a1d" />
    <TestEntry testId="4018961e-c1be-4f15-b4e4-bd0d64b0210b" executionId="9262c154-3ecc-46a3-a103-99e613125596" testListId="8c84fa94-04c1-424b-9868-57a2d4851a1d" />
    <TestEntry testId="17386119-d232-ae0d-2c00-38d342d89a54" executionId="c6202a93-c330-4d45-928d-d0556030210e" testListId="8c84fa94-04c1-424b-9868-57a2d4851a1d" />
    <TestEntry testId="ee58760e-1dec-3211-6527-e79590eb9d09" executionId="0bcf8b70-b5a1-40a4-a466-c8fc3a5d3c88" testListId="8c84fa94-04c1-424b-9868-57a2d4851a1d" />
    <TestEntry testId="fc64f61a-e67b-d57c-5296-8f8a548cb225" executionId="24dabf4d-1256-4524-ac14-92fcbb1e7541" testListId="8c84fa94-04c1-424b-9868-57a2d4851a1d" />
    <TestEntry testId="b728af6b-751f-1aa0-b474-731d7abc765d" executionId="68884610-7a8d-42de-87c5-c5a6fe8d7817" testListId="8c84fa94-04c1-424b-9868-57a2d4851a1d" />
    <TestEntry testId="ff6250c2-4639-fa21-20d3-e04384d5c332" executionId="970da5f2-ca6e-4eea-b270-9ff70ad72cfb" testListId="8c84fa94-04c1-424b-9868-57a2d4851a1d" />
    <TestEntry testId="d0bb0b8f-6884-d237-ea14-9f2260cf84e1" executionId="bdc4fc7a-9222-440f-98d7-a2dd1b54ebbd" testListId="8c84fa94-04c1-424b-9868-57a2d4851a1d" />
    <TestEntry testId="be7fefd7-0bb7-ab8a-3394-1bded9da8e4e" executionId="2790b8c4-69f3-4788-bbb2-89a55f70d887" testListId="8c84fa94-04c1-424b-9868-57a2d4851a1d" />
    <TestEntry testId="12411b63-552e-184c-8a69-50d48c472d5a" executionId="cfaa78c8-a5ff-42c4-b399-509df0fc7a7e" testListId="8c84fa94-04c1-424b-9868-57a2d4851a1d" />
    <TestEntry testId="e29010fd-963a-3186-489b-738cefe5c03c" executionId="7368a246-394b-4f20-8042-f5ea72efc43c" testListId="8c84fa94-04c1-424b-9868-57a2d4851a1d" />
    <TestEntry testId="6c25a6b7-ba2f-99e6-3394-14061b481136" executionId="9e90f8ce-129b-449d-b9fa-60f0171b6c62" testListId="8c84fa94-04c1-424b-9868-57a2d4851a1d" />
    <TestEntry testId="2a7ef171-6fed-33bf-7ef3-cee87e1b9590" executionId="0c50f29e-7cbb-4155-9cdc-20591aa3c714" testListId="8c84fa94-04c1-424b-9868-57a2d4851a1d" />
    <TestEntry testId="8a767f9e-d3d3-fe41-94ee-e4374d4ce540" executionId="ce8670a3-aba2-4837-9ac4-e855d13231c4" testListId="8c84fa94-04c1-424b-9868-57a2d4851a1d" />
    <TestEntry testId="935d7ca4-095b-2a55-c8de-1a4608cbd8aa" executionId="1e91e065-7fe4-4a9e-a99c-74056e2eed60" testListId="8c84fa94-04c1-424b-9868-57a2d4851a1d" />
    <TestEntry testId="c07b9a7e-644e-0882-6945-f4f65892a036" executionId="864a9d99-7ae2-41e0-a3ae-14d0af0b4ca7" testListId="8c84fa94-04c1-424b-9868-57a2d4851a1d" />
    <TestEntry testId="563e8c25-888d-4148-557a-901fc4832afe" executionId="9626f226-eadc-4681-b8f9-f1dcbd9836eb" testListId="8c84fa94-04c1-424b-9868-57a2d4851a1d" />
    <TestEntry testId="3f83da26-43f2-fcb6-7765-5b469f936462" executionId="6ffc9900-3339-44c8-b335-324ca81f800b" testListId="8c84fa94-04c1-424b-9868-57a2d4851a1d" />
    <TestEntry testId="7c467bf9-74de-3ae2-d535-645905103f27" executionId="cd8e6d45-806d-4d50-96aa-d1703f2febeb" testListId="8c84fa94-04c1-424b-9868-57a2d4851a1d" />
    <TestEntry testId="2cf1845d-6702-6403-d4b9-92a536a02166" executionId="a562f8f2-9b42-447c-a3c9-1e285bbefd92" testListId="8c84fa94-04c1-424b-9868-57a2d4851a1d" />
    <TestEntry testId="de106f54-ab6e-a2d3-4970-d1e624cae9b5" executionId="8c715c4e-d1c8-4f28-a9a1-ba6ab5356761" testListId="8c84fa94-04c1-424b-9868-57a2d4851a1d" />
    <TestEntry testId="35baaffc-1f96-3db5-88ba-c4b6c41bbba2" executionId="e4701b4c-283a-4600-9fe5-c056ef4ff292" testListId="8c84fa94-04c1-424b-9868-57a2d4851a1d" />
    <TestEntry testId="f4be0f2d-e788-f973-78fc-b7a2fa824be0" executionId="83861c12-5302-4463-95a4-2522a73c005a" testListId="8c84fa94-04c1-424b-9868-57a2d4851a1d" />
    <TestEntry testId="8f463bf3-cad6-e3f1-099f-7df8264dcd91" executionId="6bc22a8c-fd2f-48ad-844f-27611a5a5775" testListId="8c84fa94-04c1-424b-9868-57a2d4851a1d" />
    <TestEntry testId="4cf9e02c-2e1d-3366-3f07-2f091659e7e4" executionId="d15a7b14-eb16-4498-b1c7-17be4cf55483" testListId="8c84fa94-04c1-424b-9868-57a2d4851a1d" />
    <TestEntry testId="f1a59245-7aa0-6759-aa69-ca84188aeee3" executionId="d2e3dc57-ad40-4141-aa75-014dc9f1fd97" testListId="8c84fa94-04c1-424b-9868-57a2d4851a1d" />
    <TestEntry testId="8653c12c-c082-a0ef-7e5d-43f003748b6b" executionId="7a72d68a-5780-4197-abd0-9a7a6807be3c" testListId="8c84fa94-04c1-424b-9868-57a2d4851a1d" />
    <TestEntry testId="38a6e20a-3e71-314e-8f4d-e1541e705f97" executionId="fe82ae73-7407-4b85-99ba-316aec0c8704" testListId="8c84fa94-04c1-424b-9868-57a2d4851a1d" />
    <TestEntry testId="05cac12f-154e-49c1-eac7-95122ef6f20c" executionId="9d92ac8f-8317-4c95-a0c1-660d595928ae" testListId="8c84fa94-04c1-424b-9868-57a2d4851a1d" />
    <TestEntry testId="440dba15-c338-4fd8-90a4-b23af54fd0f5" executionId="f625546e-9fd9-4005-a37a-9570cc9f1019" testListId="8c84fa94-04c1-424b-9868-57a2d4851a1d" />
    <TestEntry testId="ae8f30a0-5531-9709-4169-030716fb8108" executionId="18b9ff40-5293-46e4-9a29-a7133c6d6369" testListId="8c84fa94-04c1-424b-9868-57a2d4851a1d" />
    <TestEntry testId="6f113b5e-8cd6-0439-8341-d29881983be3" executionId="7a43c3cf-116e-4415-89bc-b7aafbec1a10" testListId="8c84fa94-04c1-424b-9868-57a2d4851a1d" />
    <TestEntry testId="35e84190-8b6a-4356-6c54-e655338e4a96" executionId="de9fa97f-d648-4e59-bfd0-e7f0aabf7da5" testListId="8c84fa94-04c1-424b-9868-57a2d4851a1d" />
    <TestEntry testId="9ae46c04-d2b0-718e-0ee4-43586ea8553e" executionId="8f0051e6-3e17-46ea-9e46-c3ad5deeec2a" testListId="8c84fa94-04c1-424b-9868-57a2d4851a1d" />
    <TestEntry testId="b97b299e-cf83-ab65-b4d4-dcfbfcd42711" executionId="32c35d48-09f7-448e-9d86-3dd2cda8fe7b" testListId="8c84fa94-04c1-424b-9868-57a2d4851a1d" />
    <TestEntry testId="2e9247f2-5efc-42b7-d5d0-29d547c3b4dc" executionId="bce8b402-de2c-4907-854e-69f7d2cb2fdf" testListId="8c84fa94-04c1-424b-9868-57a2d4851a1d" />
    <TestEntry testId="150f4d1f-a676-7dbb-5fc7-c1f15968857b" executionId="19ca89fe-08eb-4e73-baf9-ae388c4d1686" testListId="8c84fa94-04c1-424b-9868-57a2d4851a1d" />
    <TestEntry testId="c357a654-877f-0964-d3e9-c9d93d68ee83" executionId="125e58fb-40f4-4e59-83de-d77a76437d92" testListId="8c84fa94-04c1-424b-9868-57a2d4851a1d" />
    <TestEntry testId="7e2bb73f-92a6-5dc6-ab1c-a79be1e70549" executionId="b302d8da-ad74-45de-b7fb-d7f0c0caafce" testListId="8c84fa94-04c1-424b-9868-57a2d4851a1d" />
    <TestEntry testId="337c92b3-5137-20be-afc7-22e86233fcca" executionId="e571e049-031a-4115-9a21-46edc3fb8561" testListId="8c84fa94-04c1-424b-9868-57a2d4851a1d" />
    <TestEntry testId="3fc71dbe-fe53-267c-2719-3c9c3aae2ca1" executionId="5f5b910b-9081-48e9-9063-a14547e56b85" testListId="8c84fa94-04c1-424b-9868-57a2d4851a1d" />
    <TestEntry testId="c2553805-264b-75a1-4148-44772dcb296d" executionId="3ca3a85d-7bab-45bf-a90e-b4af481eb0f2" testListId="8c84fa94-04c1-424b-9868-57a2d4851a1d" />
    <TestEntry testId="bd217c61-a3bc-819f-27be-d2bb456e54e8" executionId="7e916e7b-0edf-447a-8a33-ee8c8a8f57c3" testListId="8c84fa94-04c1-424b-9868-57a2d4851a1d" />
    <TestEntry testId="90428ffc-ab90-4a7a-7b43-c0d4f6032f41" executionId="a1d79bbd-449b-45aa-aa82-460add7ad8ca" testListId="8c84fa94-04c1-424b-9868-57a2d4851a1d" />
    <TestEntry testId="7eca6d87-d1ac-51d8-bfcb-78ed6b3c4915" executionId="bae9931d-c7d7-4ce7-b47d-700b67e4106d" testListId="8c84fa94-04c1-424b-9868-57a2d4851a1d" />
    <TestEntry testId="f60b3c18-47ca-b452-e031-fa39241271f7" executionId="4160c57c-81b5-4eba-9ab2-18e21045ba25" testListId="8c84fa94-04c1-424b-9868-57a2d4851a1d" />
    <TestEntry testId="a78690ce-749f-0bac-dff1-5cf57f2851b5" executionId="d284baf8-32ca-44ef-89a8-b70825b8b0fb" testListId="8c84fa94-04c1-424b-9868-57a2d4851a1d" />
    <TestEntry testId="17ce312b-1eb9-1b61-cde2-b0c684feb56d" executionId="6eefa0eb-261e-4ed1-9eb6-648b9e12caa5" testListId="8c84fa94-04c1-424b-9868-57a2d4851a1d" />
    <TestEntry testId="e1b8c151-f0ec-3be8-966f-21da123443ad" executionId="fbf01ec5-1893-4847-9cab-07a493098eeb" testListId="8c84fa94-04c1-424b-9868-57a2d4851a1d" />
    <TestEntry testId="4f15d019-b47e-f6f5-97cb-c95a7394b6e3" executionId="bdb16427-7876-4b8d-ba26-b000cc2cd450" testListId="8c84fa94-04c1-424b-9868-57a2d4851a1d" />
    <TestEntry testId="d92fa2c5-04c3-167b-0998-272201b60f9a" executionId="e07c365c-9282-49d4-a934-3c23eb6e3105" testListId="8c84fa94-04c1-424b-9868-57a2d4851a1d" />
    <TestEntry testId="d327a610-117f-41ff-f387-ae59463b136c" executionId="355b0f6f-0a4e-49ee-b130-2891cad9acfb" testListId="8c84fa94-04c1-424b-9868-57a2d4851a1d" />
    <TestEntry testId="059fb381-ad7b-e977-a973-05c68fc4198d" executionId="16a3785a-4800-46bd-8e21-0c19e1be556f" testListId="8c84fa94-04c1-424b-9868-57a2d4851a1d" />
  </TestEntries>
  <TestLists>
    <TestList name="Results Not in a List" id="8c84fa94-04c1-424b-9868-57a2d4851a1d" />
    <TestList name="All Loaded Results" id="19431567-8539-422a-85d7-44ee4e166bda" />
  </TestLists>
  <ResultSummary outcome="Completed">
    <Counters total="275" executed="270" passed="270" failed="0" error="0" timeout="0" aborted="0" inconclusive="0" passedButRunAborted="0" notRunnable="0" notExecuted="0" disconnected="0" warning="0" completed="0" inProgress="0" pending="0" />
    <Output>
      <StdOut>[xUnit.net 00:00:00.00] xUnit.net VSTest Adapter v2.5.6+bf9b858c26 (64-bit .NET 8.0.21)&#xD;
[xUnit.net 00:00:00.35]   Discovering: LECG.Tests&#xD;
[xUnit.net 00:00:00.39]   Discovered:  LECG.Tests&#xD;
[xUnit.net 00:00:00.39]   Starting:    LECG.Tests&#xD;
[xUnit.net 00:00:00.64]       Revit FilteredElementCollector path — covered by manual Revit verification in 05-VERIFICATION.md&#xD;
Test 'LECG.Tests.Services.BaseElementCollectionServiceTests.CollectByScope_TypesPath_ProducesRowPerType' was skipped in the test run.&#xD;
[xUnit.net 00:00:00.65]       Revit GraphicsStyle path — covered by manual Revit verification in 05-VERIFICATION.md&#xD;
Test 'LECG.Tests.Services.BaseElementCollectionServiceTests.CollectByScope_GraphicsStyleNullCategory_ProducesFallbackRow' was skipped in the test run.&#xD;
[xUnit.net 00:00:00.65]       Document-parametered method — RevitAPI native deps unavailable in xUnit runner; see 05-VERIFICATION.md&#xD;
Test 'LECG.Tests.Services.SearchReplaceServiceTests.ExecuteBatchRename_ProgressReporterOverload_DelegatesToExecutionService' was skipped in the test run.&#xD;
[xUnit.net 00:00:00.66]       Document-parametered method — RevitAPI native deps unavailable in xUnit runner; see 05-VERIFICATION.md&#xD;
Test 'LECG.Tests.Services.SearchReplaceServiceTests.CollectBaseElements_DelegatesToBaseElementCollectionService' was skipped in the test run.&#xD;
[xUnit.net 00:00:00.69]       Document-parametered method — RevitAPI native deps unavailable in xUnit runner; see 05-VERIFICATION.md&#xD;
Test 'LECG.Tests.Services.SearchReplaceServiceTests.ExecuteBatchRename_ActionCallbackOverload_DelegatesToExecutionService' was skipped in the test run.&#xD;
[xUnit.net 00:00:00.76]   Finished:    LECG.Tests&#xD;
</StdOut>
    </Output>
    <RunInfos>
      <RunInfo computerName="DESKTOP-1FAV1F2" outcome="Warning" timestamp="2026-09-05T10:56:42.6247635-06:00">
        <Text>[xUnit.net 00:00:00.64]     LECG.Tests.Services.BaseElementCollectionServiceTests.CollectByScope_TypesPath_ProducesRowPerType [SKIP]</Text>
      </RunInfo>
      <RunInfo computerName="DESKTOP-1FAV1F2" outcome="Warning" timestamp="2026-09-05T10:56:42.6273124-06:00">
        <Text>[xUnit.net 00:00:00.65]     LECG.Tests.Services.BaseElementCollectionServiceTests.CollectByScope_GraphicsStyleNullCategory_ProducesFallbackRow [SKIP]</Text>
      </RunInfo>
      <RunInfo computerName="DESKTOP-1FAV1F2" outcome="Warning" timestamp="2026-09-05T10:56:42.6300498-06:00">
        <Text>[xUnit.net 00:00:00.65]     LECG.Tests.Services.SearchReplaceServiceTests.ExecuteBatchRename_ProgressReporterOverload_DelegatesToExecutionService [SKIP]</Text>
      </RunInfo>
      <RunInfo computerName="DESKTOP-1FAV1F2" outcome="Warning" timestamp="2026-09-05T10:56:42.6321417-06:00">
        <Text>[xUnit.net 00:00:00.66]     LECG.Tests.Services.SearchReplaceServiceTests.CollectBaseElements_DelegatesToBaseElementCollectionService [SKIP]</Text>
      </RunInfo>
      <RunInfo computerName="DESKTOP-1FAV1F2" outcome="Warning" timestamp="2026-09-05T10:56:42.6677827-06:00">
        <Text>[xUnit.net 00:00:00.69]     LECG.Tests.Services.SearchReplaceServiceTests.ExecuteBatchRename_ActionCallbackOverload_DelegatesToExecutionService [SKIP]</Text>
      </RunInfo>
    </RunInfos>
  </ResultSummary>
</TestRun>